Generated on 2026-03-05 13:51:31 by gEcon ver. 1.2.3 (2025-04-13)
http://gecon.r-forge.r-project.org/

Model name: cge_calib_chile_2008_simpl3sect

Index sets (2):
    P = { 'Manu', 'Prim', 'Serv' }
    P_SP = { 'Manu', 'Serv' }

Block: CONSUMER
 Definitions:
    u = (SUM<p::P> alpha<p> * D<p>^(omega^-1 * (-1 + omega)))^(omega * (-1 + omega)^-1)
 Controls:
    <p::P> D<p>
 Objective:
    U = (SUM<p::P> alpha<p> * D<p>^(omega^-1 * (-1 + omega)))^(omega * (-1 + omega)^-1)
 Constraints:
    -CONT_SOC + INC - SAV - SUM<p::P> p<p> * D<p> * (1 + vat<p>) = 0    (lambda__CONSUMER_1)
 Identities:
    BTINC - INC - pit * PIT_base = 0
    -BTINC + PREST_SOC + TR_EMP + TR_GOV + p_k * K_h + w * L_h = 0
    -PIT_base + p_k * K_h + w * L_h = 0
    -K_h + k_total_data * par_k_h = 0
    l_total_data - L_h = 0
    -SAV + por_sav * INC = 0
    -CONT_SOC + por_cont * INC = 0
    -TR_EMP + por_tremp * ING_F = 0
    -TR_GOV + por_trgov * ING_GOB = 0
    -PREST_SOC + PREST_SOC_F + PREST_SOC_G = 0
 First order conditions:
    <p::P> alpha<p> * D<p>^(-1 + omega^-1 * (-1 + omega)) * (SUM<p::P> alpha<p> * D<p>^(omega^-1 * (-1 + omega)))^(-1 + omega * (-1 + omega)^-1) - lambda__CONSUMER_1 * p<p> * (1 + vat<p>) = 0    (<p::P> D<p>)

Block: <p::P> PRODUCTION
 Controls:
    Y<p>, K<p>, L<p>
 Objective:
    pi<p> = -p_k * K<p> + p<p> * Y<p> - w * L<p>
 Constraints:
    -Y<p> + gamma<p> * K<p>^beta_k<p> * L<p>^beta_l<p> = 0    (lambda__PRODUCTION_1<p>)
 First order conditions:
    -lambda__PRODUCTION_1<p> + p<p> = 0    (Y<p>)
    -p_k + beta_k<p> * gamma<p> * lambda__PRODUCTION_1<p> * K<p>^(-1 + beta_k<p>) * L<p>^beta_l<p> = 0    (K<p>)
    -w + beta_l<p> * gamma<p> * lambda__PRODUCTION_1<p> * K<p>^beta_k<p> * L<p>^(-1 + beta_l<p>) = 0    (L<p>)
 First order conditions after reduction:
    -p_k + beta_k<p> * gamma<p> * p<p> * K<p>^(-1 + beta_k<p>) * L<p>^beta_l<p> = 0    (K<p>)
    -w + beta_l<p> * gamma<p> * p<p> * K<p>^beta_k<p> * L<p>^(-1 + beta_l<p>) = 0    (L<p>)

Block: <p::P> PRODUCTS
 Identities:
    D<p> + GG<p> + I<p> - Y<p> = 0

Block: FIRM
 Identities:
    CONT_SOC_F - ING_F + p_k * K_f = 0
    ING_F - PREST_SOC_F - SAV_F - TR_EMP - fit * p_k * K_f = 0
    -K_f + k_total_data * par_k_f = 0
    -CONT_SOC_F + por_cont_soc_f * CONT_SOC = 0
    -PREST_SOC_F + por_pres_soc_f * ING_F = 0

Block: GOB
 Identities:
    CONT_SOC_G - ING_GOB + TOTAL_TAX + p_k * K_g = 0
    -GTO_G + PREST_SOC_G + SAV_G + TR_GOV + SUM<p::P> p<p> * GG<p> * (1 + vat<p>) = 0
    GTO_G - ING_GOB = 0
    -PREST_SOC_G + por_pres_soc_g * ING_GOB = 0
    -K_g + k_total_data * par_k_g = 0
    -CONT_SOC_G + por_cont_soc_g * CONT_SOC = 0
    -VAT + SUM<p::P> vat<p> * p<p> * (D<p> + GG<p> + I<p>) = 0
    -PI_TAX + pit * PIT_base = 0
    -FIRM_TAX + fit * p_k * K_f = 0
    FIRM_TAX + PI_TAX - TOTAL_TAX + VAT = 0
    <p::P> gg_market_data<p> - p<p> * GG<p> * (1 + vat<p>) = 0

Block: EQUILIBRIUM
 Identities:
    L_h - SUM<p::P> L<p> = 0
    K_h + K_f + K_g - SUM<p::P> K<p> = 0
    SAV + SAV_F + SAV_G + WALRAS - SUM<p::P> p<p> * I<p> * (1 + vat<p>) = 0
    <p::P_SP> por_inv<p> * I<'Prim'> - por_inv<'Prim'> * I<p> = 0
    1 - p_k = 0

Variables (54):
    lambda__CONSUMER_1, p_k, w, BTINC, CONT_SOC, CONT_SOC_F, CONT_SOC_G, FIRM_TAX, GTO_G, INC, ING_F, ING_GOB, K_h, K_f, K_g, L_h, PIT_base, PI_TAX, PREST_SOC, PREST_SOC_F, PREST_SOC_G, SAV, SAV_F, SAV_G, TOTAL_TAX, TR_EMP, TR_GOV, U, VAT, WALRAS, p<'Manu'>, p<'Prim'>, p<'Serv'>, pi<'Manu'>, pi<'Prim'>, pi<'Serv'>, D<'Manu'>, D<'Prim'>, D<'Serv'>, GG<'Manu'>, GG<'Prim'>, GG<'Serv'>, I<'Manu'>, I<'Prim'>, I<'Serv'>, K<'Manu'>, K<'Prim'>, K<'Serv'>, L<'Manu'>, L<'Prim'>, L<'Serv'>, Y<'Manu'>, Y<'Prim'>, Y<'Serv'>

Parameters (46):
    fit, k_total_data, l_total_data, omega, par_k_h, par_k_f, par_k_g, pit, pit_data, por_sav, por_cont, por_tremp, por_trgov, por_cont_soc_f, por_pres_soc_f, por_pres_soc_g, por_cont_soc_g, alpha<'Manu'>, alpha<'Prim'>, alpha<'Serv'>, beta_k<'Manu'>, beta_k<'Prim'>, beta_k<'Serv'>, beta_l<'Manu'>, beta_l<'Prim'>, beta_l<'Serv'>, d_data<'Manu'>, d_data<'Serv'>, gamma<'Manu'>, gamma<'Prim'>, gamma<'Serv'>, gg_market_data<'Manu'>, gg_market_data<'Prim'>, gg_market_data<'Serv'>, l_data<'Manu'>, l_data<'Prim'>, l_data<'Serv'>, por_inv<'Manu'>, por_inv<'Prim'>, por_inv<'Serv'>, vat<'Manu'>, vat<'Prim'>, vat<'Serv'>, y_data<'Manu'>, y_data<'Prim'>, y_data<'Serv'>

Free parameters (33):
    fit, k_total_data, l_total_data, omega, par_k_h, par_k_f, par_k_g, pit_data, por_sav, por_cont, por_tremp, por_trgov, por_cont_soc_f, por_pres_soc_f, por_pres_soc_g, por_cont_soc_g, d_data<'Manu'>, d_data<'Serv'>, gg_market_data<'Manu'>, gg_market_data<'Prim'>, gg_market_data<'Serv'>, l_data<'Manu'>, l_data<'Prim'>, l_data<'Serv'>, por_inv<'Manu'>, por_inv<'Prim'>, por_inv<'Serv'>, vat<'Manu'>, vat<'Prim'>, vat<'Serv'>, y_data<'Manu'>, y_data<'Prim'>, y_data<'Serv'>

Calibrated parameters (13):
    pit, alpha<'Manu'>, alpha<'Prim'>, alpha<'Serv'>, beta_k<'Manu'>, beta_k<'Prim'>, beta_k<'Serv'>, beta_l<'Manu'>, beta_l<'Prim'>, beta_l<'Serv'>, gamma<'Manu'>, gamma<'Prim'>, gamma<'Serv'>

Equations (54):
 (1)  1 - p_k = 0
 (2)  l_total_data - L_h = 0
 (3)  gg_market_data<'Manu'> - p<'Manu'> * GG<'Manu'> * (1 + vat<'Manu'>) = 0
 (4)  gg_market_data<'Prim'> - p<'Prim'> * GG<'Prim'> * (1 + vat<'Prim'>) = 0
 (5)  gg_market_data<'Serv'> - p<'Serv'> * GG<'Serv'> * (1 + vat<'Serv'>) = 0
 (6)  -p_k + beta_k<'Manu'> * gamma<'Manu'> * p<'Manu'> * K<'Manu'>^(-1 + beta_k<'Manu'>) * L<'Manu'>^beta_l<'Manu'> = 0
 (7)  -p_k + beta_k<'Prim'> * gamma<'Prim'> * p<'Prim'> * K<'Prim'>^(-1 + beta_k<'Prim'>) * L<'Prim'>^beta_l<'Prim'> = 0
 (8)  -p_k + beta_k<'Serv'> * gamma<'Serv'> * p<'Serv'> * K<'Serv'>^(-1 + beta_k<'Serv'>) * L<'Serv'>^beta_l<'Serv'> = 0
 (9)  -w + beta_l<'Manu'> * gamma<'Manu'> * p<'Manu'> * K<'Manu'>^beta_k<'Manu'> * L<'Manu'>^(-1 + beta_l<'Manu'>) = 0
 (10)  -w + beta_l<'Prim'> * gamma<'Prim'> * p<'Prim'> * K<'Prim'>^beta_k<'Prim'> * L<'Prim'>^(-1 + beta_l<'Prim'>) = 0
 (11)  -w + beta_l<'Serv'> * gamma<'Serv'> * p<'Serv'> * K<'Serv'>^beta_k<'Serv'> * L<'Serv'>^(-1 + beta_l<'Serv'>) = 0
 (12)  -CONT_SOC + por_cont * INC = 0
 (13)  -CONT_SOC_F + por_cont_soc_f * CONT_SOC = 0
 (14)  -CONT_SOC_G + por_cont_soc_g * CONT_SOC = 0
 (15)  -FIRM_TAX + fit * p_k * K_f = 0
 (16)  GTO_G - ING_GOB = 0
 (17)  -K_h + k_total_data * par_k_h = 0
 (18)  -K_f + k_total_data * par_k_f = 0
 (19)  -K_g + k_total_data * par_k_g = 0
 (20)  -PI_TAX + pit * PIT_base = 0
 (21)  -PREST_SOC_F + por_pres_soc_f * ING_F = 0
 (22)  -PREST_SOC_G + por_pres_soc_g * ING_GOB = 0
 (23)  -SAV + por_sav * INC = 0
 (24)  -TR_EMP + por_tremp * ING_F = 0
 (25)  -TR_GOV + por_trgov * ING_GOB = 0
 (26)  U - (alpha<'Manu'> * D<'Manu'>^(omega^-1 * (-1 + omega)) + alpha<'Prim'> * D<'Prim'>^(omega^-1 * (-1 + omega)) + alpha<'Serv'> * D<'Serv'>^(omega^-1 * (-1 + omega)))^(omega * (-1 + omega)^-1) = 0
 (27)  -Y<'Manu'> + gamma<'Manu'> * K<'Manu'>^beta_k<'Manu'> * L<'Manu'>^beta_l<'Manu'> = 0
 (28)  -Y<'Prim'> + gamma<'Prim'> * K<'Prim'>^beta_k<'Prim'> * L<'Prim'>^beta_l<'Prim'> = 0
 (29)  -Y<'Serv'> + gamma<'Serv'> * K<'Serv'>^beta_k<'Serv'> * L<'Serv'>^beta_l<'Serv'> = 0
 (30)  por_inv<'Manu'> * I<'Prim'> - por_inv<'Prim'> * I<'Manu'> = 0
 (31)  por_inv<'Serv'> * I<'Prim'> - por_inv<'Prim'> * I<'Serv'> = 0
 (32)  alpha<'Manu'> * D<'Manu'>^(-1 + omega^-1 * (-1 + omega)) * (alpha<'Manu'> * D<'Manu'>^(omega^-1 * (-1 + omega)) + alpha<'Prim'> * D<'Prim'>^(omega^-1 * (-1 + omega)) + alpha<'Serv'> * D<'Serv'>^(omega^-1 * (-1 + omega)))^(-1 + omega * (-1 + omega)^-1) - lambda__CONSUMER_1 * p<'Manu'> * (1 + vat<'Manu'>) = 0
 (33)  alpha<'Prim'> * D<'Prim'>^(-1 + omega^-1 * (-1 + omega)) * (alpha<'Manu'> * D<'Manu'>^(omega^-1 * (-1 + omega)) + alpha<'Prim'> * D<'Prim'>^(omega^-1 * (-1 + omega)) + alpha<'Serv'> * D<'Serv'>^(omega^-1 * (-1 + omega)))^(-1 + omega * (-1 + omega)^-1) - lambda__CONSUMER_1 * p<'Prim'> * (1 + vat<'Prim'>) = 0
 (34)  alpha<'Serv'> * D<'Serv'>^(-1 + omega^-1 * (-1 + omega)) * (alpha<'Manu'> * D<'Manu'>^(omega^-1 * (-1 + omega)) + alpha<'Prim'> * D<'Prim'>^(omega^-1 * (-1 + omega)) + alpha<'Serv'> * D<'Serv'>^(omega^-1 * (-1 + omega)))^(-1 + omega * (-1 + omega)^-1) - lambda__CONSUMER_1 * p<'Serv'> * (1 + vat<'Serv'>) = 0
 (35)  BTINC - INC - pit * PIT_base = 0
 (36)  CONT_SOC_F - ING_F + p_k * K_f = 0
 (37)  -PIT_base + p_k * K_h + w * L_h = 0
 (38)  -PREST_SOC + PREST_SOC_F + PREST_SOC_G = 0
 (39)  CONT_SOC_G - ING_GOB + TOTAL_TAX + p_k * K_g = 0
 (40)  FIRM_TAX + PI_TAX - TOTAL_TAX + VAT = 0
 (41)  L_h - L<'Manu'> - L<'Prim'> - L<'Serv'> = 0
 (42)  -VAT + vat<'Manu'> * p<'Manu'> * (D<'Manu'> + GG<'Manu'> + I<'Manu'>) + vat<'Prim'> * p<'Prim'> * (D<'Prim'> + GG<'Prim'> + I<'Prim'>) + vat<'Serv'> * p<'Serv'> * (D<'Serv'> + GG<'Serv'> + I<'Serv'>) = 0
 (43)  pi<'Manu'> + p_k * K<'Manu'> + w * L<'Manu'> - p<'Manu'> * Y<'Manu'> = 0
 (44)  pi<'Prim'> + p_k * K<'Prim'> + w * L<'Prim'> - p<'Prim'> * Y<'Prim'> = 0
 (45)  pi<'Serv'> + p_k * K<'Serv'> + w * L<'Serv'> - p<'Serv'> * Y<'Serv'> = 0
 (46)  D<'Manu'> + GG<'Manu'> + I<'Manu'> - Y<'Manu'> = 0
 (47)  D<'Prim'> + GG<'Prim'> + I<'Prim'> - Y<'Prim'> = 0
 (48)  D<'Serv'> + GG<'Serv'> + I<'Serv'> - Y<'Serv'> = 0
 (49)  ING_F - PREST_SOC_F - SAV_F - TR_EMP - fit * p_k * K_f = 0
 (50)  -BTINC + PREST_SOC + TR_EMP + TR_GOV + p_k * K_h + w * L_h = 0
 (51)  -CONT_SOC + INC - SAV - p<'Manu'> * D<'Manu'> * (1 + vat<'Manu'>) - p<'Prim'> * D<'Prim'> * (1 + vat<'Prim'>) - p<'Serv'> * D<'Serv'> * (1 + vat<'Serv'>) = 0
 (52)  K_h + K_f + K_g - K<'Manu'> - K<'Prim'> - K<'Serv'> = 0
 (53)  -GTO_G + PREST_SOC_G + SAV_G + TR_GOV + p<'Manu'> * GG<'Manu'> * (1 + vat<'Manu'>) + p<'Prim'> * GG<'Prim'> * (1 + vat<'Prim'>) + p<'Serv'> * GG<'Serv'> * (1 + vat<'Serv'>) = 0
 (54)  SAV + SAV_F + SAV_G + WALRAS - p<'Manu'> * I<'Manu'> * (1 + vat<'Manu'>) - p<'Prim'> * I<'Prim'> * (1 + vat<'Prim'>) - p<'Serv'> * I<'Serv'> * (1 + vat<'Serv'>) = 0

Calibrating equations (13):
 (1)  -pit_data + PI_TAX = 0
 (2)  -d_data<'Manu'> + D<'Manu'> = 0
 (3)  -d_data<'Serv'> + D<'Serv'> = 0
 (4)  -l_data<'Manu'> + L<'Manu'> = 0
 (5)  -l_data<'Prim'> + L<'Prim'> = 0
 (6)  -l_data<'Serv'> + L<'Serv'> = 0
 (7)  -y_data<'Manu'> + Y<'Manu'> = 0
 (8)  -y_data<'Prim'> + Y<'Prim'> = 0
 (9)  -y_data<'Serv'> + Y<'Serv'> = 0
 (10)  -1 + beta_k<'Manu'> + beta_l<'Manu'> = 0
 (11)  -1 + beta_k<'Prim'> + beta_l<'Prim'> = 0
 (12)  -1 + beta_k<'Serv'> + beta_l<'Serv'> = 0
 (13)  -1 + alpha<'Manu'> + alpha<'Prim'> + alpha<'Serv'> = 0

