Generated on 2026-03-06 11:48:47 by gEcon ver. 1.2.3 (2025-04-13)
http://gecon.r-forge.r-project.org/

Model name: cge_calib_chile_2008_simpl3sect2

Index sets (3):
    A = { 'Manu', 'Prim', 'Serv' }
    P = { 'Manu', 'Prim', 'Serv' }
    P_SP = { 'Manu', 'Serv' }

Block: CONSUMER
 Definitions:
    u = (SUM<p::P> alpha<p> * D<p>^(omega^-1 * (-1 + omega)))^(omega * (-1 + omega)^-1)
 Controls:
    <p::P> D<p>
 Objective:
    U = (SUM<p::P> alpha<p> * D<p>^(omega^-1 * (-1 + omega)))^(omega * (-1 + omega)^-1)
 Constraints:
    -CONT_SOC + INC - SAV - SUM<p::P> p<p> * D<p> * (1 + vat<p>) = 0    (lambda__CONSUMER_1)
 Identities:
    BTINC - INC - pit * PIT_base = 0
    -BTINC + PREST_SOC + TR_EMP + TR_GOV + p_k * K_h + w * L_h = 0
    -PIT_base + p_k * K_h + w * L_h = 0
    -K_h + k_total_data * par_k_h = 0
    l_total_data - L_h = 0
    -SAV + por_sav * INC = 0
    -CONT_SOC + por_cont * INC = 0
    -TR_EMP + por_tremp * ING_F = 0
    -TR_GOV + por_trgov * ING_GOB = 0
    -PREST_SOC + PREST_SOC_F + PREST_SOC_G = 0
 First order conditions:
    <p::P> alpha<p> * D<p>^(-1 + omega^-1 * (-1 + omega)) * (SUM<p::P> alpha<p> * D<p>^(omega^-1 * (-1 + omega)))^(-1 + omega * (-1 + omega)^-1) - lambda__CONSUMER_1 * p<p> * (1 + vat<p>) = 0    (<p::P> D<p>)

Block: <a::A> PRODUCTION
 Definitions:
    p_v<a> = SUM<p::P> make_share<a,p> * p<p>
 Controls:
    V<a>, K<a>, L<a>, <pi::P> X<pi,a>
 Objective:
    pi<a> = -p_k * K<a> - w * L<a> + V<a> * (1 - t_prod<a>) * (SUM<p::P> make_share<a,p> * p<p>) - SUM<pi::P> p<pi> * X<pi,a> * (1 + vat<pi>)
 Constraints:
    -V<a> + gamma<a> * K<a>^beta_k<a> * L<a>^beta_l<a> * (PROD<pi::P> X<pi,a>^beta_x<pi,a>) = 0    (lambda__PRODUCTION_1<a>)
 Identities:
    <p::P> -Y_ap<a,p> + make_share<a,p> * V<a> = 0
    -revenue<a> + SUM<p::P> p<p> * Y_ap<a,p> = 0
    -intermediate_vat<a> + SUM<pi::P> vat<pi> * p<pi> * X<pi,a> = 0
 First order conditions:
    -lambda__PRODUCTION_1<a> + (1 - t_prod<a>) * (SUM<p::P> make_share<a,p> * p<p>) = 0    (V<a>)
    -p_k + beta_k<a> * gamma<a> * lambda__PRODUCTION_1<a> * K<a>^(-1 + beta_k<a>) * L<a>^beta_l<a> * (PROD<pi::P> X<pi,a>^beta_x<pi,a>) = 0    (K<a>)
    -w + beta_l<a> * gamma<a> * lambda__PRODUCTION_1<a> * K<a>^beta_k<a> * L<a>^(-1 + beta_l<a>) * (PROD<pi::P> X<pi,a>^beta_x<pi,a>) = 0    (L<a>)
    <pi::P> -p<pi> * (1 + vat<pi>) + beta_x<pi,a> * gamma<a> * lambda__PRODUCTION_1<a> * X<pi,a>^-1 * K<a>^beta_k<a> * L<a>^beta_l<a> * (PROD<pi_::P> X<pi_,a>^beta_x<pi_,a>) = 0    (<pi::P> X<pi,a>)
 First order conditions after reduction:
    -p_k + beta_k<a> * gamma<a> * (1 - t_prod<a>) * K<a>^(-1 + beta_k<a>) * L<a>^beta_l<a> * (SUM<p::P> make_share<a,p> * p<p>) * (PROD<pi::P> X<pi,a>^beta_x<pi,a>) = 0    (K<a>)
    -w + beta_l<a> * gamma<a> * (1 - t_prod<a>) * K<a>^beta_k<a> * L<a>^(-1 + beta_l<a>) * (SUM<p::P> make_share<a,p> * p<p>) * (PROD<pi::P> X<pi,a>^beta_x<pi,a>) = 0    (L<a>)
    <pi::P> -p<pi> * (1 + vat<pi>) + beta_x<pi,a> * gamma<a> * X<pi,a>^-1 * (1 - t_prod<a>) * K<a>^beta_k<a> * L<a>^beta_l<a> * (SUM<p::P> make_share<a,p> * p<p>) * (PROD<pi_::P> X<pi_,a>^beta_x<pi_,a>) = 0    (<pi::P> X<pi,a>)

Block: <p::P> PRODUCTS
 Identities:
    D<p> + GG<p> + I<p> + SUM<a::A> X<p,a> - SUM<a::A> Y_ap<a,p> = 0

Block: FIRM
 Identities:
    CONT_SOC_F - ING_F + p_k * K_f = 0
    ING_F - PREST_SOC_F - SAV_F - TR_EMP - fit * p_k * K_f = 0
    -K_f + k_total_data * par_k_f = 0
    -CONT_SOC_F + por_cont_soc_f * CONT_SOC = 0
    -PREST_SOC_F + por_pres_soc_f * ING_F = 0

Block: GOB
 Identities:
    CONT_SOC_G - ING_GOB + TOTAL_TAX + p_k * K_g = 0
    -GTO_G + PREST_SOC_G + SAV_G + TR_GOV + SUM<p::P> p<p> * GG<p> * (1 + vat<p>) = 0
    GTO_G - ING_GOB = 0
    -PREST_SOC_G + por_pres_soc_g * ING_GOB = 0
    -K_g + k_total_data * par_k_g = 0
    -CONT_SOC_G + por_cont_soc_g * CONT_SOC = 0
    -VAT + SUM<a::A> intermediate_vat<a> + SUM<p::P> vat<p> * p<p> * (D<p> + GG<p> + I<p>) = 0
    -PI_TAX + pit * PIT_base = 0
    -FIRM_TAX + fit * p_k * K_f = 0
    FIRM_TAX + PI_TAX - TOTAL_TAX + VAT + SUM<a::A> t_prod<a> * revenue<a> = 0
    <p::P> gg_market_data<p> - p<p> * GG<p> * (1 + vat<p>) = 0

Block: EQUILIBRIUM
 Identities:
    L_h - SUM<a::A> L<a> = 0
    K_h + K_f + K_g - SUM<a::A> K<a> = 0
    SAV + SAV_F + SAV_G + WALRAS - SUM<p::P> p<p> * I<p> * (1 + vat<p>) = 0
    <p::P_SP> por_inv<p> * I<'Prim'> - por_inv<'Prim'> * I<p> = 0
    1 - p_k = 0

Variables (78):
    lambda__CONSUMER_1, p_k, w, BTINC, CONT_SOC, CONT_SOC_F, CONT_SOC_G, FIRM_TAX, GTO_G, INC, ING_F, ING_GOB, K_h, K_f, K_g, L_h, PIT_base, PI_TAX, PREST_SOC, PREST_SOC_F, PREST_SOC_G, SAV, SAV_F, SAV_G, TOTAL_TAX, TR_EMP, TR_GOV, U, VAT, WALRAS, intermediate_vat<'Manu'>, intermediate_vat<'Prim'>, intermediate_vat<'Serv'>, p<'Manu'>, p<'Prim'>, p<'Serv'>, pi<'Manu'>, pi<'Prim'>, pi<'Serv'>, revenue<'Manu'>, revenue<'Prim'>, revenue<'Serv'>, D<'Manu'>, D<'Prim'>, D<'Serv'>, GG<'Manu'>, GG<'Prim'>, GG<'Serv'>, I<'Manu'>, I<'Prim'>, I<'Serv'>, K<'Manu'>, K<'Prim'>, K<'Serv'>, L<'Manu'>, L<'Prim'>, L<'Serv'>, V<'Manu'>, V<'Prim'>, V<'Serv'>, X<'Manu','Manu'>, X<'Manu','Prim'>, X<'Manu','Serv'>, X<'Prim','Manu'>, X<'Prim','Prim'>, X<'Prim','Serv'>, X<'Serv','Manu'>, X<'Serv','Prim'>, X<'Serv','Serv'>, Y_ap<'Manu','Manu'>, Y_ap<'Manu','Prim'>, Y_ap<'Manu','Serv'>, Y_ap<'Prim','Manu'>, Y_ap<'Prim','Prim'>, Y_ap<'Prim','Serv'>, Y_ap<'Serv','Manu'>, Y_ap<'Serv','Prim'>, Y_ap<'Serv','Serv'>

Parameters (76):
    fit, k_total_data, l_total_data, omega, par_k_h, par_k_f, par_k_g, pit, pit_data, por_sav, por_cont, por_tremp, por_trgov, por_cont_soc_f, por_pres_soc_f, por_pres_soc_g, por_cont_soc_g, alpha<'Manu'>, alpha<'Prim'>, alpha<'Serv'>, beta_k<'Manu'>, beta_k<'Prim'>, beta_k<'Serv'>, beta_l<'Manu'>, beta_l<'Prim'>, beta_l<'Serv'>, beta_x<'Manu','Manu'>, beta_x<'Manu','Prim'>, beta_x<'Manu','Serv'>, beta_x<'Prim','Manu'>, beta_x<'Prim','Prim'>, beta_x<'Prim','Serv'>, beta_x<'Serv','Manu'>, beta_x<'Serv','Prim'>, beta_x<'Serv','Serv'>, d_data<'Manu'>, d_data<'Serv'>, gamma<'Manu'>, gamma<'Prim'>, gamma<'Serv'>, gg_market_data<'Manu'>, gg_market_data<'Prim'>, gg_market_data<'Serv'>, l_data<'Manu'>, l_data<'Prim'>, l_data<'Serv'>, make_share<'Manu','Manu'>, make_share<'Manu','Prim'>, make_share<'Manu','Serv'>, make_share<'Prim','Manu'>, make_share<'Prim','Prim'>, make_share<'Prim','Serv'>, make_share<'Serv','Manu'>, make_share<'Serv','Prim'>, make_share<'Serv','Serv'>, por_inv<'Manu'>, por_inv<'Prim'>, por_inv<'Serv'>, t_prod<'Manu'>, t_prod<'Prim'>, t_prod<'Serv'>, v_data<'Manu'>, v_data<'Prim'>, v_data<'Serv'>, vat<'Manu'>, vat<'Prim'>, vat<'Serv'>, x_data<'Manu','Manu'>, x_data<'Manu','Prim'>, x_data<'Manu','Serv'>, x_data<'Prim','Manu'>, x_data<'Prim','Prim'>, x_data<'Prim','Serv'>, x_data<'Serv','Manu'>, x_data<'Serv','Prim'>, x_data<'Serv','Serv'>

Free parameters (54):
    fit, k_total_data, l_total_data, omega, par_k_h, par_k_f, par_k_g, pit_data, por_sav, por_cont, por_tremp, por_trgov, por_cont_soc_f, por_pres_soc_f, por_pres_soc_g, por_cont_soc_g, d_data<'Manu'>, d_data<'Serv'>, gg_market_data<'Manu'>, gg_market_data<'Prim'>, gg_market_data<'Serv'>, l_data<'Manu'>, l_data<'Prim'>, l_data<'Serv'>, make_share<'Manu','Manu'>, make_share<'Manu','Prim'>, make_share<'Manu','Serv'>, make_share<'Prim','Manu'>, make_share<'Prim','Prim'>, make_share<'Prim','Serv'>, make_share<'Serv','Manu'>, make_share<'Serv','Prim'>, make_share<'Serv','Serv'>, por_inv<'Manu'>, por_inv<'Prim'>, por_inv<'Serv'>, t_prod<'Manu'>, t_prod<'Prim'>, t_prod<'Serv'>, v_data<'Manu'>, v_data<'Prim'>, v_data<'Serv'>, vat<'Manu'>, vat<'Prim'>, vat<'Serv'>, x_data<'Manu','Manu'>, x_data<'Manu','Prim'>, x_data<'Manu','Serv'>, x_data<'Prim','Manu'>, x_data<'Prim','Prim'>, x_data<'Prim','Serv'>, x_data<'Serv','Manu'>, x_data<'Serv','Prim'>, x_data<'Serv','Serv'>

Calibrated parameters (22):
    pit, alpha<'Manu'>, alpha<'Prim'>, alpha<'Serv'>, beta_k<'Manu'>, beta_k<'Prim'>, beta_k<'Serv'>, beta_l<'Manu'>, beta_l<'Prim'>, beta_l<'Serv'>, beta_x<'Manu','Manu'>, beta_x<'Manu','Prim'>, beta_x<'Manu','Serv'>, beta_x<'Prim','Manu'>, beta_x<'Prim','Prim'>, beta_x<'Prim','Serv'>, beta_x<'Serv','Manu'>, beta_x<'Serv','Prim'>, beta_x<'Serv','Serv'>, gamma<'Manu'>, gamma<'Prim'>, gamma<'Serv'>

Equations (78):
 (1)  1 - p_k = 0
 (2)  l_total_data - L_h = 0
 (3)  gg_market_data<'Manu'> - p<'Manu'> * GG<'Manu'> * (1 + vat<'Manu'>) = 0
 (4)  gg_market_data<'Prim'> - p<'Prim'> * GG<'Prim'> * (1 + vat<'Prim'>) = 0
 (5)  gg_market_data<'Serv'> - p<'Serv'> * GG<'Serv'> * (1 + vat<'Serv'>) = 0
 (6)  -p_k + beta_k<'Manu'> * gamma<'Manu'> * (1 - t_prod<'Manu'>) * (make_share<'Manu','Manu'> * p<'Manu'> + make_share<'Manu','Prim'> * p<'Prim'> + make_share<'Manu','Serv'> * p<'Serv'>) * K<'Manu'>^(-1 + beta_k<'Manu'>) * L<'Manu'>^beta_l<'Manu'> * X<'Manu','Manu'>^beta_x<'Manu','Manu'> * X<'Prim','Manu'>^beta_x<'Prim','Manu'> * X<'Serv','Manu'>^beta_x<'Serv','Manu'> = 0
 (7)  -p_k + beta_k<'Prim'> * gamma<'Prim'> * (1 - t_prod<'Prim'>) * (make_share<'Prim','Manu'> * p<'Manu'> + make_share<'Prim','Prim'> * p<'Prim'> + make_share<'Prim','Serv'> * p<'Serv'>) * K<'Prim'>^(-1 + beta_k<'Prim'>) * L<'Prim'>^beta_l<'Prim'> * X<'Manu','Prim'>^beta_x<'Manu','Prim'> * X<'Prim','Prim'>^beta_x<'Prim','Prim'> * X<'Serv','Prim'>^beta_x<'Serv','Prim'> = 0
 (8)  -p_k + beta_k<'Serv'> * gamma<'Serv'> * (1 - t_prod<'Serv'>) * (make_share<'Serv','Manu'> * p<'Manu'> + make_share<'Serv','Prim'> * p<'Prim'> + make_share<'Serv','Serv'> * p<'Serv'>) * K<'Serv'>^(-1 + beta_k<'Serv'>) * L<'Serv'>^beta_l<'Serv'> * X<'Manu','Serv'>^beta_x<'Manu','Serv'> * X<'Prim','Serv'>^beta_x<'Prim','Serv'> * X<'Serv','Serv'>^beta_x<'Serv','Serv'> = 0
 (9)  -w + beta_l<'Manu'> * gamma<'Manu'> * (1 - t_prod<'Manu'>) * (make_share<'Manu','Manu'> * p<'Manu'> + make_share<'Manu','Prim'> * p<'Prim'> + make_share<'Manu','Serv'> * p<'Serv'>) * K<'Manu'>^beta_k<'Manu'> * L<'Manu'>^(-1 + beta_l<'Manu'>) * X<'Manu','Manu'>^beta_x<'Manu','Manu'> * X<'Prim','Manu'>^beta_x<'Prim','Manu'> * X<'Serv','Manu'>^beta_x<'Serv','Manu'> = 0
 (10)  -w + beta_l<'Prim'> * gamma<'Prim'> * (1 - t_prod<'Prim'>) * (make_share<'Prim','Manu'> * p<'Manu'> + make_share<'Prim','Prim'> * p<'Prim'> + make_share<'Prim','Serv'> * p<'Serv'>) * K<'Prim'>^beta_k<'Prim'> * L<'Prim'>^(-1 + beta_l<'Prim'>) * X<'Manu','Prim'>^beta_x<'Manu','Prim'> * X<'Prim','Prim'>^beta_x<'Prim','Prim'> * X<'Serv','Prim'>^beta_x<'Serv','Prim'> = 0
 (11)  -w + beta_l<'Serv'> * gamma<'Serv'> * (1 - t_prod<'Serv'>) * (make_share<'Serv','Manu'> * p<'Manu'> + make_share<'Serv','Prim'> * p<'Prim'> + make_share<'Serv','Serv'> * p<'Serv'>) * K<'Serv'>^beta_k<'Serv'> * L<'Serv'>^(-1 + beta_l<'Serv'>) * X<'Manu','Serv'>^beta_x<'Manu','Serv'> * X<'Prim','Serv'>^beta_x<'Prim','Serv'> * X<'Serv','Serv'>^beta_x<'Serv','Serv'> = 0
 (12)  -CONT_SOC + por_cont * INC = 0
 (13)  -CONT_SOC_F + por_cont_soc_f * CONT_SOC = 0
 (14)  -CONT_SOC_G + por_cont_soc_g * CONT_SOC = 0
 (15)  -FIRM_TAX + fit * p_k * K_f = 0
 (16)  GTO_G - ING_GOB = 0
 (17)  -K_h + k_total_data * par_k_h = 0
 (18)  -K_f + k_total_data * par_k_f = 0
 (19)  -K_g + k_total_data * par_k_g = 0
 (20)  -PI_TAX + pit * PIT_base = 0
 (21)  -PREST_SOC_F + por_pres_soc_f * ING_F = 0
 (22)  -PREST_SOC_G + por_pres_soc_g * ING_GOB = 0
 (23)  -SAV + por_sav * INC = 0
 (24)  -TR_EMP + por_tremp * ING_F = 0
 (25)  -TR_GOV + por_trgov * ING_GOB = 0
 (26)  U - (alpha<'Manu'> * D<'Manu'>^(omega^-1 * (-1 + omega)) + alpha<'Prim'> * D<'Prim'>^(omega^-1 * (-1 + omega)) + alpha<'Serv'> * D<'Serv'>^(omega^-1 * (-1 + omega)))^(omega * (-1 + omega)^-1) = 0
 (27)  -V<'Manu'> + gamma<'Manu'> * K<'Manu'>^beta_k<'Manu'> * L<'Manu'>^beta_l<'Manu'> * X<'Manu','Manu'>^beta_x<'Manu','Manu'> * X<'Prim','Manu'>^beta_x<'Prim','Manu'> * X<'Serv','Manu'>^beta_x<'Serv','Manu'> = 0
 (28)  -V<'Prim'> + gamma<'Prim'> * K<'Prim'>^beta_k<'Prim'> * L<'Prim'>^beta_l<'Prim'> * X<'Manu','Prim'>^beta_x<'Manu','Prim'> * X<'Prim','Prim'>^beta_x<'Prim','Prim'> * X<'Serv','Prim'>^beta_x<'Serv','Prim'> = 0
 (29)  -V<'Serv'> + gamma<'Serv'> * K<'Serv'>^beta_k<'Serv'> * L<'Serv'>^beta_l<'Serv'> * X<'Manu','Serv'>^beta_x<'Manu','Serv'> * X<'Prim','Serv'>^beta_x<'Prim','Serv'> * X<'Serv','Serv'>^beta_x<'Serv','Serv'> = 0
 (30)  -Y_ap<'Manu','Manu'> + make_share<'Manu','Manu'> * V<'Manu'> = 0
 (31)  -Y_ap<'Manu','Prim'> + make_share<'Manu','Prim'> * V<'Manu'> = 0
 (32)  -Y_ap<'Manu','Serv'> + make_share<'Manu','Serv'> * V<'Manu'> = 0
 (33)  -Y_ap<'Prim','Manu'> + make_share<'Prim','Manu'> * V<'Prim'> = 0
 (34)  -Y_ap<'Prim','Prim'> + make_share<'Prim','Prim'> * V<'Prim'> = 0
 (35)  -Y_ap<'Prim','Serv'> + make_share<'Prim','Serv'> * V<'Prim'> = 0
 (36)  -Y_ap<'Serv','Manu'> + make_share<'Serv','Manu'> * V<'Serv'> = 0
 (37)  -Y_ap<'Serv','Prim'> + make_share<'Serv','Prim'> * V<'Serv'> = 0
 (38)  -Y_ap<'Serv','Serv'> + make_share<'Serv','Serv'> * V<'Serv'> = 0
 (39)  por_inv<'Manu'> * I<'Prim'> - por_inv<'Prim'> * I<'Manu'> = 0
 (40)  por_inv<'Serv'> * I<'Prim'> - por_inv<'Prim'> * I<'Serv'> = 0
 (41)  -p<'Manu'> * (1 + vat<'Manu'>) + beta_x<'Manu','Manu'> * gamma<'Manu'> * X<'Manu','Manu'>^-1 * (1 - t_prod<'Manu'>) * (make_share<'Manu','Manu'> * p<'Manu'> + make_share<'Manu','Prim'> * p<'Prim'> + make_share<'Manu','Serv'> * p<'Serv'>) * K<'Manu'>^beta_k<'Manu'> * L<'Manu'>^beta_l<'Manu'> * X<'Manu','Manu'>^beta_x<'Manu','Manu'> * X<'Prim','Manu'>^beta_x<'Prim','Manu'> * X<'Serv','Manu'>^beta_x<'Serv','Manu'> = 0
 (42)  -p<'Manu'> * (1 + vat<'Manu'>) + beta_x<'Manu','Prim'> * gamma<'Prim'> * X<'Manu','Prim'>^-1 * (1 - t_prod<'Prim'>) * (make_share<'Prim','Manu'> * p<'Manu'> + make_share<'Prim','Prim'> * p<'Prim'> + make_share<'Prim','Serv'> * p<'Serv'>) * K<'Prim'>^beta_k<'Prim'> * L<'Prim'>^beta_l<'Prim'> * X<'Manu','Prim'>^beta_x<'Manu','Prim'> * X<'Prim','Prim'>^beta_x<'Prim','Prim'> * X<'Serv','Prim'>^beta_x<'Serv','Prim'> = 0
 (43)  -p<'Manu'> * (1 + vat<'Manu'>) + beta_x<'Manu','Serv'> * gamma<'Serv'> * X<'Manu','Serv'>^-1 * (1 - t_prod<'Serv'>) * (make_share<'Serv','Manu'> * p<'Manu'> + make_share<'Serv','Prim'> * p<'Prim'> + make_share<'Serv','Serv'> * p<'Serv'>) * K<'Serv'>^beta_k<'Serv'> * L<'Serv'>^beta_l<'Serv'> * X<'Manu','Serv'>^beta_x<'Manu','Serv'> * X<'Prim','Serv'>^beta_x<'Prim','Serv'> * X<'Serv','Serv'>^beta_x<'Serv','Serv'> = 0
 (44)  -p<'Prim'> * (1 + vat<'Prim'>) + beta_x<'Prim','Manu'> * gamma<'Manu'> * X<'Prim','Manu'>^-1 * (1 - t_prod<'Manu'>) * (make_share<'Manu','Manu'> * p<'Manu'> + make_share<'Manu','Prim'> * p<'Prim'> + make_share<'Manu','Serv'> * p<'Serv'>) * K<'Manu'>^beta_k<'Manu'> * L<'Manu'>^beta_l<'Manu'> * X<'Manu','Manu'>^beta_x<'Manu','Manu'> * X<'Prim','Manu'>^beta_x<'Prim','Manu'> * X<'Serv','Manu'>^beta_x<'Serv','Manu'> = 0
 (45)  -p<'Prim'> * (1 + vat<'Prim'>) + beta_x<'Prim','Prim'> * gamma<'Prim'> * X<'Prim','Prim'>^-1 * (1 - t_prod<'Prim'>) * (make_share<'Prim','Manu'> * p<'Manu'> + make_share<'Prim','Prim'> * p<'Prim'> + make_share<'Prim','Serv'> * p<'Serv'>) * K<'Prim'>^beta_k<'Prim'> * L<'Prim'>^beta_l<'Prim'> * X<'Manu','Prim'>^beta_x<'Manu','Prim'> * X<'Prim','Prim'>^beta_x<'Prim','Prim'> * X<'Serv','Prim'>^beta_x<'Serv','Prim'> = 0
 (46)  -p<'Prim'> * (1 + vat<'Prim'>) + beta_x<'Prim','Serv'> * gamma<'Serv'> * X<'Prim','Serv'>^-1 * (1 - t_prod<'Serv'>) * (make_share<'Serv','Manu'> * p<'Manu'> + make_share<'Serv','Prim'> * p<'Prim'> + make_share<'Serv','Serv'> * p<'Serv'>) * K<'Serv'>^beta_k<'Serv'> * L<'Serv'>^beta_l<'Serv'> * X<'Manu','Serv'>^beta_x<'Manu','Serv'> * X<'Prim','Serv'>^beta_x<'Prim','Serv'> * X<'Serv','Serv'>^beta_x<'Serv','Serv'> = 0
 (47)  -p<'Serv'> * (1 + vat<'Serv'>) + beta_x<'Serv','Manu'> * gamma<'Manu'> * X<'Serv','Manu'>^-1 * (1 - t_prod<'Manu'>) * (make_share<'Manu','Manu'> * p<'Manu'> + make_share<'Manu','Prim'> * p<'Prim'> + make_share<'Manu','Serv'> * p<'Serv'>) * K<'Manu'>^beta_k<'Manu'> * L<'Manu'>^beta_l<'Manu'> * X<'Manu','Manu'>^beta_x<'Manu','Manu'> * X<'Prim','Manu'>^beta_x<'Prim','Manu'> * X<'Serv','Manu'>^beta_x<'Serv','Manu'> = 0
 (48)  -p<'Serv'> * (1 + vat<'Serv'>) + beta_x<'Serv','Prim'> * gamma<'Prim'> * X<'Serv','Prim'>^-1 * (1 - t_prod<'Prim'>) * (make_share<'Prim','Manu'> * p<'Manu'> + make_share<'Prim','Prim'> * p<'Prim'> + make_share<'Prim','Serv'> * p<'Serv'>) * K<'Prim'>^beta_k<'Prim'> * L<'Prim'>^beta_l<'Prim'> * X<'Manu','Prim'>^beta_x<'Manu','Prim'> * X<'Prim','Prim'>^beta_x<'Prim','Prim'> * X<'Serv','Prim'>^beta_x<'Serv','Prim'> = 0
 (49)  -p<'Serv'> * (1 + vat<'Serv'>) + beta_x<'Serv','Serv'> * gamma<'Serv'> * X<'Serv','Serv'>^-1 * (1 - t_prod<'Serv'>) * (make_share<'Serv','Manu'> * p<'Manu'> + make_share<'Serv','Prim'> * p<'Prim'> + make_share<'Serv','Serv'> * p<'Serv'>) * K<'Serv'>^beta_k<'Serv'> * L<'Serv'>^beta_l<'Serv'> * X<'Manu','Serv'>^beta_x<'Manu','Serv'> * X<'Prim','Serv'>^beta_x<'Prim','Serv'> * X<'Serv','Serv'>^beta_x<'Serv','Serv'> = 0
 (50)  alpha<'Manu'> * D<'Manu'>^(-1 + omega^-1 * (-1 + omega)) * (alpha<'Manu'> * D<'Manu'>^(omega^-1 * (-1 + omega)) + alpha<'Prim'> * D<'Prim'>^(omega^-1 * (-1 + omega)) + alpha<'Serv'> * D<'Serv'>^(omega^-1 * (-1 + omega)))^(-1 + omega * (-1 + omega)^-1) - lambda__CONSUMER_1 * p<'Manu'> * (1 + vat<'Manu'>) = 0
 (51)  alpha<'Prim'> * D<'Prim'>^(-1 + omega^-1 * (-1 + omega)) * (alpha<'Manu'> * D<'Manu'>^(omega^-1 * (-1 + omega)) + alpha<'Prim'> * D<'Prim'>^(omega^-1 * (-1 + omega)) + alpha<'Serv'> * D<'Serv'>^(omega^-1 * (-1 + omega)))^(-1 + omega * (-1 + omega)^-1) - lambda__CONSUMER_1 * p<'Prim'> * (1 + vat<'Prim'>) = 0
 (52)  alpha<'Serv'> * D<'Serv'>^(-1 + omega^-1 * (-1 + omega)) * (alpha<'Manu'> * D<'Manu'>^(omega^-1 * (-1 + omega)) + alpha<'Prim'> * D<'Prim'>^(omega^-1 * (-1 + omega)) + alpha<'Serv'> * D<'Serv'>^(omega^-1 * (-1 + omega)))^(-1 + omega * (-1 + omega)^-1) - lambda__CONSUMER_1 * p<'Serv'> * (1 + vat<'Serv'>) = 0
 (53)  BTINC - INC - pit * PIT_base = 0
 (54)  CONT_SOC_F - ING_F + p_k * K_f = 0
 (55)  -PIT_base + p_k * K_h + w * L_h = 0
 (56)  -PREST_SOC + PREST_SOC_F + PREST_SOC_G = 0
 (57)  CONT_SOC_G - ING_GOB + TOTAL_TAX + p_k * K_g = 0
 (58)  L_h - L<'Manu'> - L<'Prim'> - L<'Serv'> = 0
 (59)  -intermediate_vat<'Manu'> + vat<'Manu'> * p<'Manu'> * X<'Manu','Manu'> + vat<'Prim'> * p<'Prim'> * X<'Prim','Manu'> + vat<'Serv'> * p<'Serv'> * X<'Serv','Manu'> = 0
 (60)  -intermediate_vat<'Prim'> + vat<'Manu'> * p<'Manu'> * X<'Manu','Prim'> + vat<'Prim'> * p<'Prim'> * X<'Prim','Prim'> + vat<'Serv'> * p<'Serv'> * X<'Serv','Prim'> = 0
 (61)  -intermediate_vat<'Serv'> + vat<'Manu'> * p<'Manu'> * X<'Manu','Serv'> + vat<'Prim'> * p<'Prim'> * X<'Prim','Serv'> + vat<'Serv'> * p<'Serv'> * X<'Serv','Serv'> = 0
 (62)  -revenue<'Manu'> + p<'Manu'> * Y_ap<'Manu','Manu'> + p<'Prim'> * Y_ap<'Manu','Prim'> + p<'Serv'> * Y_ap<'Manu','Serv'> = 0
 (63)  -revenue<'Prim'> + p<'Manu'> * Y_ap<'Prim','Manu'> + p<'Prim'> * Y_ap<'Prim','Prim'> + p<'Serv'> * Y_ap<'Prim','Serv'> = 0
 (64)  -revenue<'Serv'> + p<'Manu'> * Y_ap<'Serv','Manu'> + p<'Prim'> * Y_ap<'Serv','Prim'> + p<'Serv'> * Y_ap<'Serv','Serv'> = 0
 (65)  ING_F - PREST_SOC_F - SAV_F - TR_EMP - fit * p_k * K_f = 0
 (66)  -BTINC + PREST_SOC + TR_EMP + TR_GOV + p_k * K_h + w * L_h = 0
 (67)  -CONT_SOC + INC - SAV - p<'Manu'> * D<'Manu'> * (1 + vat<'Manu'>) - p<'Prim'> * D<'Prim'> * (1 + vat<'Prim'>) - p<'Serv'> * D<'Serv'> * (1 + vat<'Serv'>) = 0
 (68)  K_h + K_f + K_g - K<'Manu'> - K<'Prim'> - K<'Serv'> = 0
 (69)  FIRM_TAX + PI_TAX - TOTAL_TAX + VAT + t_prod<'Manu'> * revenue<'Manu'> + t_prod<'Prim'> * revenue<'Prim'> + t_prod<'Serv'> * revenue<'Serv'> = 0
 (70)  -GTO_G + PREST_SOC_G + SAV_G + TR_GOV + p<'Manu'> * GG<'Manu'> * (1 + vat<'Manu'>) + p<'Prim'> * GG<'Prim'> * (1 + vat<'Prim'>) + p<'Serv'> * GG<'Serv'> * (1 + vat<'Serv'>) = 0
 (71)  SAV + SAV_F + SAV_G + WALRAS - p<'Manu'> * I<'Manu'> * (1 + vat<'Manu'>) - p<'Prim'> * I<'Prim'> * (1 + vat<'Prim'>) - p<'Serv'> * I<'Serv'> * (1 + vat<'Serv'>) = 0
 (72)  -VAT + intermediate_vat<'Manu'> + intermediate_vat<'Prim'> + intermediate_vat<'Serv'> + vat<'Manu'> * p<'Manu'> * (D<'Manu'> + GG<'Manu'> + I<'Manu'>) + vat<'Prim'> * p<'Prim'> * (D<'Prim'> + GG<'Prim'> + I<'Prim'>) + vat<'Serv'> * p<'Serv'> * (D<'Serv'> + GG<'Serv'> + I<'Serv'>) = 0
 (73)  pi<'Manu'> + p_k * K<'Manu'> + w * L<'Manu'> + p<'Manu'> * X<'Manu','Manu'> * (1 + vat<'Manu'>) + p<'Prim'> * X<'Prim','Manu'> * (1 + vat<'Prim'>) + p<'Serv'> * X<'Serv','Manu'> * (1 + vat<'Serv'>) - V<'Manu'> * (1 - t_prod<'Manu'>) * (make_share<'Manu','Manu'> * p<'Manu'> + make_share<'Manu','Prim'> * p<'Prim'> + make_share<'Manu','Serv'> * p<'Serv'>) = 0
 (74)  pi<'Prim'> + p_k * K<'Prim'> + w * L<'Prim'> + p<'Manu'> * X<'Manu','Prim'> * (1 + vat<'Manu'>) + p<'Prim'> * X<'Prim','Prim'> * (1 + vat<'Prim'>) + p<'Serv'> * X<'Serv','Prim'> * (1 + vat<'Serv'>) - V<'Prim'> * (1 - t_prod<'Prim'>) * (make_share<'Prim','Manu'> * p<'Manu'> + make_share<'Prim','Prim'> * p<'Prim'> + make_share<'Prim','Serv'> * p<'Serv'>) = 0
 (75)  pi<'Serv'> + p_k * K<'Serv'> + w * L<'Serv'> + p<'Manu'> * X<'Manu','Serv'> * (1 + vat<'Manu'>) + p<'Prim'> * X<'Prim','Serv'> * (1 + vat<'Prim'>) + p<'Serv'> * X<'Serv','Serv'> * (1 + vat<'Serv'>) - V<'Serv'> * (1 - t_prod<'Serv'>) * (make_share<'Serv','Manu'> * p<'Manu'> + make_share<'Serv','Prim'> * p<'Prim'> + make_share<'Serv','Serv'> * p<'Serv'>) = 0
 (76)  D<'Manu'> + GG<'Manu'> + I<'Manu'> + X<'Manu','Manu'> + X<'Manu','Prim'> + X<'Manu','Serv'> - Y_ap<'Manu','Manu'> - Y_ap<'Prim','Manu'> - Y_ap<'Serv','Manu'> = 0
 (77)  D<'Prim'> + GG<'Prim'> + I<'Prim'> + X<'Prim','Manu'> + X<'Prim','Prim'> + X<'Prim','Serv'> - Y_ap<'Manu','Prim'> - Y_ap<'Prim','Prim'> - Y_ap<'Serv','Prim'> = 0
 (78)  D<'Serv'> + GG<'Serv'> + I<'Serv'> + X<'Serv','Manu'> + X<'Serv','Prim'> + X<'Serv','Serv'> - Y_ap<'Manu','Serv'> - Y_ap<'Prim','Serv'> - Y_ap<'Serv','Serv'> = 0

Calibrating equations (22):
 (1)  -pit_data + PI_TAX = 0
 (2)  -d_data<'Manu'> + D<'Manu'> = 0
 (3)  -d_data<'Serv'> + D<'Serv'> = 0
 (4)  -l_data<'Manu'> + L<'Manu'> = 0
 (5)  -l_data<'Prim'> + L<'Prim'> = 0
 (6)  -l_data<'Serv'> + L<'Serv'> = 0
 (7)  -v_data<'Manu'> + V<'Manu'> = 0
 (8)  -v_data<'Prim'> + V<'Prim'> = 0
 (9)  -v_data<'Serv'> + V<'Serv'> = 0
 (10)  -x_data<'Manu','Manu'> + X<'Manu','Manu'> = 0
 (11)  -x_data<'Manu','Prim'> + X<'Manu','Prim'> = 0
 (12)  -x_data<'Manu','Serv'> + X<'Manu','Serv'> = 0
 (13)  -x_data<'Prim','Manu'> + X<'Prim','Manu'> = 0
 (14)  -x_data<'Prim','Prim'> + X<'Prim','Prim'> = 0
 (15)  -x_data<'Prim','Serv'> + X<'Prim','Serv'> = 0
 (16)  -x_data<'Serv','Manu'> + X<'Serv','Manu'> = 0
 (17)  -x_data<'Serv','Prim'> + X<'Serv','Prim'> = 0
 (18)  -x_data<'Serv','Serv'> + X<'Serv','Serv'> = 0
 (19)  -1 + alpha<'Manu'> + alpha<'Prim'> + alpha<'Serv'> = 0
 (20)  -1 + beta_k<'Manu'> + beta_l<'Manu'> + beta_x<'Manu','Manu'> + beta_x<'Prim','Manu'> + beta_x<'Serv','Manu'> = 0
 (21)  -1 + beta_k<'Prim'> + beta_l<'Prim'> + beta_x<'Manu','Prim'> + beta_x<'Prim','Prim'> + beta_x<'Serv','Prim'> = 0
 (22)  -1 + beta_k<'Serv'> + beta_l<'Serv'> + beta_x<'Manu','Serv'> + beta_x<'Prim','Serv'> + beta_x<'Serv','Serv'> = 0

