Generated on 2026-04-23 16:47:41 by gEcon ver. 1.2.3 (2025-04-13)
http://gecon.r-forge.r-project.org/

Model name: cge_calib_chile_6_sect_23

Index sets (10):
    P = { 'prod_Agri', 'prod_Min', 'prod_Manu', 'prod_elect_agua_gas', 'prod_const', 'prod_serv' }
    PMin = { 'prod_Min', 'prod_Manu', 'prod_elect_agua_gas', 'prod_serv' }
    P_Exp = { 'prod_Agri', 'prod_Min', 'prod_Manu', 'prod_elect_agua_gas', 'prod_serv' }
    P_NExp = { 'prod_const' }
    Pcon = { 'prod_Agri', 'prod_Manu', 'prod_elect_agua_gas', 'prod_serv' }
    Pno5 = { 'prod_Agri', 'prod_Min', 'prod_Manu', 'prod_elect_agua_gas', 'prod_serv' }
    S = { 'Act_Agri', 'Act_Manu', 'Act_elect_agua_gas', 'Act_const', 'Act_serv', 'Act_Min' }
    SA = { 'Act_Agri', 'Act_Manu', 'Act_elect_agua_gas' }
    SB = { 'Act_const', 'Act_serv' }
    SC = { 'Act_Min' }

Block: CONSUMER
 Controls:
    <idx_d::Pcon> D<idx_d>
 Objective:
    U = (SUM<idx_c::Pcon> alpha<idx_c> * D<idx_c>^(omega^-1 * (-1 + omega)))^(omega * (-1 + omega)^-1)
 Constraints:
    -CS + INC - SAV - SUM<idx_i_1::Pcon> p<idx_i_1> * D<idx_i_1> = 0    (lambda__CONSUMER_1)
 Identities:
    BTINC - INC - PITAX = 0
    fact_row_in_k_data + fact_row_in_l_data - BTINC + PSh + TRGOV + TREMP + pk * Kh + w * Lh = 0
    -SAV + por_sav * INC = 0
    -CS + por_cont * INC = 0
    dst_nc<'prod_Min'> - D<'prod_Min'> = 0
    dst_nc<'prod_const'> - D<'prod_const'> = 0
 First order conditions:
    <idx_d::Pcon> -lambda__CONSUMER_1 * p<idx_d> + alpha<idx_d> * D<idx_d>^(-1 + omega^-1 * (-1 + omega)) * (SUM<idx_c::Pcon> alpha<idx_c> * D<idx_c>^(omega^-1 * (-1 + omega)))^(-1 + omega * (-1 + omega)^-1) = 0    (<idx_d::Pcon> D<idx_d>)

Block: <sa::SA> SECTORS_A
 Controls:
    V<sa>, K<sa>, L<sa>
 Objective:
    pi<sa> = -pk * K<sa> - w * L<sa> - V<sa> * (SUM<idx_x_o::Pno5> io<idx_x_o,sa> * p<idx_x_o>) + V<sa> * (1 - tes<sa> - tps<sa>) * (SUM<idx_pv::P> make_share<idx_pv,sa> * pz<idx_pv>)
 Constraints:
    -V<sa> + gamma<sa> * K<sa>^betak<sa> * L<sa>^betal<sa> = 0    (lambda__SECTORS_A_1<sa>)
 Identities:
    <idx_y::P> -Yap<idx_y,sa> + make_share<idx_y,sa> * V<sa> = 0
    -revenue<sa> + SUM<idx_rev::P> pz<idx_rev> * Yap<idx_rev,sa> = 0
    -net_revenue<sa> + revenue<sa> * (1 - tes<sa> - tps<sa>) = 0
    <idx_xa::Pno5> -X<idx_xa,sa> + io<idx_xa,sa> * V<sa> = 0
    net_revenue<sa> - va_nom<sa> - V<sa> * (SUM<idx_xv::Pno5> io<idx_xv,sa> * p<idx_xv>) = 0
 First order conditions:
    -lambda__SECTORS_A_1<sa> + (1 - tes<sa> - tps<sa>) * (SUM<idx_pv::P> make_share<idx_pv,sa> * pz<idx_pv>) - SUM<idx_x_o::Pno5> io<idx_x_o,sa> * p<idx_x_o> = 0    (V<sa>)
    -pk + betak<sa> * gamma<sa> * lambda__SECTORS_A_1<sa> * K<sa>^(-1 + betak<sa>) * L<sa>^betal<sa> = 0    (K<sa>)
    -w + betal<sa> * gamma<sa> * lambda__SECTORS_A_1<sa> * K<sa>^betak<sa> * L<sa>^(-1 + betal<sa>) = 0    (L<sa>)
 First order conditions after reduction:
    -pk + betak<sa> * gamma<sa> * ((1 - tes<sa> - tps<sa>) * (SUM<idx_pv::P> make_share<idx_pv,sa> * pz<idx_pv>) - SUM<idx_x_o::Pno5> io<idx_x_o,sa> * p<idx_x_o>) * K<sa>^(-1 + betak<sa>) * L<sa>^betal<sa> = 0    (K<sa>)
    -w + betal<sa> * gamma<sa> * ((1 - tes<sa> - tps<sa>) * (SUM<idx_pv::P> make_share<idx_pv,sa> * pz<idx_pv>) - SUM<idx_x_o::Pno5> io<idx_x_o,sa> * p<idx_x_o>) * K<sa>^betak<sa> * L<sa>^(-1 + betal<sa>) = 0    (L<sa>)

Block: <sb::SB> SECTORS_B
 Controls:
    V<sb>, K<sb>, L<sb>
 Objective:
    pi<sb> = -pk * K<sb> - w * L<sb> - V<sb> * (SUM<idx_x_o::P> io<idx_x_o,sb> * p<idx_x_o>) + V<sb> * (1 - tes<sb> - tps<sb>) * (SUM<idx_pv::P> make_share<idx_pv,sb> * pz<idx_pv>)
 Constraints:
    -V<sb> + gamma<sb> * K<sb>^betak<sb> * L<sb>^betal<sb> = 0    (lambda__SECTORS_B_1<sb>)
 Identities:
    <idx_y::P> -Yap<idx_y,sb> + make_share<idx_y,sb> * V<sb> = 0
    -revenue<sb> + SUM<idx_rev::P> pz<idx_rev> * Yap<idx_rev,sb> = 0
    -net_revenue<sb> + revenue<sb> * (1 - tes<sb> - tps<sb>) = 0
    <idx_xb::P> -X<idx_xb,sb> + io<idx_xb,sb> * V<sb> = 0
    net_revenue<sb> - va_nom<sb> - V<sb> * (SUM<idx_xv::P> io<idx_xv,sb> * p<idx_xv>) = 0
 First order conditions:
    -lambda__SECTORS_B_1<sb> + (1 - tes<sb> - tps<sb>) * (SUM<idx_pv::P> make_share<idx_pv,sb> * pz<idx_pv>) - SUM<idx_x_o::P> io<idx_x_o,sb> * p<idx_x_o> = 0    (V<sb>)
    -pk + betak<sb> * gamma<sb> * lambda__SECTORS_B_1<sb> * K<sb>^(-1 + betak<sb>) * L<sb>^betal<sb> = 0    (K<sb>)
    -w + betal<sb> * gamma<sb> * lambda__SECTORS_B_1<sb> * K<sb>^betak<sb> * L<sb>^(-1 + betal<sb>) = 0    (L<sb>)
 First order conditions after reduction:
    -pk + betak<sb> * gamma<sb> * ((1 - tes<sb> - tps<sb>) * (SUM<idx_pv::P> make_share<idx_pv,sb> * pz<idx_pv>) - SUM<idx_x_o::P> io<idx_x_o,sb> * p<idx_x_o>) * K<sb>^(-1 + betak<sb>) * L<sb>^betal<sb> = 0    (K<sb>)
    -w + betal<sb> * gamma<sb> * ((1 - tes<sb> - tps<sb>) * (SUM<idx_pv::P> make_share<idx_pv,sb> * pz<idx_pv>) - SUM<idx_x_o::P> io<idx_x_o,sb> * p<idx_x_o>) * K<sb>^betak<sb> * L<sb>^(-1 + betal<sb>) = 0    (L<sb>)

Block: <sc::SC> SECTORS_C
 Controls:
    V<sc>, K<sc>, L<sc>
 Objective:
    pi<sc> = -pk * K<sc> - w * L<sc> - V<sc> * (SUM<idx_x_o::Pno5> io<idx_x_o,sc> * p<idx_x_o>) + V<sc> * (1 - tes<sc> - tps<sc>) * (SUM<idx_pv::P> make_share<idx_pv,sc> * pz<idx_pv>)
 Constraints:
    -V<sc> + gamma<sc> * K<sc>^betak<sc> * L<sc>^betal<sc> = 0    (lambda__SECTORS_C_1<sc>)
 Identities:
    <idx_y::P> -Yap<idx_y,sc> + make_share<idx_y,sc> * V<sc> = 0
    -revenue<sc> + SUM<idx_rev::P> pz<idx_rev> * Yap<idx_rev,sc> = 0
    -net_revenue<sc> + revenue<sc> * (1 - tes<sc> - tps<sc>) = 0
    <idx_xc::Pno5> -X<idx_xc,sc> + io<idx_xc,sc> * V<sc> = 0
    net_revenue<sc> - va_nom<sc> - V<sc> * (SUM<idx_xv::Pno5> io<idx_xv,sc> * p<idx_xv>) = 0
 First order conditions:
    -lambda__SECTORS_C_1<sc> + (1 - tes<sc> - tps<sc>) * (SUM<idx_pv::P> make_share<idx_pv,sc> * pz<idx_pv>) - SUM<idx_x_o::Pno5> io<idx_x_o,sc> * p<idx_x_o> = 0    (V<sc>)
    -pk + betak<sc> * gamma<sc> * lambda__SECTORS_C_1<sc> * K<sc>^(-1 + betak<sc>) * L<sc>^betal<sc> = 0    (K<sc>)
    -w + betal<sc> * gamma<sc> * lambda__SECTORS_C_1<sc> * K<sc>^betak<sc> * L<sc>^(-1 + betal<sc>) = 0    (L<sc>)
 First order conditions after reduction:
    -pk + betak<sc> * gamma<sc> * ((1 - tes<sc> - tps<sc>) * (SUM<idx_pv::P> make_share<idx_pv,sc> * pz<idx_pv>) - SUM<idx_x_o::Pno5> io<idx_x_o,sc> * p<idx_x_o>) * K<sc>^(-1 + betak<sc>) * L<sc>^betal<sc> = 0    (K<sc>)
    -w + betal<sc> * gamma<sc> * ((1 - tes<sc> - tps<sc>) * (SUM<idx_pv::P> make_share<idx_pv,sc> * pz<idx_pv>) - SUM<idx_x_o::Pno5> io<idx_x_o,sc> * p<idx_x_o>) * K<sc>^betak<sc> * L<sc>^(-1 + betal<sc>) = 0    (L<sc>)

Block: <idx_e::P_Exp> EXPORTER
 Controls:
    Z<idx_e>, DS<idx_e>, EX<idx_e>
 Objective:
    PI_CET<idx_e> = pd<idx_e> * DS<idx_e> + pe<idx_e> * EX<idx_e> - pz<idx_e> * Z<idx_e>
 Constraints:
    -Z<idx_e> + at<idx_e> * (gamma_e<idx_e> * EX<idx_e>^(sigma_t^-1 * (1 + sigma_t)) + (1 - gamma_e<idx_e>) * DS<idx_e>^(sigma_t^-1 * (1 + sigma_t)))^(sigma_t * (1 + sigma_t)^-1) = 0    (lambda__EXPORTER_1<idx_e>)
 Identities:
    -Z<idx_e> + SUM<i_sa::SA> Yap<idx_e,i_sa> + SUM<i_sb::SB> Yap<idx_e,i_sb> + SUM<i_sc::SC> Yap<idx_e,i_sc> = 0
    -pe<idx_e> + pworlde<idx_e> * exr = 0
 First order conditions:
    -lambda__EXPORTER_1<idx_e> - pz<idx_e> = 0    (Z<idx_e>)
    pd<idx_e> + at<idx_e> * lambda__EXPORTER_1<idx_e> * (1 - gamma_e<idx_e>) * DS<idx_e>^(-1 + sigma_t^-1 * (1 + sigma_t)) * (gamma_e<idx_e> * EX<idx_e>^(sigma_t^-1 * (1 + sigma_t)) + (1 - gamma_e<idx_e>) * DS<idx_e>^(sigma_t^-1 * (1 + sigma_t)))^(-1 + sigma_t * (1 + sigma_t)^-1) = 0    (DS<idx_e>)
    pe<idx_e> + at<idx_e> * gamma_e<idx_e> * lambda__EXPORTER_1<idx_e> * EX<idx_e>^(-1 + sigma_t^-1 * (1 + sigma_t)) * (gamma_e<idx_e> * EX<idx_e>^(sigma_t^-1 * (1 + sigma_t)) + (1 - gamma_e<idx_e>) * DS<idx_e>^(sigma_t^-1 * (1 + sigma_t)))^(-1 + sigma_t * (1 + sigma_t)^-1) = 0    (EX<idx_e>)
 First order conditions after reduction:
    pd<idx_e> - at<idx_e> * pz<idx_e> * (1 - gamma_e<idx_e>) * DS<idx_e>^(-1 + sigma_t^-1 * (1 + sigma_t)) * (gamma_e<idx_e> * EX<idx_e>^(sigma_t^-1 * (1 + sigma_t)) + (1 - gamma_e<idx_e>) * DS<idx_e>^(sigma_t^-1 * (1 + sigma_t)))^(-1 + sigma_t * (1 + sigma_t)^-1) = 0    (DS<idx_e>)
    pe<idx_e> - at<idx_e> * gamma_e<idx_e> * pz<idx_e> * EX<idx_e>^(-1 + sigma_t^-1 * (1 + sigma_t)) * (gamma_e<idx_e> * EX<idx_e>^(sigma_t^-1 * (1 + sigma_t)) + (1 - gamma_e<idx_e>) * DS<idx_e>^(sigma_t^-1 * (1 + sigma_t)))^(-1 + sigma_t * (1 + sigma_t)^-1) = 0    (EX<idx_e>)

Block: <idx_ne::P_NExp> NON_EXPORTER
 Identities:
    -Z<idx_ne> + SUM<i_sa::SA> Yap<idx_ne,i_sa> + SUM<i_sb::SB> Yap<idx_ne,i_sb> + SUM<i_sc::SC> Yap<idx_ne,i_sc> = 0
    -DS<idx_ne> + Z<idx_ne> = 0
    -EX<idx_ne> = 0
    -pe<idx_ne> + pworlde<idx_ne> * exr = 0
    pd<idx_ne> - pz<idx_ne> = 0
    -PI_CET<idx_ne> = 0

Block: <idx_a::P> IMPORTER
 Controls:
    Q<idx_a>, DD<idx_a>, M<idx_a>
 Objective:
    PI_ARM<idx_a> = p<idx_a> * Q<idx_a> - pd<idx_a> * DD<idx_a> - pm<idx_a> * M<idx_a>
 Constraints:
    -Q<idx_a> + aq<idx_a> * (delta_m<idx_a> * M<idx_a>^(sigma_q^-1 * (-1 + sigma_q)) + (1 - delta_m<idx_a>) * DD<idx_a>^(sigma_q^-1 * (-1 + sigma_q)))^(sigma_q * (-1 + sigma_q)^-1) = 0    (lambda__IMPORTER_1<idx_a>)
 Identities:
    -DD<idx_a> + DS<idx_a> = 0
    -pm<idx_a> + pworldm<idx_a> * exr * (1 + tar_rate<idx_a>) = 0
 First order conditions:
    -lambda__IMPORTER_1<idx_a> + p<idx_a> = 0    (Q<idx_a>)
    -pd<idx_a> + aq<idx_a> * lambda__IMPORTER_1<idx_a> * (1 - delta_m<idx_a>) * DD<idx_a>^(-1 + sigma_q^-1 * (-1 + sigma_q)) * (delta_m<idx_a> * M<idx_a>^(sigma_q^-1 * (-1 + sigma_q)) + (1 - delta_m<idx_a>) * DD<idx_a>^(sigma_q^-1 * (-1 + sigma_q)))^(-1 + sigma_q * (-1 + sigma_q)^-1) = 0    (DD<idx_a>)
    -pm<idx_a> + aq<idx_a> * delta_m<idx_a> * lambda__IMPORTER_1<idx_a> * M<idx_a>^(-1 + sigma_q^-1 * (-1 + sigma_q)) * (delta_m<idx_a> * M<idx_a>^(sigma_q^-1 * (-1 + sigma_q)) + (1 - delta_m<idx_a>) * DD<idx_a>^(sigma_q^-1 * (-1 + sigma_q)))^(-1 + sigma_q * (-1 + sigma_q)^-1) = 0    (M<idx_a>)
 First order conditions after reduction:
    -pd<idx_a> + aq<idx_a> * p<idx_a> * (1 - delta_m<idx_a>) * DD<idx_a>^(-1 + sigma_q^-1 * (-1 + sigma_q)) * (delta_m<idx_a> * M<idx_a>^(sigma_q^-1 * (-1 + sigma_q)) + (1 - delta_m<idx_a>) * DD<idx_a>^(sigma_q^-1 * (-1 + sigma_q)))^(-1 + sigma_q * (-1 + sigma_q)^-1) = 0    (DD<idx_a>)
    -pm<idx_a> + aq<idx_a> * delta_m<idx_a> * p<idx_a> * M<idx_a>^(-1 + sigma_q^-1 * (-1 + sigma_q)) * (delta_m<idx_a> * M<idx_a>^(sigma_q^-1 * (-1 + sigma_q)) + (1 - delta_m<idx_a>) * DD<idx_a>^(sigma_q^-1 * (-1 + sigma_q)))^(-1 + sigma_q * (-1 + sigma_q)^-1) = 0    (M<idx_a>)

Block: PRODUCTS
 Identities:
    gg_market_data_p<'prod_Agri'> + vexist<'prod_Agri'> - TD_Dom_Agri + D<'prod_Agri'> + I_data<'prod_Agri'> * inv_adj + SUM<i_aa_a::SA> X<'prod_Agri',i_aa_a> + SUM<i_ab_a::SB> X<'prod_Agri',i_ab_a> + SUM<i_ac_a::SC> X<'prod_Agri',i_ac_a> = 0
    <idx_mc4::PMin> gg_market_data_p<idx_mc4> + vexist<idx_mc4> + D<idx_mc4> - TD_Dom_PMin<idx_mc4> + I_data<idx_mc4> * inv_adj + SUM<i_aa4::SA> X<idx_mc4,i_aa4> + SUM<i_ab4::SB> X<idx_mc4,i_ab4> + SUM<i_ac4::SC> X<idx_mc4,i_ac4> = 0
    gg_market_data_p<'prod_const'> + vexist<'prod_const'> - TD_Dom_Const + D<'prod_const'> + I_data<'prod_const'> * inv_adj + SUM<i_ab_c::SB> X<'prod_const',i_ab_c> = 0
    TD_Dom_Agri - Q<'prod_Agri'> - imptos_espec_p<'prod_Agri'> * p<'prod_Agri'>^-1 - p<'prod_Agri'>^-1 * VAT_p<'prod_Agri'> = 0
    <idx_mc4b::PMin> -Q<idx_mc4b> + TD_Dom_PMin<idx_mc4b> - imptos_espec_p<idx_mc4b> * p<idx_mc4b>^-1 - p<idx_mc4b>^-1 * VAT_p<idx_mc4b> = 0
    TD_Dom_Const - Q<'prod_const'> - imptos_espec_p<'prod_const'> * p<'prod_const'>^-1 - p<'prod_const'>^-1 * VAT_p<'prod_const'> = 0
    -VAT_p<'prod_Agri'> + vat<'prod_Agri'> * TD_Dom_Agri * p<'prod_Agri'> = 0
    <idx_mc4v::PMin> -VAT_p<idx_mc4v> + vat<idx_mc4v> * p<idx_mc4v> * TD_Dom_PMin<idx_mc4v> = 0
    -VAT_p<'prod_const'> + vat<'prod_const'> * TD_Dom_Const * p<'prod_const'> = 0
    <idx_ar::P> -Arancel_p<idx_ar> + pworldm<idx_ar> * tar_rate<idx_ar> * exr * M<idx_ar> = 0

Block: FIRM
 Identities:
    -INGF + por_cont_soc_f * CS + pk * Kf = 0
    -FIRMTAX + INGF - SAVf - TREMP - por_pres_soc_f * INGF - por_tr_f_g * INGF = 0
    -TREMP + por_tremp * INGF = 0
    -Kf + k_total_data * par_k_f = 0
    -FIRMTAX + fit * pk * Kf = 0

Block: GOB
 Identities:
    -INGG + Tax + por_tr_f_g * INGF + por_cont_soc_g * CS + pk * Kg = 0
    trgov_data - TRGOV = 0
    INGG - SAVg - TRGOV - por_pres_soc_g * INGG - SUM<idx_p::P> gg_market_data_p<idx_p> * p<idx_p> = 0
    -Kg + k_total_data * par_k_g = 0
    -VAT + SUM<idx_v::P> VAT_p<idx_v> = 0
    -PITAX + pit * (fact_row_in_k_data + fact_row_in_l_data + PSh + TRGOV + TREMP + pk * Kh + w * Lh) = 0
    -TPROD + SUM<idx_sa::SA> tps<idx_sa> * revenue<idx_sa> + SUM<idx_sb::SB> tps<idx_sb> * revenue<idx_sb> + SUM<idx_sc::SC> tps<idx_sc> * revenue<idx_sc> = 0
    imptos_espec_data - TESP + SUM<idx_sa::SA> tes<idx_sa> * revenue<idx_sa> + SUM<idx_sb::SB> tes<idx_sb> * revenue<idx_sb> + SUM<idx_sc::SC> tes<idx_sc> * revenue<idx_sc> = 0
    -TARANCEL + SUM<idx_p2::P> Arancel_p<idx_p2> = 0
    FIRMTAX + PITAX - Tax + TARANCEL + TESP + TPROD + VAT = 0

Block: EQUILIBRIUM
 Identities:
    -LD + l_total_data * par_l_row + SUM<idx_ea::SA> L<idx_ea> + SUM<idx_eb::SB> L<idx_eb> + SUM<idx_ec::SC> L<idx_ec> = 0
    -w + w_pot_calib * (l_force_data^-1 * LD)^phi = 0
    -u_rate + l_force_data^-1 * (l_force_data - LD) = 0
    k_total_data - SUM<idx_ka::SA> K<idx_ka> - SUM<idx_kb::SB> K<idx_kb> - SUM<idx_kc::SC> K<idx_kc> = 0
    -Kh + k_total_data * par_k_h = 0
    -Lh + par_l_h * LD = 0
    pshdata - PSh = 0

Block: INVESTMENT
 Identities:
    -NOM_I_BASE + SUM<idx_nb::P> I_data<idx_nb> * p<idx_nb> = 0
    1 - inv_adj_g = 0
    -inv_adj_h + (sh_i_h^-1 * NOM_I_BASE^-1 * SAV)^damp_inv = 0
    -inv_adj_f + (sh_i_f^-1 * NOM_I_BASE^-1 * SAVf)^damp_inv = 0
    -inv_adj + sh_i_h * inv_adj_h + sh_i_f * inv_adj_f + sh_i_g * inv_adj_g = 0
    -TOTAL_INVEST + inv_adj * NOM_I_BASE + SUM<p_v::P> vexist<p_v> * p<p_v> = 0
    SAVext_target - SAVext = 0
    -SAV - SAVf - SAVg - SAVext + TOTAL_INVEST = 0

Variables (248):
    exr, inv_adj, inv_adj_g, inv_adj_h, inv_adj_f, lambda__CONSUMER_1, pk, u_rate, w, BTINC, CS, FIRMTAX, INC, INGF, INGG, Kf, Kg, Kh, Lh, LD, NOM_I_BASE, PITAX, PSh, SAV, SAVf, SAVg, SAVext, Tax, TARANCEL, TD_Dom_Agri, TD_Dom_Const, TESP, TOTAL_INVEST, TPROD, TRGOV, TREMP, U, VAT, net_revenue<'Act_Agri'>, net_revenue<'Act_Manu'>, net_revenue<'Act_elect_agua_gas'>, net_revenue<'Act_const'>, net_revenue<'Act_serv'>, net_revenue<'Act_Min'>, p<'prod_Agri'>, p<'prod_Min'>, p<'prod_Manu'>, p<'prod_elect_agua_gas'>, p<'prod_const'>, p<'prod_serv'>, pd<'prod_Agri'>, pd<'prod_Min'>, pd<'prod_Manu'>, pd<'prod_elect_agua_gas'>, pd<'prod_const'>, pd<'prod_serv'>, pe<'prod_Agri'>, pe<'prod_Min'>, pe<'prod_Manu'>, pe<'prod_elect_agua_gas'>, pe<'prod_const'>, pe<'prod_serv'>, pi<'Act_Agri'>, pi<'Act_Manu'>, pi<'Act_elect_agua_gas'>, pi<'Act_const'>, pi<'Act_serv'>, pi<'Act_Min'>, pm<'prod_Agri'>, pm<'prod_Min'>, pm<'prod_Manu'>, pm<'prod_elect_agua_gas'>, pm<'prod_const'>, pm<'prod_serv'>, pz<'prod_Agri'>, pz<'prod_Min'>, pz<'prod_Manu'>, pz<'prod_elect_agua_gas'>, pz<'prod_const'>, pz<'prod_serv'>, revenue<'Act_Agri'>, revenue<'Act_Manu'>, revenue<'Act_elect_agua_gas'>, revenue<'Act_const'>, revenue<'Act_serv'>, revenue<'Act_Min'>, va_nom<'Act_Agri'>, va_nom<'Act_Manu'>, va_nom<'Act_elect_agua_gas'>, va_nom<'Act_const'>, va_nom<'Act_serv'>, va_nom<'Act_Min'>, Arancel_p<'prod_Agri'>, Arancel_p<'prod_Min'>, Arancel_p<'prod_Manu'>, Arancel_p<'prod_elect_agua_gas'>, Arancel_p<'prod_const'>, Arancel_p<'prod_serv'>, D<'prod_Agri'>, D<'prod_Min'>, D<'prod_Manu'>, D<'prod_elect_agua_gas'>, D<'prod_const'>, D<'prod_serv'>, DD<'prod_Agri'>, DD<'prod_Min'>, DD<'prod_Manu'>, DD<'prod_elect_agua_gas'>, DD<'prod_const'>, DD<'prod_serv'>, DS<'prod_Agri'>, DS<'prod_Min'>, DS<'prod_Manu'>, DS<'prod_elect_agua_gas'>, DS<'prod_const'>, DS<'prod_serv'>, EX<'prod_Agri'>, EX<'prod_Min'>, EX<'prod_Manu'>, EX<'prod_elect_agua_gas'>, EX<'prod_const'>, EX<'prod_serv'>, K<'Act_Agri'>, K<'Act_Manu'>, K<'Act_elect_agua_gas'>, K<'Act_const'>, K<'Act_serv'>, K<'Act_Min'>, L<'Act_Agri'>, L<'Act_Manu'>, L<'Act_elect_agua_gas'>, L<'Act_const'>, L<'Act_serv'>, L<'Act_Min'>, M<'prod_Agri'>, M<'prod_Min'>, M<'prod_Manu'>, M<'prod_elect_agua_gas'>, M<'prod_const'>, M<'prod_serv'>, PI_CET<'prod_Agri'>, PI_CET<'prod_Min'>, PI_CET<'prod_Manu'>, PI_CET<'prod_elect_agua_gas'>, PI_CET<'prod_const'>, PI_CET<'prod_serv'>, PI_ARM<'prod_Agri'>, PI_ARM<'prod_Min'>, PI_ARM<'prod_Manu'>, PI_ARM<'prod_elect_agua_gas'>, PI_ARM<'prod_const'>, PI_ARM<'prod_serv'>, Q<'prod_Agri'>, Q<'prod_Min'>, Q<'prod_Manu'>, Q<'prod_elect_agua_gas'>, Q<'prod_const'>, Q<'prod_serv'>, TD_Dom_PMin<'prod_Min'>, TD_Dom_PMin<'prod_Manu'>, TD_Dom_PMin<'prod_elect_agua_gas'>, TD_Dom_PMin<'prod_serv'>, V<'Act_Agri'>, V<'Act_Manu'>, V<'Act_elect_agua_gas'>, V<'Act_const'>, V<'Act_serv'>, V<'Act_Min'>, VAT_p<'prod_Agri'>, VAT_p<'prod_Min'>, VAT_p<'prod_Manu'>, VAT_p<'prod_elect_agua_gas'>, VAT_p<'prod_const'>, VAT_p<'prod_serv'>, X<'prod_Agri','Act_Agri'>, X<'prod_Agri','Act_Manu'>, X<'prod_Agri','Act_elect_agua_gas'>, X<'prod_Agri','Act_const'>, X<'prod_Agri','Act_serv'>, X<'prod_Agri','Act_Min'>, X<'prod_Min','Act_Agri'>, X<'prod_Min','Act_Manu'>, X<'prod_Min','Act_elect_agua_gas'>, X<'prod_Min','Act_const'>, X<'prod_Min','Act_serv'>, X<'prod_Min','Act_Min'>, X<'prod_Manu','Act_Agri'>, X<'prod_Manu','Act_Manu'>, X<'prod_Manu','Act_elect_agua_gas'>, X<'prod_Manu','Act_const'>, X<'prod_Manu','Act_serv'>, X<'prod_Manu','Act_Min'>, X<'prod_elect_agua_gas','Act_Agri'>, X<'prod_elect_agua_gas','Act_Manu'>, X<'prod_elect_agua_gas','Act_elect_agua_gas'>, X<'prod_elect_agua_gas','Act_const'>, X<'prod_elect_agua_gas','Act_serv'>, X<'prod_elect_agua_gas','Act_Min'>, X<'prod_const','Act_const'>, X<'prod_const','Act_serv'>, X<'prod_serv','Act_Agri'>, X<'prod_serv','Act_Manu'>, X<'prod_serv','Act_elect_agua_gas'>, X<'prod_serv','Act_const'>, X<'prod_serv','Act_serv'>, X<'prod_serv','Act_Min'>, Yap<'prod_Agri','Act_Agri'>, Yap<'prod_Agri','Act_Manu'>, Yap<'prod_Agri','Act_elect_agua_gas'>, Yap<'prod_Agri','Act_const'>, Yap<'prod_Agri','Act_serv'>, Yap<'prod_Agri','Act_Min'>, Yap<'prod_Min','Act_Agri'>, Yap<'prod_Min','Act_Manu'>, Yap<'prod_Min','Act_elect_agua_gas'>, Yap<'prod_Min','Act_const'>, Yap<'prod_Min','Act_serv'>, Yap<'prod_Min','Act_Min'>, Yap<'prod_Manu','Act_Agri'>, Yap<'prod_Manu','Act_Manu'>, Yap<'prod_Manu','Act_elect_agua_gas'>, Yap<'prod_Manu','Act_const'>, Yap<'prod_Manu','Act_serv'>, Yap<'prod_Manu','Act_Min'>, Yap<'prod_elect_agua_gas','Act_Agri'>, Yap<'prod_elect_agua_gas','Act_Manu'>, Yap<'prod_elect_agua_gas','Act_elect_agua_gas'>, Yap<'prod_elect_agua_gas','Act_const'>, Yap<'prod_elect_agua_gas','Act_serv'>, Yap<'prod_elect_agua_gas','Act_Min'>, Yap<'prod_const','Act_Agri'>, Yap<'prod_const','Act_Manu'>, Yap<'prod_const','Act_elect_agua_gas'>, Yap<'prod_const','Act_const'>, Yap<'prod_const','Act_serv'>, Yap<'prod_const','Act_Min'>, Yap<'prod_serv','Act_Agri'>, Yap<'prod_serv','Act_Manu'>, Yap<'prod_serv','Act_elect_agua_gas'>, Yap<'prod_serv','Act_const'>, Yap<'prod_serv','Act_serv'>, Yap<'prod_serv','Act_Min'>, Z<'prod_Agri'>, Z<'prod_Min'>, Z<'prod_Manu'>, Z<'prod_elect_agua_gas'>, Z<'prod_const'>, Z<'prod_serv'>

Parameters (217):
    damp_inv, fact_row_in_k_data, fact_row_in_l_data, fit, imptos_espec_data, k_total_data, l_total_data, l_force_data, omega, par_k_f, par_k_g, par_l_row, par_k_h, par_l_h, phi, pit, por_sav, por_cont, por_cont_soc_f, por_pres_soc_f, por_tr_f_g, por_tremp, por_cont_soc_g, por_pres_soc_g, pshdata, sh_i_h, sh_i_f, sh_i_g, sigma_t, sigma_q, trgov_data, w_pot_calib, SAVext_target, alpha<'prod_Agri'>, alpha<'prod_Manu'>, alpha<'prod_elect_agua_gas'>, alpha<'prod_serv'>, aq<'prod_Agri'>, aq<'prod_Min'>, aq<'prod_Manu'>, aq<'prod_elect_agua_gas'>, aq<'prod_const'>, aq<'prod_serv'>, at<'prod_Agri'>, at<'prod_Min'>, at<'prod_Manu'>, at<'prod_elect_agua_gas'>, at<'prod_serv'>, betak<'Act_Agri'>, betak<'Act_Manu'>, betak<'Act_elect_agua_gas'>, betak<'Act_const'>, betak<'Act_serv'>, betak<'Act_Min'>, betal<'Act_Agri'>, betal<'Act_Manu'>, betal<'Act_elect_agua_gas'>, betal<'Act_const'>, betal<'Act_serv'>, betal<'Act_Min'>, delta_m<'prod_Agri'>, delta_m<'prod_Min'>, delta_m<'prod_Manu'>, delta_m<'prod_elect_agua_gas'>, delta_m<'prod_const'>, delta_m<'prod_serv'>, dst_nc<'prod_Min'>, dst_nc<'prod_const'>, dst<'prod_Agri'>, dst<'prod_Manu'>, dst<'prod_elect_agua_gas'>, dst<'prod_serv'>, gamma<'Act_Agri'>, gamma<'Act_Manu'>, gamma<'Act_elect_agua_gas'>, gamma<'Act_const'>, gamma<'Act_serv'>, gamma<'Act_Min'>, gamma_e<'prod_Agri'>, gamma_e<'prod_Min'>, gamma_e<'prod_Manu'>, gamma_e<'prod_elect_agua_gas'>, gamma_e<'prod_serv'>, gg_market_data_p<'prod_Agri'>, gg_market_data_p<'prod_Min'>, gg_market_data_p<'prod_Manu'>, gg_market_data_p<'prod_elect_agua_gas'>, gg_market_data_p<'prod_const'>, gg_market_data_p<'prod_serv'>, imptos_espec_p<'prod_Agri'>, imptos_espec_p<'prod_Min'>, imptos_espec_p<'prod_Manu'>, imptos_espec_p<'prod_elect_agua_gas'>, imptos_espec_p<'prod_const'>, imptos_espec_p<'prod_serv'>, io<'prod_Agri','Act_Agri'>, io<'prod_Agri','Act_Manu'>, io<'prod_Agri','Act_elect_agua_gas'>, io<'prod_Agri','Act_const'>, io<'prod_Agri','Act_serv'>, io<'prod_Agri','Act_Min'>, io<'prod_Min','Act_Agri'>, io<'prod_Min','Act_Manu'>, io<'prod_Min','Act_elect_agua_gas'>, io<'prod_Min','Act_const'>, io<'prod_Min','Act_serv'>, io<'prod_Min','Act_Min'>, io<'prod_Manu','Act_Agri'>, io<'prod_Manu','Act_Manu'>, io<'prod_Manu','Act_elect_agua_gas'>, io<'prod_Manu','Act_const'>, io<'prod_Manu','Act_serv'>, io<'prod_Manu','Act_Min'>, io<'prod_elect_agua_gas','Act_Agri'>, io<'prod_elect_agua_gas','Act_Manu'>, io<'prod_elect_agua_gas','Act_elect_agua_gas'>, io<'prod_elect_agua_gas','Act_const'>, io<'prod_elect_agua_gas','Act_serv'>, io<'prod_elect_agua_gas','Act_Min'>, io<'prod_const','Act_const'>, io<'prod_const','Act_serv'>, io<'prod_serv','Act_Agri'>, io<'prod_serv','Act_Manu'>, io<'prod_serv','Act_elect_agua_gas'>, io<'prod_serv','Act_const'>, io<'prod_serv','Act_serv'>, io<'prod_serv','Act_Min'>, make_share<'prod_Agri','Act_Agri'>, make_share<'prod_Agri','Act_Manu'>, make_share<'prod_Agri','Act_elect_agua_gas'>, make_share<'prod_Agri','Act_const'>, make_share<'prod_Agri','Act_serv'>, make_share<'prod_Agri','Act_Min'>, make_share<'prod_Min','Act_Agri'>, make_share<'prod_Min','Act_Manu'>, make_share<'prod_Min','Act_elect_agua_gas'>, make_share<'prod_Min','Act_const'>, make_share<'prod_Min','Act_serv'>, make_share<'prod_Min','Act_Min'>, make_share<'prod_Manu','Act_Agri'>, make_share<'prod_Manu','Act_Manu'>, make_share<'prod_Manu','Act_elect_agua_gas'>, make_share<'prod_Manu','Act_const'>, make_share<'prod_Manu','Act_serv'>, make_share<'prod_Manu','Act_Min'>, make_share<'prod_elect_agua_gas','Act_Agri'>, make_share<'prod_elect_agua_gas','Act_Manu'>, make_share<'prod_elect_agua_gas','Act_elect_agua_gas'>, make_share<'prod_elect_agua_gas','Act_const'>, make_share<'prod_elect_agua_gas','Act_serv'>, make_share<'prod_elect_agua_gas','Act_Min'>, make_share<'prod_const','Act_Agri'>, make_share<'prod_const','Act_Manu'>, make_share<'prod_const','Act_elect_agua_gas'>, make_share<'prod_const','Act_const'>, make_share<'prod_const','Act_serv'>, make_share<'prod_const','Act_Min'>, make_share<'prod_serv','Act_Agri'>, make_share<'prod_serv','Act_Manu'>, make_share<'prod_serv','Act_elect_agua_gas'>, make_share<'prod_serv','Act_const'>, make_share<'prod_serv','Act_serv'>, make_share<'prod_serv','Act_Min'>, pworlde<'prod_Agri'>, pworlde<'prod_Min'>, pworlde<'prod_Manu'>, pworlde<'prod_elect_agua_gas'>, pworlde<'prod_const'>, pworlde<'prod_serv'>, pworldm<'prod_Agri'>, pworldm<'prod_Min'>, pworldm<'prod_Manu'>, pworldm<'prod_elect_agua_gas'>, pworldm<'prod_const'>, pworldm<'prod_serv'>, tar_rate<'prod_Agri'>, tar_rate<'prod_Min'>, tar_rate<'prod_Manu'>, tar_rate<'prod_elect_agua_gas'>, tar_rate<'prod_const'>, tar_rate<'prod_serv'>, tes<'Act_Agri'>, tes<'Act_Manu'>, tes<'Act_elect_agua_gas'>, tes<'Act_const'>, tes<'Act_serv'>, tes<'Act_Min'>, tps<'Act_Agri'>, tps<'Act_Manu'>, tps<'Act_elect_agua_gas'>, tps<'Act_const'>, tps<'Act_serv'>, tps<'Act_Min'>, vat<'prod_Agri'>, vat<'prod_Min'>, vat<'prod_Manu'>, vat<'prod_elect_agua_gas'>, vat<'prod_const'>, vat<'prod_serv'>, vexist<'prod_Agri'>, vexist<'prod_Min'>, vexist<'prod_Manu'>, vexist<'prod_elect_agua_gas'>, vexist<'prod_const'>, vexist<'prod_serv'>, vst<'Act_Agri'>, vst<'Act_Manu'>, vst<'Act_elect_agua_gas'>, vst<'Act_const'>, vst<'Act_serv'>, vst<'Act_Min'>, I_data<'prod_Agri'>, I_data<'prod_Min'>, I_data<'prod_Manu'>, I_data<'prod_elect_agua_gas'>, I_data<'prod_const'>, I_data<'prod_serv'>

Free parameters (195):
    damp_inv, fact_row_in_k_data, fact_row_in_l_data, fit, imptos_espec_data, k_total_data, l_total_data, l_force_data, omega, par_k_f, par_k_g, par_l_row, par_k_h, par_l_h, phi, pit, por_sav, por_cont, por_cont_soc_f, por_pres_soc_f, por_tr_f_g, por_tremp, por_cont_soc_g, por_pres_soc_g, pshdata, sh_i_h, sh_i_f, sh_i_g, sigma_t, sigma_q, trgov_data, w_pot_calib, SAVext_target, aq<'prod_Agri'>, aq<'prod_Min'>, aq<'prod_Manu'>, aq<'prod_elect_agua_gas'>, aq<'prod_const'>, aq<'prod_serv'>, at<'prod_Agri'>, at<'prod_Min'>, at<'prod_Manu'>, at<'prod_elect_agua_gas'>, at<'prod_serv'>, delta_m<'prod_Agri'>, delta_m<'prod_Min'>, delta_m<'prod_Manu'>, delta_m<'prod_elect_agua_gas'>, delta_m<'prod_const'>, delta_m<'prod_serv'>, dst_nc<'prod_Min'>, dst_nc<'prod_const'>, dst<'prod_Agri'>, dst<'prod_Manu'>, dst<'prod_elect_agua_gas'>, dst<'prod_serv'>, gamma_e<'prod_Agri'>, gamma_e<'prod_Min'>, gamma_e<'prod_Manu'>, gamma_e<'prod_elect_agua_gas'>, gamma_e<'prod_serv'>, gg_market_data_p<'prod_Agri'>, gg_market_data_p<'prod_Min'>, gg_market_data_p<'prod_Manu'>, gg_market_data_p<'prod_elect_agua_gas'>, gg_market_data_p<'prod_const'>, gg_market_data_p<'prod_serv'>, imptos_espec_p<'prod_Agri'>, imptos_espec_p<'prod_Min'>, imptos_espec_p<'prod_Manu'>, imptos_espec_p<'prod_elect_agua_gas'>, imptos_espec_p<'prod_const'>, imptos_espec_p<'prod_serv'>, io<'prod_Agri','Act_Agri'>, io<'prod_Agri','Act_Manu'>, io<'prod_Agri','Act_elect_agua_gas'>, io<'prod_Agri','Act_const'>, io<'prod_Agri','Act_serv'>, io<'prod_Agri','Act_Min'>, io<'prod_Min','Act_Agri'>, io<'prod_Min','Act_Manu'>, io<'prod_Min','Act_elect_agua_gas'>, io<'prod_Min','Act_const'>, io<'prod_Min','Act_serv'>, io<'prod_Min','Act_Min'>, io<'prod_Manu','Act_Agri'>, io<'prod_Manu','Act_Manu'>, io<'prod_Manu','Act_elect_agua_gas'>, io<'prod_Manu','Act_const'>, io<'prod_Manu','Act_serv'>, io<'prod_Manu','Act_Min'>, io<'prod_elect_agua_gas','Act_Agri'>, io<'prod_elect_agua_gas','Act_Manu'>, io<'prod_elect_agua_gas','Act_elect_agua_gas'>, io<'prod_elect_agua_gas','Act_const'>, io<'prod_elect_agua_gas','Act_serv'>, io<'prod_elect_agua_gas','Act_Min'>, io<'prod_const','Act_const'>, io<'prod_const','Act_serv'>, io<'prod_serv','Act_Agri'>, io<'prod_serv','Act_Manu'>, io<'prod_serv','Act_elect_agua_gas'>, io<'prod_serv','Act_const'>, io<'prod_serv','Act_serv'>, io<'prod_serv','Act_Min'>, make_share<'prod_Agri','Act_Agri'>, make_share<'prod_Agri','Act_Manu'>, make_share<'prod_Agri','Act_elect_agua_gas'>, make_share<'prod_Agri','Act_const'>, make_share<'prod_Agri','Act_serv'>, make_share<'prod_Agri','Act_Min'>, make_share<'prod_Min','Act_Agri'>, make_share<'prod_Min','Act_Manu'>, make_share<'prod_Min','Act_elect_agua_gas'>, make_share<'prod_Min','Act_const'>, make_share<'prod_Min','Act_serv'>, make_share<'prod_Min','Act_Min'>, make_share<'prod_Manu','Act_Agri'>, make_share<'prod_Manu','Act_Manu'>, make_share<'prod_Manu','Act_elect_agua_gas'>, make_share<'prod_Manu','Act_const'>, make_share<'prod_Manu','Act_serv'>, make_share<'prod_Manu','Act_Min'>, make_share<'prod_elect_agua_gas','Act_Agri'>, make_share<'prod_elect_agua_gas','Act_Manu'>, make_share<'prod_elect_agua_gas','Act_elect_agua_gas'>, make_share<'prod_elect_agua_gas','Act_const'>, make_share<'prod_elect_agua_gas','Act_serv'>, make_share<'prod_elect_agua_gas','Act_Min'>, make_share<'prod_const','Act_Agri'>, make_share<'prod_const','Act_Manu'>, make_share<'prod_const','Act_elect_agua_gas'>, make_share<'prod_const','Act_const'>, make_share<'prod_const','Act_serv'>, make_share<'prod_const','Act_Min'>, make_share<'prod_serv','Act_Agri'>, make_share<'prod_serv','Act_Manu'>, make_share<'prod_serv','Act_elect_agua_gas'>, make_share<'prod_serv','Act_const'>, make_share<'prod_serv','Act_serv'>, make_share<'prod_serv','Act_Min'>, pworlde<'prod_Agri'>, pworlde<'prod_Min'>, pworlde<'prod_Manu'>, pworlde<'prod_elect_agua_gas'>, pworlde<'prod_const'>, pworlde<'prod_serv'>, pworldm<'prod_Agri'>, pworldm<'prod_Min'>, pworldm<'prod_Manu'>, pworldm<'prod_elect_agua_gas'>, pworldm<'prod_const'>, pworldm<'prod_serv'>, tar_rate<'prod_Agri'>, tar_rate<'prod_Min'>, tar_rate<'prod_Manu'>, tar_rate<'prod_elect_agua_gas'>, tar_rate<'prod_const'>, tar_rate<'prod_serv'>, tes<'Act_Agri'>, tes<'Act_Manu'>, tes<'Act_elect_agua_gas'>, tes<'Act_const'>, tes<'Act_serv'>, tes<'Act_Min'>, tps<'Act_Agri'>, tps<'Act_Manu'>, tps<'Act_elect_agua_gas'>, tps<'Act_const'>, tps<'Act_serv'>, tps<'Act_Min'>, vat<'prod_Agri'>, vat<'prod_Min'>, vat<'prod_Manu'>, vat<'prod_elect_agua_gas'>, vat<'prod_const'>, vat<'prod_serv'>, vexist<'prod_Agri'>, vexist<'prod_Min'>, vexist<'prod_Manu'>, vexist<'prod_elect_agua_gas'>, vexist<'prod_const'>, vexist<'prod_serv'>, vst<'Act_Agri'>, vst<'Act_Manu'>, vst<'Act_elect_agua_gas'>, vst<'Act_const'>, vst<'Act_serv'>, vst<'Act_Min'>, I_data<'prod_Agri'>, I_data<'prod_Min'>, I_data<'prod_Manu'>, I_data<'prod_elect_agua_gas'>, I_data<'prod_const'>, I_data<'prod_serv'>

Calibrated parameters (22):
    alpha<'prod_Agri'>, alpha<'prod_Manu'>, alpha<'prod_elect_agua_gas'>, alpha<'prod_serv'>, betak<'Act_Agri'>, betak<'Act_Manu'>, betak<'Act_elect_agua_gas'>, betak<'Act_const'>, betak<'Act_serv'>, betak<'Act_Min'>, betal<'Act_Agri'>, betal<'Act_Manu'>, betal<'Act_elect_agua_gas'>, betal<'Act_const'>, betal<'Act_serv'>, betal<'Act_Min'>, gamma<'Act_Agri'>, gamma<'Act_Manu'>, gamma<'Act_elect_agua_gas'>, gamma<'Act_const'>, gamma<'Act_serv'>, gamma<'Act_Min'>

Equations (248):
 (1)  -EX<'prod_const'> = 0
 (2)  -PI_CET<'prod_const'> = 0
 (3)  1 - inv_adj_g = 0
 (4)  pshdata - PSh = 0
 (5)  trgov_data - TRGOV = 0
 (6)  SAVext_target - SAVext = 0
 (7)  dst_nc<'prod_Min'> - D<'prod_Min'> = 0
 (8)  dst_nc<'prod_const'> - D<'prod_const'> = 0
 (9)  -inv_adj_h + (sh_i_h^-1 * NOM_I_BASE^-1 * SAV)^damp_inv = 0
 (10)  -inv_adj_f + (sh_i_f^-1 * NOM_I_BASE^-1 * SAVf)^damp_inv = 0
 (11)  -pk + betak<'Act_Agri'> * gamma<'Act_Agri'> * (-io<'prod_Agri','Act_Agri'> * p<'prod_Agri'> - io<'prod_Min','Act_Agri'> * p<'prod_Min'> - io<'prod_Manu','Act_Agri'> * p<'prod_Manu'> - io<'prod_elect_agua_gas','Act_Agri'> * p<'prod_elect_agua_gas'> - io<'prod_serv','Act_Agri'> * p<'prod_serv'> + (1 - tes<'Act_Agri'> - tps<'Act_Agri'>) * (make_share<'prod_Agri','Act_Agri'> * pz<'prod_Agri'> + make_share<'prod_Min','Act_Agri'> * pz<'prod_Min'> + make_share<'prod_Manu','Act_Agri'> * pz<'prod_Manu'> + make_share<'prod_elect_agua_gas','Act_Agri'> * pz<'prod_elect_agua_gas'> + make_share<'prod_const','Act_Agri'> * pz<'prod_const'> + make_share<'prod_serv','Act_Agri'> * pz<'prod_serv'>)) * K<'Act_Agri'>^(-1 + betak<'Act_Agri'>) * L<'Act_Agri'>^betal<'Act_Agri'> = 0
 (12)  -pk + betak<'Act_Manu'> * gamma<'Act_Manu'> * (-io<'prod_Agri','Act_Manu'> * p<'prod_Agri'> - io<'prod_Min','Act_Manu'> * p<'prod_Min'> - io<'prod_Manu','Act_Manu'> * p<'prod_Manu'> - io<'prod_elect_agua_gas','Act_Manu'> * p<'prod_elect_agua_gas'> - io<'prod_serv','Act_Manu'> * p<'prod_serv'> + (1 - tes<'Act_Manu'> - tps<'Act_Manu'>) * (make_share<'prod_Agri','Act_Manu'> * pz<'prod_Agri'> + make_share<'prod_Min','Act_Manu'> * pz<'prod_Min'> + make_share<'prod_Manu','Act_Manu'> * pz<'prod_Manu'> + make_share<'prod_elect_agua_gas','Act_Manu'> * pz<'prod_elect_agua_gas'> + make_share<'prod_const','Act_Manu'> * pz<'prod_const'> + make_share<'prod_serv','Act_Manu'> * pz<'prod_serv'>)) * K<'Act_Manu'>^(-1 + betak<'Act_Manu'>) * L<'Act_Manu'>^betal<'Act_Manu'> = 0
 (13)  -pk + betak<'Act_elect_agua_gas'> * gamma<'Act_elect_agua_gas'> * (-io<'prod_Agri','Act_elect_agua_gas'> * p<'prod_Agri'> - io<'prod_Min','Act_elect_agua_gas'> * p<'prod_Min'> - io<'prod_Manu','Act_elect_agua_gas'> * p<'prod_Manu'> - io<'prod_elect_agua_gas','Act_elect_agua_gas'> * p<'prod_elect_agua_gas'> - io<'prod_serv','Act_elect_agua_gas'> * p<'prod_serv'> + (1 - tes<'Act_elect_agua_gas'> - tps<'Act_elect_agua_gas'>) * (make_share<'prod_Agri','Act_elect_agua_gas'> * pz<'prod_Agri'> + make_share<'prod_Min','Act_elect_agua_gas'> * pz<'prod_Min'> + make_share<'prod_Manu','Act_elect_agua_gas'> * pz<'prod_Manu'> + make_share<'prod_elect_agua_gas','Act_elect_agua_gas'> * pz<'prod_elect_agua_gas'> + make_share<'prod_const','Act_elect_agua_gas'> * pz<'prod_const'> + make_share<'prod_serv','Act_elect_agua_gas'> * pz<'prod_serv'>)) * K<'Act_elect_agua_gas'>^(-1 + betak<'Act_elect_agua_gas'>) * L<'Act_elect_agua_gas'>^betal<'Act_elect_agua_gas'> = 0
 (14)  -pk + betak<'Act_const'> * gamma<'Act_const'> * (-io<'prod_Agri','Act_const'> * p<'prod_Agri'> - io<'prod_Min','Act_const'> * p<'prod_Min'> - io<'prod_Manu','Act_const'> * p<'prod_Manu'> - io<'prod_elect_agua_gas','Act_const'> * p<'prod_elect_agua_gas'> - io<'prod_const','Act_const'> * p<'prod_const'> - io<'prod_serv','Act_const'> * p<'prod_serv'> + (1 - tes<'Act_const'> - tps<'Act_const'>) * (make_share<'prod_Agri','Act_const'> * pz<'prod_Agri'> + make_share<'prod_Min','Act_const'> * pz<'prod_Min'> + make_share<'prod_Manu','Act_const'> * pz<'prod_Manu'> + make_share<'prod_elect_agua_gas','Act_const'> * pz<'prod_elect_agua_gas'> + make_share<'prod_const','Act_const'> * pz<'prod_const'> + make_share<'prod_serv','Act_const'> * pz<'prod_serv'>)) * K<'Act_const'>^(-1 + betak<'Act_const'>) * L<'Act_const'>^betal<'Act_const'> = 0
 (15)  -pk + betak<'Act_serv'> * gamma<'Act_serv'> * (-io<'prod_Agri','Act_serv'> * p<'prod_Agri'> - io<'prod_Min','Act_serv'> * p<'prod_Min'> - io<'prod_Manu','Act_serv'> * p<'prod_Manu'> - io<'prod_elect_agua_gas','Act_serv'> * p<'prod_elect_agua_gas'> - io<'prod_const','Act_serv'> * p<'prod_const'> - io<'prod_serv','Act_serv'> * p<'prod_serv'> + (1 - tes<'Act_serv'> - tps<'Act_serv'>) * (make_share<'prod_Agri','Act_serv'> * pz<'prod_Agri'> + make_share<'prod_Min','Act_serv'> * pz<'prod_Min'> + make_share<'prod_Manu','Act_serv'> * pz<'prod_Manu'> + make_share<'prod_elect_agua_gas','Act_serv'> * pz<'prod_elect_agua_gas'> + make_share<'prod_const','Act_serv'> * pz<'prod_const'> + make_share<'prod_serv','Act_serv'> * pz<'prod_serv'>)) * K<'Act_serv'>^(-1 + betak<'Act_serv'>) * L<'Act_serv'>^betal<'Act_serv'> = 0
 (16)  -pk + betak<'Act_Min'> * gamma<'Act_Min'> * (-io<'prod_Agri','Act_Min'> * p<'prod_Agri'> - io<'prod_Min','Act_Min'> * p<'prod_Min'> - io<'prod_Manu','Act_Min'> * p<'prod_Manu'> - io<'prod_elect_agua_gas','Act_Min'> * p<'prod_elect_agua_gas'> - io<'prod_serv','Act_Min'> * p<'prod_serv'> + (1 - tes<'Act_Min'> - tps<'Act_Min'>) * (make_share<'prod_Agri','Act_Min'> * pz<'prod_Agri'> + make_share<'prod_Min','Act_Min'> * pz<'prod_Min'> + make_share<'prod_Manu','Act_Min'> * pz<'prod_Manu'> + make_share<'prod_elect_agua_gas','Act_Min'> * pz<'prod_elect_agua_gas'> + make_share<'prod_const','Act_Min'> * pz<'prod_const'> + make_share<'prod_serv','Act_Min'> * pz<'prod_serv'>)) * K<'Act_Min'>^(-1 + betak<'Act_Min'>) * L<'Act_Min'>^betal<'Act_Min'> = 0
 (17)  -u_rate + l_force_data^-1 * (l_force_data - LD) = 0
 (18)  -w + w_pot_calib * (l_force_data^-1 * LD)^phi = 0
 (19)  -w + betal<'Act_Agri'> * gamma<'Act_Agri'> * (-io<'prod_Agri','Act_Agri'> * p<'prod_Agri'> - io<'prod_Min','Act_Agri'> * p<'prod_Min'> - io<'prod_Manu','Act_Agri'> * p<'prod_Manu'> - io<'prod_elect_agua_gas','Act_Agri'> * p<'prod_elect_agua_gas'> - io<'prod_serv','Act_Agri'> * p<'prod_serv'> + (1 - tes<'Act_Agri'> - tps<'Act_Agri'>) * (make_share<'prod_Agri','Act_Agri'> * pz<'prod_Agri'> + make_share<'prod_Min','Act_Agri'> * pz<'prod_Min'> + make_share<'prod_Manu','Act_Agri'> * pz<'prod_Manu'> + make_share<'prod_elect_agua_gas','Act_Agri'> * pz<'prod_elect_agua_gas'> + make_share<'prod_const','Act_Agri'> * pz<'prod_const'> + make_share<'prod_serv','Act_Agri'> * pz<'prod_serv'>)) * K<'Act_Agri'>^betak<'Act_Agri'> * L<'Act_Agri'>^(-1 + betal<'Act_Agri'>) = 0
 (20)  -w + betal<'Act_Manu'> * gamma<'Act_Manu'> * (-io<'prod_Agri','Act_Manu'> * p<'prod_Agri'> - io<'prod_Min','Act_Manu'> * p<'prod_Min'> - io<'prod_Manu','Act_Manu'> * p<'prod_Manu'> - io<'prod_elect_agua_gas','Act_Manu'> * p<'prod_elect_agua_gas'> - io<'prod_serv','Act_Manu'> * p<'prod_serv'> + (1 - tes<'Act_Manu'> - tps<'Act_Manu'>) * (make_share<'prod_Agri','Act_Manu'> * pz<'prod_Agri'> + make_share<'prod_Min','Act_Manu'> * pz<'prod_Min'> + make_share<'prod_Manu','Act_Manu'> * pz<'prod_Manu'> + make_share<'prod_elect_agua_gas','Act_Manu'> * pz<'prod_elect_agua_gas'> + make_share<'prod_const','Act_Manu'> * pz<'prod_const'> + make_share<'prod_serv','Act_Manu'> * pz<'prod_serv'>)) * K<'Act_Manu'>^betak<'Act_Manu'> * L<'Act_Manu'>^(-1 + betal<'Act_Manu'>) = 0
 (21)  -w + betal<'Act_elect_agua_gas'> * gamma<'Act_elect_agua_gas'> * (-io<'prod_Agri','Act_elect_agua_gas'> * p<'prod_Agri'> - io<'prod_Min','Act_elect_agua_gas'> * p<'prod_Min'> - io<'prod_Manu','Act_elect_agua_gas'> * p<'prod_Manu'> - io<'prod_elect_agua_gas','Act_elect_agua_gas'> * p<'prod_elect_agua_gas'> - io<'prod_serv','Act_elect_agua_gas'> * p<'prod_serv'> + (1 - tes<'Act_elect_agua_gas'> - tps<'Act_elect_agua_gas'>) * (make_share<'prod_Agri','Act_elect_agua_gas'> * pz<'prod_Agri'> + make_share<'prod_Min','Act_elect_agua_gas'> * pz<'prod_Min'> + make_share<'prod_Manu','Act_elect_agua_gas'> * pz<'prod_Manu'> + make_share<'prod_elect_agua_gas','Act_elect_agua_gas'> * pz<'prod_elect_agua_gas'> + make_share<'prod_const','Act_elect_agua_gas'> * pz<'prod_const'> + make_share<'prod_serv','Act_elect_agua_gas'> * pz<'prod_serv'>)) * K<'Act_elect_agua_gas'>^betak<'Act_elect_agua_gas'> * L<'Act_elect_agua_gas'>^(-1 + betal<'Act_elect_agua_gas'>) = 0
 (22)  -w + betal<'Act_const'> * gamma<'Act_const'> * (-io<'prod_Agri','Act_const'> * p<'prod_Agri'> - io<'prod_Min','Act_const'> * p<'prod_Min'> - io<'prod_Manu','Act_const'> * p<'prod_Manu'> - io<'prod_elect_agua_gas','Act_const'> * p<'prod_elect_agua_gas'> - io<'prod_const','Act_const'> * p<'prod_const'> - io<'prod_serv','Act_const'> * p<'prod_serv'> + (1 - tes<'Act_const'> - tps<'Act_const'>) * (make_share<'prod_Agri','Act_const'> * pz<'prod_Agri'> + make_share<'prod_Min','Act_const'> * pz<'prod_Min'> + make_share<'prod_Manu','Act_const'> * pz<'prod_Manu'> + make_share<'prod_elect_agua_gas','Act_const'> * pz<'prod_elect_agua_gas'> + make_share<'prod_const','Act_const'> * pz<'prod_const'> + make_share<'prod_serv','Act_const'> * pz<'prod_serv'>)) * K<'Act_const'>^betak<'Act_const'> * L<'Act_const'>^(-1 + betal<'Act_const'>) = 0
 (23)  -w + betal<'Act_serv'> * gamma<'Act_serv'> * (-io<'prod_Agri','Act_serv'> * p<'prod_Agri'> - io<'prod_Min','Act_serv'> * p<'prod_Min'> - io<'prod_Manu','Act_serv'> * p<'prod_Manu'> - io<'prod_elect_agua_gas','Act_serv'> * p<'prod_elect_agua_gas'> - io<'prod_const','Act_serv'> * p<'prod_const'> - io<'prod_serv','Act_serv'> * p<'prod_serv'> + (1 - tes<'Act_serv'> - tps<'Act_serv'>) * (make_share<'prod_Agri','Act_serv'> * pz<'prod_Agri'> + make_share<'prod_Min','Act_serv'> * pz<'prod_Min'> + make_share<'prod_Manu','Act_serv'> * pz<'prod_Manu'> + make_share<'prod_elect_agua_gas','Act_serv'> * pz<'prod_elect_agua_gas'> + make_share<'prod_const','Act_serv'> * pz<'prod_const'> + make_share<'prod_serv','Act_serv'> * pz<'prod_serv'>)) * K<'Act_serv'>^betak<'Act_serv'> * L<'Act_serv'>^(-1 + betal<'Act_serv'>) = 0
 (24)  -w + betal<'Act_Min'> * gamma<'Act_Min'> * (-io<'prod_Agri','Act_Min'> * p<'prod_Agri'> - io<'prod_Min','Act_Min'> * p<'prod_Min'> - io<'prod_Manu','Act_Min'> * p<'prod_Manu'> - io<'prod_elect_agua_gas','Act_Min'> * p<'prod_elect_agua_gas'> - io<'prod_serv','Act_Min'> * p<'prod_serv'> + (1 - tes<'Act_Min'> - tps<'Act_Min'>) * (make_share<'prod_Agri','Act_Min'> * pz<'prod_Agri'> + make_share<'prod_Min','Act_Min'> * pz<'prod_Min'> + make_share<'prod_Manu','Act_Min'> * pz<'prod_Manu'> + make_share<'prod_elect_agua_gas','Act_Min'> * pz<'prod_elect_agua_gas'> + make_share<'prod_const','Act_Min'> * pz<'prod_const'> + make_share<'prod_serv','Act_Min'> * pz<'prod_serv'>)) * K<'Act_Min'>^betak<'Act_Min'> * L<'Act_Min'>^(-1 + betal<'Act_Min'>) = 0
 (25)  -CS + por_cont * INC = 0
 (26)  -FIRMTAX + fit * pk * Kf = 0
 (27)  -Kf + k_total_data * par_k_f = 0
 (28)  -Kg + k_total_data * par_k_g = 0
 (29)  -Kh + k_total_data * par_k_h = 0
 (30)  -Lh + par_l_h * LD = 0
 (31)  -PITAX + pit * (fact_row_in_k_data + fact_row_in_l_data + PSh + TRGOV + TREMP + pk * Kh + w * Lh) = 0
 (32)  -SAV + por_sav * INC = 0
 (33)  -TREMP + por_tremp * INGF = 0
 (34)  U - (alpha<'prod_Agri'> * D<'prod_Agri'>^(omega^-1 * (-1 + omega)) + alpha<'prod_Manu'> * D<'prod_Manu'>^(omega^-1 * (-1 + omega)) + alpha<'prod_elect_agua_gas'> * D<'prod_elect_agua_gas'>^(omega^-1 * (-1 + omega)) + alpha<'prod_serv'> * D<'prod_serv'>^(omega^-1 * (-1 + omega)))^(omega * (-1 + omega)^-1) = 0
 (35)  -net_revenue<'Act_Agri'> + revenue<'Act_Agri'> * (1 - tes<'Act_Agri'> - tps<'Act_Agri'>) = 0
 (36)  -net_revenue<'Act_Manu'> + revenue<'Act_Manu'> * (1 - tes<'Act_Manu'> - tps<'Act_Manu'>) = 0
 (37)  -net_revenue<'Act_elect_agua_gas'> + revenue<'Act_elect_agua_gas'> * (1 - tes<'Act_elect_agua_gas'> - tps<'Act_elect_agua_gas'>) = 0
 (38)  -net_revenue<'Act_const'> + revenue<'Act_const'> * (1 - tes<'Act_const'> - tps<'Act_const'>) = 0
 (39)  -net_revenue<'Act_serv'> + revenue<'Act_serv'> * (1 - tes<'Act_serv'> - tps<'Act_serv'>) = 0
 (40)  -net_revenue<'Act_Min'> + revenue<'Act_Min'> * (1 - tes<'Act_Min'> - tps<'Act_Min'>) = 0
 (41)  -pd<'prod_Agri'> + aq<'prod_Agri'> * p<'prod_Agri'> * (1 - delta_m<'prod_Agri'>) * DD<'prod_Agri'>^(-1 + sigma_q^-1 * (-1 + sigma_q)) * (delta_m<'prod_Agri'> * M<'prod_Agri'>^(sigma_q^-1 * (-1 + sigma_q)) + (1 - delta_m<'prod_Agri'>) * DD<'prod_Agri'>^(sigma_q^-1 * (-1 + sigma_q)))^(-1 + sigma_q * (-1 + sigma_q)^-1) = 0
 (42)  pd<'prod_Agri'> - at<'prod_Agri'> * pz<'prod_Agri'> * (1 - gamma_e<'prod_Agri'>) * DS<'prod_Agri'>^(-1 + sigma_t^-1 * (1 + sigma_t)) * (gamma_e<'prod_Agri'> * EX<'prod_Agri'>^(sigma_t^-1 * (1 + sigma_t)) + (1 - gamma_e<'prod_Agri'>) * DS<'prod_Agri'>^(sigma_t^-1 * (1 + sigma_t)))^(-1 + sigma_t * (1 + sigma_t)^-1) = 0
 (43)  -pd<'prod_Min'> + aq<'prod_Min'> * p<'prod_Min'> * (1 - delta_m<'prod_Min'>) * DD<'prod_Min'>^(-1 + sigma_q^-1 * (-1 + sigma_q)) * (delta_m<'prod_Min'> * M<'prod_Min'>^(sigma_q^-1 * (-1 + sigma_q)) + (1 - delta_m<'prod_Min'>) * DD<'prod_Min'>^(sigma_q^-1 * (-1 + sigma_q)))^(-1 + sigma_q * (-1 + sigma_q)^-1) = 0
 (44)  pd<'prod_Min'> - at<'prod_Min'> * pz<'prod_Min'> * (1 - gamma_e<'prod_Min'>) * DS<'prod_Min'>^(-1 + sigma_t^-1 * (1 + sigma_t)) * (gamma_e<'prod_Min'> * EX<'prod_Min'>^(sigma_t^-1 * (1 + sigma_t)) + (1 - gamma_e<'prod_Min'>) * DS<'prod_Min'>^(sigma_t^-1 * (1 + sigma_t)))^(-1 + sigma_t * (1 + sigma_t)^-1) = 0
 (45)  -pd<'prod_Manu'> + aq<'prod_Manu'> * p<'prod_Manu'> * (1 - delta_m<'prod_Manu'>) * DD<'prod_Manu'>^(-1 + sigma_q^-1 * (-1 + sigma_q)) * (delta_m<'prod_Manu'> * M<'prod_Manu'>^(sigma_q^-1 * (-1 + sigma_q)) + (1 - delta_m<'prod_Manu'>) * DD<'prod_Manu'>^(sigma_q^-1 * (-1 + sigma_q)))^(-1 + sigma_q * (-1 + sigma_q)^-1) = 0
 (46)  pd<'prod_Manu'> - at<'prod_Manu'> * pz<'prod_Manu'> * (1 - gamma_e<'prod_Manu'>) * DS<'prod_Manu'>^(-1 + sigma_t^-1 * (1 + sigma_t)) * (gamma_e<'prod_Manu'> * EX<'prod_Manu'>^(sigma_t^-1 * (1 + sigma_t)) + (1 - gamma_e<'prod_Manu'>) * DS<'prod_Manu'>^(sigma_t^-1 * (1 + sigma_t)))^(-1 + sigma_t * (1 + sigma_t)^-1) = 0
 (47)  -pd<'prod_elect_agua_gas'> + aq<'prod_elect_agua_gas'> * p<'prod_elect_agua_gas'> * (1 - delta_m<'prod_elect_agua_gas'>) * DD<'prod_elect_agua_gas'>^(-1 + sigma_q^-1 * (-1 + sigma_q)) * (delta_m<'prod_elect_agua_gas'> * M<'prod_elect_agua_gas'>^(sigma_q^-1 * (-1 + sigma_q)) + (1 - delta_m<'prod_elect_agua_gas'>) * DD<'prod_elect_agua_gas'>^(sigma_q^-1 * (-1 + sigma_q)))^(-1 + sigma_q * (-1 + sigma_q)^-1) = 0
 (48)  pd<'prod_elect_agua_gas'> - at<'prod_elect_agua_gas'> * pz<'prod_elect_agua_gas'> * (1 - gamma_e<'prod_elect_agua_gas'>) * DS<'prod_elect_agua_gas'>^(-1 + sigma_t^-1 * (1 + sigma_t)) * (gamma_e<'prod_elect_agua_gas'> * EX<'prod_elect_agua_gas'>^(sigma_t^-1 * (1 + sigma_t)) + (1 - gamma_e<'prod_elect_agua_gas'>) * DS<'prod_elect_agua_gas'>^(sigma_t^-1 * (1 + sigma_t)))^(-1 + sigma_t * (1 + sigma_t)^-1) = 0
 (49)  -pd<'prod_const'> + aq<'prod_const'> * p<'prod_const'> * (1 - delta_m<'prod_const'>) * DD<'prod_const'>^(-1 + sigma_q^-1 * (-1 + sigma_q)) * (delta_m<'prod_const'> * M<'prod_const'>^(sigma_q^-1 * (-1 + sigma_q)) + (1 - delta_m<'prod_const'>) * DD<'prod_const'>^(sigma_q^-1 * (-1 + sigma_q)))^(-1 + sigma_q * (-1 + sigma_q)^-1) = 0
 (50)  pd<'prod_const'> - pz<'prod_const'> = 0
 (51)  -pd<'prod_serv'> + aq<'prod_serv'> * p<'prod_serv'> * (1 - delta_m<'prod_serv'>) * DD<'prod_serv'>^(-1 + sigma_q^-1 * (-1 + sigma_q)) * (delta_m<'prod_serv'> * M<'prod_serv'>^(sigma_q^-1 * (-1 + sigma_q)) + (1 - delta_m<'prod_serv'>) * DD<'prod_serv'>^(sigma_q^-1 * (-1 + sigma_q)))^(-1 + sigma_q * (-1 + sigma_q)^-1) = 0
 (52)  pd<'prod_serv'> - at<'prod_serv'> * pz<'prod_serv'> * (1 - gamma_e<'prod_serv'>) * DS<'prod_serv'>^(-1 + sigma_t^-1 * (1 + sigma_t)) * (gamma_e<'prod_serv'> * EX<'prod_serv'>^(sigma_t^-1 * (1 + sigma_t)) + (1 - gamma_e<'prod_serv'>) * DS<'prod_serv'>^(sigma_t^-1 * (1 + sigma_t)))^(-1 + sigma_t * (1 + sigma_t)^-1) = 0
 (53)  -pe<'prod_Agri'> + pworlde<'prod_Agri'> * exr = 0
 (54)  pe<'prod_Agri'> - at<'prod_Agri'> * gamma_e<'prod_Agri'> * pz<'prod_Agri'> * EX<'prod_Agri'>^(-1 + sigma_t^-1 * (1 + sigma_t)) * (gamma_e<'prod_Agri'> * EX<'prod_Agri'>^(sigma_t^-1 * (1 + sigma_t)) + (1 - gamma_e<'prod_Agri'>) * DS<'prod_Agri'>^(sigma_t^-1 * (1 + sigma_t)))^(-1 + sigma_t * (1 + sigma_t)^-1) = 0
 (55)  -pe<'prod_Min'> + pworlde<'prod_Min'> * exr = 0
 (56)  pe<'prod_Min'> - at<'prod_Min'> * gamma_e<'prod_Min'> * pz<'prod_Min'> * EX<'prod_Min'>^(-1 + sigma_t^-1 * (1 + sigma_t)) * (gamma_e<'prod_Min'> * EX<'prod_Min'>^(sigma_t^-1 * (1 + sigma_t)) + (1 - gamma_e<'prod_Min'>) * DS<'prod_Min'>^(sigma_t^-1 * (1 + sigma_t)))^(-1 + sigma_t * (1 + sigma_t)^-1) = 0
 (57)  -pe<'prod_Manu'> + pworlde<'prod_Manu'> * exr = 0
 (58)  pe<'prod_Manu'> - at<'prod_Manu'> * gamma_e<'prod_Manu'> * pz<'prod_Manu'> * EX<'prod_Manu'>^(-1 + sigma_t^-1 * (1 + sigma_t)) * (gamma_e<'prod_Manu'> * EX<'prod_Manu'>^(sigma_t^-1 * (1 + sigma_t)) + (1 - gamma_e<'prod_Manu'>) * DS<'prod_Manu'>^(sigma_t^-1 * (1 + sigma_t)))^(-1 + sigma_t * (1 + sigma_t)^-1) = 0
 (59)  -pe<'prod_elect_agua_gas'> + pworlde<'prod_elect_agua_gas'> * exr = 0
 (60)  pe<'prod_elect_agua_gas'> - at<'prod_elect_agua_gas'> * gamma_e<'prod_elect_agua_gas'> * pz<'prod_elect_agua_gas'> * EX<'prod_elect_agua_gas'>^(-1 + sigma_t^-1 * (1 + sigma_t)) * (gamma_e<'prod_elect_agua_gas'> * EX<'prod_elect_agua_gas'>^(sigma_t^-1 * (1 + sigma_t)) + (1 - gamma_e<'prod_elect_agua_gas'>) * DS<'prod_elect_agua_gas'>^(sigma_t^-1 * (1 + sigma_t)))^(-1 + sigma_t * (1 + sigma_t)^-1) = 0
 (61)  -pe<'prod_const'> + pworlde<'prod_const'> * exr = 0
 (62)  -pe<'prod_serv'> + pworlde<'prod_serv'> * exr = 0
 (63)  pe<'prod_serv'> - at<'prod_serv'> * gamma_e<'prod_serv'> * pz<'prod_serv'> * EX<'prod_serv'>^(-1 + sigma_t^-1 * (1 + sigma_t)) * (gamma_e<'prod_serv'> * EX<'prod_serv'>^(sigma_t^-1 * (1 + sigma_t)) + (1 - gamma_e<'prod_serv'>) * DS<'prod_serv'>^(sigma_t^-1 * (1 + sigma_t)))^(-1 + sigma_t * (1 + sigma_t)^-1) = 0
 (64)  -pm<'prod_Agri'> + pworldm<'prod_Agri'> * exr * (1 + tar_rate<'prod_Agri'>) = 0
 (65)  -pm<'prod_Agri'> + aq<'prod_Agri'> * delta_m<'prod_Agri'> * p<'prod_Agri'> * M<'prod_Agri'>^(-1 + sigma_q^-1 * (-1 + sigma_q)) * (delta_m<'prod_Agri'> * M<'prod_Agri'>^(sigma_q^-1 * (-1 + sigma_q)) + (1 - delta_m<'prod_Agri'>) * DD<'prod_Agri'>^(sigma_q^-1 * (-1 + sigma_q)))^(-1 + sigma_q * (-1 + sigma_q)^-1) = 0
 (66)  -pm<'prod_Min'> + pworldm<'prod_Min'> * exr * (1 + tar_rate<'prod_Min'>) = 0
 (67)  -pm<'prod_Min'> + aq<'prod_Min'> * delta_m<'prod_Min'> * p<'prod_Min'> * M<'prod_Min'>^(-1 + sigma_q^-1 * (-1 + sigma_q)) * (delta_m<'prod_Min'> * M<'prod_Min'>^(sigma_q^-1 * (-1 + sigma_q)) + (1 - delta_m<'prod_Min'>) * DD<'prod_Min'>^(sigma_q^-1 * (-1 + sigma_q)))^(-1 + sigma_q * (-1 + sigma_q)^-1) = 0
 (68)  -pm<'prod_Manu'> + pworldm<'prod_Manu'> * exr * (1 + tar_rate<'prod_Manu'>) = 0
 (69)  -pm<'prod_Manu'> + aq<'prod_Manu'> * delta_m<'prod_Manu'> * p<'prod_Manu'> * M<'prod_Manu'>^(-1 + sigma_q^-1 * (-1 + sigma_q)) * (delta_m<'prod_Manu'> * M<'prod_Manu'>^(sigma_q^-1 * (-1 + sigma_q)) + (1 - delta_m<'prod_Manu'>) * DD<'prod_Manu'>^(sigma_q^-1 * (-1 + sigma_q)))^(-1 + sigma_q * (-1 + sigma_q)^-1) = 0
 (70)  -pm<'prod_elect_agua_gas'> + pworldm<'prod_elect_agua_gas'> * exr * (1 + tar_rate<'prod_elect_agua_gas'>) = 0
 (71)  -pm<'prod_elect_agua_gas'> + aq<'prod_elect_agua_gas'> * delta_m<'prod_elect_agua_gas'> * p<'prod_elect_agua_gas'> * M<'prod_elect_agua_gas'>^(-1 + sigma_q^-1 * (-1 + sigma_q)) * (delta_m<'prod_elect_agua_gas'> * M<'prod_elect_agua_gas'>^(sigma_q^-1 * (-1 + sigma_q)) + (1 - delta_m<'prod_elect_agua_gas'>) * DD<'prod_elect_agua_gas'>^(sigma_q^-1 * (-1 + sigma_q)))^(-1 + sigma_q * (-1 + sigma_q)^-1) = 0
 (72)  -pm<'prod_const'> + pworldm<'prod_const'> * exr * (1 + tar_rate<'prod_const'>) = 0
 (73)  -pm<'prod_const'> + aq<'prod_const'> * delta_m<'prod_const'> * p<'prod_const'> * M<'prod_const'>^(-1 + sigma_q^-1 * (-1 + sigma_q)) * (delta_m<'prod_const'> * M<'prod_const'>^(sigma_q^-1 * (-1 + sigma_q)) + (1 - delta_m<'prod_const'>) * DD<'prod_const'>^(sigma_q^-1 * (-1 + sigma_q)))^(-1 + sigma_q * (-1 + sigma_q)^-1) = 0
 (74)  -pm<'prod_serv'> + pworldm<'prod_serv'> * exr * (1 + tar_rate<'prod_serv'>) = 0
 (75)  -pm<'prod_serv'> + aq<'prod_serv'> * delta_m<'prod_serv'> * p<'prod_serv'> * M<'prod_serv'>^(-1 + sigma_q^-1 * (-1 + sigma_q)) * (delta_m<'prod_serv'> * M<'prod_serv'>^(sigma_q^-1 * (-1 + sigma_q)) + (1 - delta_m<'prod_serv'>) * DD<'prod_serv'>^(sigma_q^-1 * (-1 + sigma_q)))^(-1 + sigma_q * (-1 + sigma_q)^-1) = 0
 (76)  -Arancel_p<'prod_Agri'> + pworldm<'prod_Agri'> * tar_rate<'prod_Agri'> * exr * M<'prod_Agri'> = 0
 (77)  -Arancel_p<'prod_Min'> + pworldm<'prod_Min'> * tar_rate<'prod_Min'> * exr * M<'prod_Min'> = 0
 (78)  -Arancel_p<'prod_Manu'> + pworldm<'prod_Manu'> * tar_rate<'prod_Manu'> * exr * M<'prod_Manu'> = 0
 (79)  -Arancel_p<'prod_elect_agua_gas'> + pworldm<'prod_elect_agua_gas'> * tar_rate<'prod_elect_agua_gas'> * exr * M<'prod_elect_agua_gas'> = 0
 (80)  -Arancel_p<'prod_const'> + pworldm<'prod_const'> * tar_rate<'prod_const'> * exr * M<'prod_const'> = 0
 (81)  -Arancel_p<'prod_serv'> + pworldm<'prod_serv'> * tar_rate<'prod_serv'> * exr * M<'prod_serv'> = 0
 (82)  -DD<'prod_Agri'> + DS<'prod_Agri'> = 0
 (83)  -DD<'prod_Min'> + DS<'prod_Min'> = 0
 (84)  -DD<'prod_Manu'> + DS<'prod_Manu'> = 0
 (85)  -DD<'prod_elect_agua_gas'> + DS<'prod_elect_agua_gas'> = 0
 (86)  -DD<'prod_const'> + DS<'prod_const'> = 0
 (87)  -DD<'prod_serv'> + DS<'prod_serv'> = 0
 (88)  -DS<'prod_const'> + Z<'prod_const'> = 0
 (89)  -Q<'prod_Agri'> + aq<'prod_Agri'> * (delta_m<'prod_Agri'> * M<'prod_Agri'>^(sigma_q^-1 * (-1 + sigma_q)) + (1 - delta_m<'prod_Agri'>) * DD<'prod_Agri'>^(sigma_q^-1 * (-1 + sigma_q)))^(sigma_q * (-1 + sigma_q)^-1) = 0
 (90)  -Q<'prod_Min'> + aq<'prod_Min'> * (delta_m<'prod_Min'> * M<'prod_Min'>^(sigma_q^-1 * (-1 + sigma_q)) + (1 - delta_m<'prod_Min'>) * DD<'prod_Min'>^(sigma_q^-1 * (-1 + sigma_q)))^(sigma_q * (-1 + sigma_q)^-1) = 0
 (91)  -Q<'prod_Manu'> + aq<'prod_Manu'> * (delta_m<'prod_Manu'> * M<'prod_Manu'>^(sigma_q^-1 * (-1 + sigma_q)) + (1 - delta_m<'prod_Manu'>) * DD<'prod_Manu'>^(sigma_q^-1 * (-1 + sigma_q)))^(sigma_q * (-1 + sigma_q)^-1) = 0
 (92)  -Q<'prod_elect_agua_gas'> + aq<'prod_elect_agua_gas'> * (delta_m<'prod_elect_agua_gas'> * M<'prod_elect_agua_gas'>^(sigma_q^-1 * (-1 + sigma_q)) + (1 - delta_m<'prod_elect_agua_gas'>) * DD<'prod_elect_agua_gas'>^(sigma_q^-1 * (-1 + sigma_q)))^(sigma_q * (-1 + sigma_q)^-1) = 0
 (93)  -Q<'prod_const'> + aq<'prod_const'> * (delta_m<'prod_const'> * M<'prod_const'>^(sigma_q^-1 * (-1 + sigma_q)) + (1 - delta_m<'prod_const'>) * DD<'prod_const'>^(sigma_q^-1 * (-1 + sigma_q)))^(sigma_q * (-1 + sigma_q)^-1) = 0
 (94)  -Q<'prod_serv'> + aq<'prod_serv'> * (delta_m<'prod_serv'> * M<'prod_serv'>^(sigma_q^-1 * (-1 + sigma_q)) + (1 - delta_m<'prod_serv'>) * DD<'prod_serv'>^(sigma_q^-1 * (-1 + sigma_q)))^(sigma_q * (-1 + sigma_q)^-1) = 0
 (95)  -V<'Act_Agri'> + gamma<'Act_Agri'> * K<'Act_Agri'>^betak<'Act_Agri'> * L<'Act_Agri'>^betal<'Act_Agri'> = 0
 (96)  -V<'Act_Manu'> + gamma<'Act_Manu'> * K<'Act_Manu'>^betak<'Act_Manu'> * L<'Act_Manu'>^betal<'Act_Manu'> = 0
 (97)  -V<'Act_elect_agua_gas'> + gamma<'Act_elect_agua_gas'> * K<'Act_elect_agua_gas'>^betak<'Act_elect_agua_gas'> * L<'Act_elect_agua_gas'>^betal<'Act_elect_agua_gas'> = 0
 (98)  -V<'Act_const'> + gamma<'Act_const'> * K<'Act_const'>^betak<'Act_const'> * L<'Act_const'>^betal<'Act_const'> = 0
 (99)  -V<'Act_serv'> + gamma<'Act_serv'> * K<'Act_serv'>^betak<'Act_serv'> * L<'Act_serv'>^betal<'Act_serv'> = 0
 (100)  -V<'Act_Min'> + gamma<'Act_Min'> * K<'Act_Min'>^betak<'Act_Min'> * L<'Act_Min'>^betal<'Act_Min'> = 0
 (101)  -VAT_p<'prod_Agri'> + vat<'prod_Agri'> * TD_Dom_Agri * p<'prod_Agri'> = 0
 (102)  -VAT_p<'prod_Min'> + vat<'prod_Min'> * p<'prod_Min'> * TD_Dom_PMin<'prod_Min'> = 0
 (103)  -VAT_p<'prod_Manu'> + vat<'prod_Manu'> * p<'prod_Manu'> * TD_Dom_PMin<'prod_Manu'> = 0
 (104)  -VAT_p<'prod_elect_agua_gas'> + vat<'prod_elect_agua_gas'> * p<'prod_elect_agua_gas'> * TD_Dom_PMin<'prod_elect_agua_gas'> = 0
 (105)  -VAT_p<'prod_const'> + vat<'prod_const'> * TD_Dom_Const * p<'prod_const'> = 0
 (106)  -VAT_p<'prod_serv'> + vat<'prod_serv'> * p<'prod_serv'> * TD_Dom_PMin<'prod_serv'> = 0
 (107)  -X<'prod_Agri','Act_Agri'> + io<'prod_Agri','Act_Agri'> * V<'Act_Agri'> = 0
 (108)  -X<'prod_Agri','Act_Manu'> + io<'prod_Agri','Act_Manu'> * V<'Act_Manu'> = 0
 (109)  -X<'prod_Agri','Act_elect_agua_gas'> + io<'prod_Agri','Act_elect_agua_gas'> * V<'Act_elect_agua_gas'> = 0
 (110)  -X<'prod_Agri','Act_const'> + io<'prod_Agri','Act_const'> * V<'Act_const'> = 0
 (111)  -X<'prod_Agri','Act_serv'> + io<'prod_Agri','Act_serv'> * V<'Act_serv'> = 0
 (112)  -X<'prod_Agri','Act_Min'> + io<'prod_Agri','Act_Min'> * V<'Act_Min'> = 0
 (113)  -X<'prod_Min','Act_Agri'> + io<'prod_Min','Act_Agri'> * V<'Act_Agri'> = 0
 (114)  -X<'prod_Min','Act_Manu'> + io<'prod_Min','Act_Manu'> * V<'Act_Manu'> = 0
 (115)  -X<'prod_Min','Act_elect_agua_gas'> + io<'prod_Min','Act_elect_agua_gas'> * V<'Act_elect_agua_gas'> = 0
 (116)  -X<'prod_Min','Act_const'> + io<'prod_Min','Act_const'> * V<'Act_const'> = 0
 (117)  -X<'prod_Min','Act_serv'> + io<'prod_Min','Act_serv'> * V<'Act_serv'> = 0
 (118)  -X<'prod_Min','Act_Min'> + io<'prod_Min','Act_Min'> * V<'Act_Min'> = 0
 (119)  -X<'prod_Manu','Act_Agri'> + io<'prod_Manu','Act_Agri'> * V<'Act_Agri'> = 0
 (120)  -X<'prod_Manu','Act_Manu'> + io<'prod_Manu','Act_Manu'> * V<'Act_Manu'> = 0
 (121)  -X<'prod_Manu','Act_elect_agua_gas'> + io<'prod_Manu','Act_elect_agua_gas'> * V<'Act_elect_agua_gas'> = 0
 (122)  -X<'prod_Manu','Act_const'> + io<'prod_Manu','Act_const'> * V<'Act_const'> = 0
 (123)  -X<'prod_Manu','Act_serv'> + io<'prod_Manu','Act_serv'> * V<'Act_serv'> = 0
 (124)  -X<'prod_Manu','Act_Min'> + io<'prod_Manu','Act_Min'> * V<'Act_Min'> = 0
 (125)  -X<'prod_elect_agua_gas','Act_Agri'> + io<'prod_elect_agua_gas','Act_Agri'> * V<'Act_Agri'> = 0
 (126)  -X<'prod_elect_agua_gas','Act_Manu'> + io<'prod_elect_agua_gas','Act_Manu'> * V<'Act_Manu'> = 0
 (127)  -X<'prod_elect_agua_gas','Act_elect_agua_gas'> + io<'prod_elect_agua_gas','Act_elect_agua_gas'> * V<'Act_elect_agua_gas'> = 0
 (128)  -X<'prod_elect_agua_gas','Act_const'> + io<'prod_elect_agua_gas','Act_const'> * V<'Act_const'> = 0
 (129)  -X<'prod_elect_agua_gas','Act_serv'> + io<'prod_elect_agua_gas','Act_serv'> * V<'Act_serv'> = 0
 (130)  -X<'prod_elect_agua_gas','Act_Min'> + io<'prod_elect_agua_gas','Act_Min'> * V<'Act_Min'> = 0
 (131)  -X<'prod_const','Act_const'> + io<'prod_const','Act_const'> * V<'Act_const'> = 0
 (132)  -X<'prod_const','Act_serv'> + io<'prod_const','Act_serv'> * V<'Act_serv'> = 0
 (133)  -X<'prod_serv','Act_Agri'> + io<'prod_serv','Act_Agri'> * V<'Act_Agri'> = 0
 (134)  -X<'prod_serv','Act_Manu'> + io<'prod_serv','Act_Manu'> * V<'Act_Manu'> = 0
 (135)  -X<'prod_serv','Act_elect_agua_gas'> + io<'prod_serv','Act_elect_agua_gas'> * V<'Act_elect_agua_gas'> = 0
 (136)  -X<'prod_serv','Act_const'> + io<'prod_serv','Act_const'> * V<'Act_const'> = 0
 (137)  -X<'prod_serv','Act_serv'> + io<'prod_serv','Act_serv'> * V<'Act_serv'> = 0
 (138)  -X<'prod_serv','Act_Min'> + io<'prod_serv','Act_Min'> * V<'Act_Min'> = 0
 (139)  -Yap<'prod_Agri','Act_Agri'> + make_share<'prod_Agri','Act_Agri'> * V<'Act_Agri'> = 0
 (140)  -Yap<'prod_Agri','Act_Manu'> + make_share<'prod_Agri','Act_Manu'> * V<'Act_Manu'> = 0
 (141)  -Yap<'prod_Agri','Act_elect_agua_gas'> + make_share<'prod_Agri','Act_elect_agua_gas'> * V<'Act_elect_agua_gas'> = 0
 (142)  -Yap<'prod_Agri','Act_const'> + make_share<'prod_Agri','Act_const'> * V<'Act_const'> = 0
 (143)  -Yap<'prod_Agri','Act_serv'> + make_share<'prod_Agri','Act_serv'> * V<'Act_serv'> = 0
 (144)  -Yap<'prod_Agri','Act_Min'> + make_share<'prod_Agri','Act_Min'> * V<'Act_Min'> = 0
 (145)  -Yap<'prod_Min','Act_Agri'> + make_share<'prod_Min','Act_Agri'> * V<'Act_Agri'> = 0
 (146)  -Yap<'prod_Min','Act_Manu'> + make_share<'prod_Min','Act_Manu'> * V<'Act_Manu'> = 0
 (147)  -Yap<'prod_Min','Act_elect_agua_gas'> + make_share<'prod_Min','Act_elect_agua_gas'> * V<'Act_elect_agua_gas'> = 0
 (148)  -Yap<'prod_Min','Act_const'> + make_share<'prod_Min','Act_const'> * V<'Act_const'> = 0
 (149)  -Yap<'prod_Min','Act_serv'> + make_share<'prod_Min','Act_serv'> * V<'Act_serv'> = 0
 (150)  -Yap<'prod_Min','Act_Min'> + make_share<'prod_Min','Act_Min'> * V<'Act_Min'> = 0
 (151)  -Yap<'prod_Manu','Act_Agri'> + make_share<'prod_Manu','Act_Agri'> * V<'Act_Agri'> = 0
 (152)  -Yap<'prod_Manu','Act_Manu'> + make_share<'prod_Manu','Act_Manu'> * V<'Act_Manu'> = 0
 (153)  -Yap<'prod_Manu','Act_elect_agua_gas'> + make_share<'prod_Manu','Act_elect_agua_gas'> * V<'Act_elect_agua_gas'> = 0
 (154)  -Yap<'prod_Manu','Act_const'> + make_share<'prod_Manu','Act_const'> * V<'Act_const'> = 0
 (155)  -Yap<'prod_Manu','Act_serv'> + make_share<'prod_Manu','Act_serv'> * V<'Act_serv'> = 0
 (156)  -Yap<'prod_Manu','Act_Min'> + make_share<'prod_Manu','Act_Min'> * V<'Act_Min'> = 0
 (157)  -Yap<'prod_elect_agua_gas','Act_Agri'> + make_share<'prod_elect_agua_gas','Act_Agri'> * V<'Act_Agri'> = 0
 (158)  -Yap<'prod_elect_agua_gas','Act_Manu'> + make_share<'prod_elect_agua_gas','Act_Manu'> * V<'Act_Manu'> = 0
 (159)  -Yap<'prod_elect_agua_gas','Act_elect_agua_gas'> + make_share<'prod_elect_agua_gas','Act_elect_agua_gas'> * V<'Act_elect_agua_gas'> = 0
 (160)  -Yap<'prod_elect_agua_gas','Act_const'> + make_share<'prod_elect_agua_gas','Act_const'> * V<'Act_const'> = 0
 (161)  -Yap<'prod_elect_agua_gas','Act_serv'> + make_share<'prod_elect_agua_gas','Act_serv'> * V<'Act_serv'> = 0
 (162)  -Yap<'prod_elect_agua_gas','Act_Min'> + make_share<'prod_elect_agua_gas','Act_Min'> * V<'Act_Min'> = 0
 (163)  -Yap<'prod_const','Act_Agri'> + make_share<'prod_const','Act_Agri'> * V<'Act_Agri'> = 0
 (164)  -Yap<'prod_const','Act_Manu'> + make_share<'prod_const','Act_Manu'> * V<'Act_Manu'> = 0
 (165)  -Yap<'prod_const','Act_elect_agua_gas'> + make_share<'prod_const','Act_elect_agua_gas'> * V<'Act_elect_agua_gas'> = 0
 (166)  -Yap<'prod_const','Act_const'> + make_share<'prod_const','Act_const'> * V<'Act_const'> = 0
 (167)  -Yap<'prod_const','Act_serv'> + make_share<'prod_const','Act_serv'> * V<'Act_serv'> = 0
 (168)  -Yap<'prod_const','Act_Min'> + make_share<'prod_const','Act_Min'> * V<'Act_Min'> = 0
 (169)  -Yap<'prod_serv','Act_Agri'> + make_share<'prod_serv','Act_Agri'> * V<'Act_Agri'> = 0
 (170)  -Yap<'prod_serv','Act_Manu'> + make_share<'prod_serv','Act_Manu'> * V<'Act_Manu'> = 0
 (171)  -Yap<'prod_serv','Act_elect_agua_gas'> + make_share<'prod_serv','Act_elect_agua_gas'> * V<'Act_elect_agua_gas'> = 0
 (172)  -Yap<'prod_serv','Act_const'> + make_share<'prod_serv','Act_const'> * V<'Act_const'> = 0
 (173)  -Yap<'prod_serv','Act_serv'> + make_share<'prod_serv','Act_serv'> * V<'Act_serv'> = 0
 (174)  -Yap<'prod_serv','Act_Min'> + make_share<'prod_serv','Act_Min'> * V<'Act_Min'> = 0
 (175)  -Z<'prod_Agri'> + at<'prod_Agri'> * (gamma_e<'prod_Agri'> * EX<'prod_Agri'>^(sigma_t^-1 * (1 + sigma_t)) + (1 - gamma_e<'prod_Agri'>) * DS<'prod_Agri'>^(sigma_t^-1 * (1 + sigma_t)))^(sigma_t * (1 + sigma_t)^-1) = 0
 (176)  -Z<'prod_Min'> + at<'prod_Min'> * (gamma_e<'prod_Min'> * EX<'prod_Min'>^(sigma_t^-1 * (1 + sigma_t)) + (1 - gamma_e<'prod_Min'>) * DS<'prod_Min'>^(sigma_t^-1 * (1 + sigma_t)))^(sigma_t * (1 + sigma_t)^-1) = 0
 (177)  -Z<'prod_Manu'> + at<'prod_Manu'> * (gamma_e<'prod_Manu'> * EX<'prod_Manu'>^(sigma_t^-1 * (1 + sigma_t)) + (1 - gamma_e<'prod_Manu'>) * DS<'prod_Manu'>^(sigma_t^-1 * (1 + sigma_t)))^(sigma_t * (1 + sigma_t)^-1) = 0
 (178)  -Z<'prod_elect_agua_gas'> + at<'prod_elect_agua_gas'> * (gamma_e<'prod_elect_agua_gas'> * EX<'prod_elect_agua_gas'>^(sigma_t^-1 * (1 + sigma_t)) + (1 - gamma_e<'prod_elect_agua_gas'>) * DS<'prod_elect_agua_gas'>^(sigma_t^-1 * (1 + sigma_t)))^(sigma_t * (1 + sigma_t)^-1) = 0
 (179)  -Z<'prod_serv'> + at<'prod_serv'> * (gamma_e<'prod_serv'> * EX<'prod_serv'>^(sigma_t^-1 * (1 + sigma_t)) + (1 - gamma_e<'prod_serv'>) * DS<'prod_serv'>^(sigma_t^-1 * (1 + sigma_t)))^(sigma_t * (1 + sigma_t)^-1) = 0
 (180)  -lambda__CONSUMER_1 * p<'prod_Agri'> + alpha<'prod_Agri'> * D<'prod_Agri'>^(-1 + omega^-1 * (-1 + omega)) * (alpha<'prod_Agri'> * D<'prod_Agri'>^(omega^-1 * (-1 + omega)) + alpha<'prod_Manu'> * D<'prod_Manu'>^(omega^-1 * (-1 + omega)) + alpha<'prod_elect_agua_gas'> * D<'prod_elect_agua_gas'>^(omega^-1 * (-1 + omega)) + alpha<'prod_serv'> * D<'prod_serv'>^(omega^-1 * (-1 + omega)))^(-1 + omega * (-1 + omega)^-1) = 0
 (181)  -lambda__CONSUMER_1 * p<'prod_Manu'> + alpha<'prod_Manu'> * D<'prod_Manu'>^(-1 + omega^-1 * (-1 + omega)) * (alpha<'prod_Agri'> * D<'prod_Agri'>^(omega^-1 * (-1 + omega)) + alpha<'prod_Manu'> * D<'prod_Manu'>^(omega^-1 * (-1 + omega)) + alpha<'prod_elect_agua_gas'> * D<'prod_elect_agua_gas'>^(omega^-1 * (-1 + omega)) + alpha<'prod_serv'> * D<'prod_serv'>^(omega^-1 * (-1 + omega)))^(-1 + omega * (-1 + omega)^-1) = 0
 (182)  -lambda__CONSUMER_1 * p<'prod_elect_agua_gas'> + alpha<'prod_elect_agua_gas'> * D<'prod_elect_agua_gas'>^(-1 + omega^-1 * (-1 + omega)) * (alpha<'prod_Agri'> * D<'prod_Agri'>^(omega^-1 * (-1 + omega)) + alpha<'prod_Manu'> * D<'prod_Manu'>^(omega^-1 * (-1 + omega)) + alpha<'prod_elect_agua_gas'> * D<'prod_elect_agua_gas'>^(omega^-1 * (-1 + omega)) + alpha<'prod_serv'> * D<'prod_serv'>^(omega^-1 * (-1 + omega)))^(-1 + omega * (-1 + omega)^-1) = 0
 (183)  -lambda__CONSUMER_1 * p<'prod_serv'> + alpha<'prod_serv'> * D<'prod_serv'>^(-1 + omega^-1 * (-1 + omega)) * (alpha<'prod_Agri'> * D<'prod_Agri'>^(omega^-1 * (-1 + omega)) + alpha<'prod_Manu'> * D<'prod_Manu'>^(omega^-1 * (-1 + omega)) + alpha<'prod_elect_agua_gas'> * D<'prod_elect_agua_gas'>^(omega^-1 * (-1 + omega)) + alpha<'prod_serv'> * D<'prod_serv'>^(omega^-1 * (-1 + omega)))^(-1 + omega * (-1 + omega)^-1) = 0
 (184)  BTINC - INC - PITAX = 0
 (185)  -INGF + por_cont_soc_f * CS + pk * Kf = 0
 (186)  net_revenue<'Act_Agri'> - va_nom<'Act_Agri'> - V<'Act_Agri'> * (io<'prod_Agri','Act_Agri'> * p<'prod_Agri'> + io<'prod_Min','Act_Agri'> * p<'prod_Min'> + io<'prod_Manu','Act_Agri'> * p<'prod_Manu'> + io<'prod_elect_agua_gas','Act_Agri'> * p<'prod_elect_agua_gas'> + io<'prod_serv','Act_Agri'> * p<'prod_serv'>) = 0
 (187)  net_revenue<'Act_Manu'> - va_nom<'Act_Manu'> - V<'Act_Manu'> * (io<'prod_Agri','Act_Manu'> * p<'prod_Agri'> + io<'prod_Min','Act_Manu'> * p<'prod_Min'> + io<'prod_Manu','Act_Manu'> * p<'prod_Manu'> + io<'prod_elect_agua_gas','Act_Manu'> * p<'prod_elect_agua_gas'> + io<'prod_serv','Act_Manu'> * p<'prod_serv'>) = 0
 (188)  net_revenue<'Act_elect_agua_gas'> - va_nom<'Act_elect_agua_gas'> - V<'Act_elect_agua_gas'> * (io<'prod_Agri','Act_elect_agua_gas'> * p<'prod_Agri'> + io<'prod_Min','Act_elect_agua_gas'> * p<'prod_Min'> + io<'prod_Manu','Act_elect_agua_gas'> * p<'prod_Manu'> + io<'prod_elect_agua_gas','Act_elect_agua_gas'> * p<'prod_elect_agua_gas'> + io<'prod_serv','Act_elect_agua_gas'> * p<'prod_serv'>) = 0
 (189)  net_revenue<'Act_const'> - va_nom<'Act_const'> - V<'Act_const'> * (io<'prod_Agri','Act_const'> * p<'prod_Agri'> + io<'prod_Min','Act_const'> * p<'prod_Min'> + io<'prod_Manu','Act_const'> * p<'prod_Manu'> + io<'prod_elect_agua_gas','Act_const'> * p<'prod_elect_agua_gas'> + io<'prod_const','Act_const'> * p<'prod_const'> + io<'prod_serv','Act_const'> * p<'prod_serv'>) = 0
 (190)  net_revenue<'Act_serv'> - va_nom<'Act_serv'> - V<'Act_serv'> * (io<'prod_Agri','Act_serv'> * p<'prod_Agri'> + io<'prod_Min','Act_serv'> * p<'prod_Min'> + io<'prod_Manu','Act_serv'> * p<'prod_Manu'> + io<'prod_elect_agua_gas','Act_serv'> * p<'prod_elect_agua_gas'> + io<'prod_const','Act_serv'> * p<'prod_const'> + io<'prod_serv','Act_serv'> * p<'prod_serv'>) = 0
 (191)  net_revenue<'Act_Min'> - va_nom<'Act_Min'> - V<'Act_Min'> * (io<'prod_Agri','Act_Min'> * p<'prod_Agri'> + io<'prod_Min','Act_Min'> * p<'prod_Min'> + io<'prod_Manu','Act_Min'> * p<'prod_Manu'> + io<'prod_elect_agua_gas','Act_Min'> * p<'prod_elect_agua_gas'> + io<'prod_serv','Act_Min'> * p<'prod_serv'>) = 0
 (192)  -inv_adj + sh_i_h * inv_adj_h + sh_i_f * inv_adj_f + sh_i_g * inv_adj_g = 0
 (193)  TD_Dom_Agri - Q<'prod_Agri'> - imptos_espec_p<'prod_Agri'> * p<'prod_Agri'>^-1 - p<'prod_Agri'>^-1 * VAT_p<'prod_Agri'> = 0
 (194)  TD_Dom_Const - Q<'prod_const'> - imptos_espec_p<'prod_const'> * p<'prod_const'>^-1 - p<'prod_const'>^-1 * VAT_p<'prod_const'> = 0
 (195)  PI_CET<'prod_Agri'> - pd<'prod_Agri'> * DS<'prod_Agri'> - pe<'prod_Agri'> * EX<'prod_Agri'> + pz<'prod_Agri'> * Z<'prod_Agri'> = 0
 (196)  PI_CET<'prod_Min'> - pd<'prod_Min'> * DS<'prod_Min'> - pe<'prod_Min'> * EX<'prod_Min'> + pz<'prod_Min'> * Z<'prod_Min'> = 0
 (197)  PI_CET<'prod_Manu'> - pd<'prod_Manu'> * DS<'prod_Manu'> - pe<'prod_Manu'> * EX<'prod_Manu'> + pz<'prod_Manu'> * Z<'prod_Manu'> = 0
 (198)  PI_CET<'prod_elect_agua_gas'> - pd<'prod_elect_agua_gas'> * DS<'prod_elect_agua_gas'> - pe<'prod_elect_agua_gas'> * EX<'prod_elect_agua_gas'> + pz<'prod_elect_agua_gas'> * Z<'prod_elect_agua_gas'> = 0
 (199)  PI_CET<'prod_serv'> - pd<'prod_serv'> * DS<'prod_serv'> - pe<'prod_serv'> * EX<'prod_serv'> + pz<'prod_serv'> * Z<'prod_serv'> = 0
 (200)  PI_ARM<'prod_Agri'> - p<'prod_Agri'> * Q<'prod_Agri'> + pd<'prod_Agri'> * DD<'prod_Agri'> + pm<'prod_Agri'> * M<'prod_Agri'> = 0
 (201)  PI_ARM<'prod_Min'> - p<'prod_Min'> * Q<'prod_Min'> + pd<'prod_Min'> * DD<'prod_Min'> + pm<'prod_Min'> * M<'prod_Min'> = 0
 (202)  PI_ARM<'prod_Manu'> - p<'prod_Manu'> * Q<'prod_Manu'> + pd<'prod_Manu'> * DD<'prod_Manu'> + pm<'prod_Manu'> * M<'prod_Manu'> = 0
 (203)  PI_ARM<'prod_elect_agua_gas'> - p<'prod_elect_agua_gas'> * Q<'prod_elect_agua_gas'> + pd<'prod_elect_agua_gas'> * DD<'prod_elect_agua_gas'> + pm<'prod_elect_agua_gas'> * M<'prod_elect_agua_gas'> = 0
 (204)  PI_ARM<'prod_const'> - p<'prod_const'> * Q<'prod_const'> + pd<'prod_const'> * DD<'prod_const'> + pm<'prod_const'> * M<'prod_const'> = 0
 (205)  PI_ARM<'prod_serv'> - p<'prod_serv'> * Q<'prod_serv'> + pd<'prod_serv'> * DD<'prod_serv'> + pm<'prod_serv'> * M<'prod_serv'> = 0
 (206)  -Q<'prod_Min'> + TD_Dom_PMin<'prod_Min'> - imptos_espec_p<'prod_Min'> * p<'prod_Min'>^-1 - p<'prod_Min'>^-1 * VAT_p<'prod_Min'> = 0
 (207)  -Q<'prod_Manu'> + TD_Dom_PMin<'prod_Manu'> - imptos_espec_p<'prod_Manu'> * p<'prod_Manu'>^-1 - p<'prod_Manu'>^-1 * VAT_p<'prod_Manu'> = 0
 (208)  -Q<'prod_elect_agua_gas'> + TD_Dom_PMin<'prod_elect_agua_gas'> - imptos_espec_p<'prod_elect_agua_gas'> * p<'prod_elect_agua_gas'>^-1 - p<'prod_elect_agua_gas'>^-1 * VAT_p<'prod_elect_agua_gas'> = 0
 (209)  -Q<'prod_serv'> + TD_Dom_PMin<'prod_serv'> - imptos_espec_p<'prod_serv'> * p<'prod_serv'>^-1 - p<'prod_serv'>^-1 * VAT_p<'prod_serv'> = 0
 (210)  -INGG + Tax + por_tr_f_g * INGF + por_cont_soc_g * CS + pk * Kg = 0
 (211)  -SAV - SAVf - SAVg - SAVext + TOTAL_INVEST = 0
 (212)  pi<'Act_Agri'> + pk * K<'Act_Agri'> + w * L<'Act_Agri'> + V<'Act_Agri'> * (io<'prod_Agri','Act_Agri'> * p<'prod_Agri'> + io<'prod_Min','Act_Agri'> * p<'prod_Min'> + io<'prod_Manu','Act_Agri'> * p<'prod_Manu'> + io<'prod_elect_agua_gas','Act_Agri'> * p<'prod_elect_agua_gas'> + io<'prod_serv','Act_Agri'> * p<'prod_serv'>) - V<'Act_Agri'> * (1 - tes<'Act_Agri'> - tps<'Act_Agri'>) * (make_share<'prod_Agri','Act_Agri'> * pz<'prod_Agri'> + make_share<'prod_Min','Act_Agri'> * pz<'prod_Min'> + make_share<'prod_Manu','Act_Agri'> * pz<'prod_Manu'> + make_share<'prod_elect_agua_gas','Act_Agri'> * pz<'prod_elect_agua_gas'> + make_share<'prod_const','Act_Agri'> * pz<'prod_const'> + make_share<'prod_serv','Act_Agri'> * pz<'prod_serv'>) = 0
 (213)  pi<'Act_Manu'> + pk * K<'Act_Manu'> + w * L<'Act_Manu'> + V<'Act_Manu'> * (io<'prod_Agri','Act_Manu'> * p<'prod_Agri'> + io<'prod_Min','Act_Manu'> * p<'prod_Min'> + io<'prod_Manu','Act_Manu'> * p<'prod_Manu'> + io<'prod_elect_agua_gas','Act_Manu'> * p<'prod_elect_agua_gas'> + io<'prod_serv','Act_Manu'> * p<'prod_serv'>) - V<'Act_Manu'> * (1 - tes<'Act_Manu'> - tps<'Act_Manu'>) * (make_share<'prod_Agri','Act_Manu'> * pz<'prod_Agri'> + make_share<'prod_Min','Act_Manu'> * pz<'prod_Min'> + make_share<'prod_Manu','Act_Manu'> * pz<'prod_Manu'> + make_share<'prod_elect_agua_gas','Act_Manu'> * pz<'prod_elect_agua_gas'> + make_share<'prod_const','Act_Manu'> * pz<'prod_const'> + make_share<'prod_serv','Act_Manu'> * pz<'prod_serv'>) = 0
 (214)  pi<'Act_elect_agua_gas'> + pk * K<'Act_elect_agua_gas'> + w * L<'Act_elect_agua_gas'> + V<'Act_elect_agua_gas'> * (io<'prod_Agri','Act_elect_agua_gas'> * p<'prod_Agri'> + io<'prod_Min','Act_elect_agua_gas'> * p<'prod_Min'> + io<'prod_Manu','Act_elect_agua_gas'> * p<'prod_Manu'> + io<'prod_elect_agua_gas','Act_elect_agua_gas'> * p<'prod_elect_agua_gas'> + io<'prod_serv','Act_elect_agua_gas'> * p<'prod_serv'>) - V<'Act_elect_agua_gas'> * (1 - tes<'Act_elect_agua_gas'> - tps<'Act_elect_agua_gas'>) * (make_share<'prod_Agri','Act_elect_agua_gas'> * pz<'prod_Agri'> + make_share<'prod_Min','Act_elect_agua_gas'> * pz<'prod_Min'> + make_share<'prod_Manu','Act_elect_agua_gas'> * pz<'prod_Manu'> + make_share<'prod_elect_agua_gas','Act_elect_agua_gas'> * pz<'prod_elect_agua_gas'> + make_share<'prod_const','Act_elect_agua_gas'> * pz<'prod_const'> + make_share<'prod_serv','Act_elect_agua_gas'> * pz<'prod_serv'>) = 0
 (215)  pi<'Act_const'> + pk * K<'Act_const'> + w * L<'Act_const'> + V<'Act_const'> * (io<'prod_Agri','Act_const'> * p<'prod_Agri'> + io<'prod_Min','Act_const'> * p<'prod_Min'> + io<'prod_Manu','Act_const'> * p<'prod_Manu'> + io<'prod_elect_agua_gas','Act_const'> * p<'prod_elect_agua_gas'> + io<'prod_const','Act_const'> * p<'prod_const'> + io<'prod_serv','Act_const'> * p<'prod_serv'>) - V<'Act_const'> * (1 - tes<'Act_const'> - tps<'Act_const'>) * (make_share<'prod_Agri','Act_const'> * pz<'prod_Agri'> + make_share<'prod_Min','Act_const'> * pz<'prod_Min'> + make_share<'prod_Manu','Act_const'> * pz<'prod_Manu'> + make_share<'prod_elect_agua_gas','Act_const'> * pz<'prod_elect_agua_gas'> + make_share<'prod_const','Act_const'> * pz<'prod_const'> + make_share<'prod_serv','Act_const'> * pz<'prod_serv'>) = 0
 (216)  pi<'Act_serv'> + pk * K<'Act_serv'> + w * L<'Act_serv'> + V<'Act_serv'> * (io<'prod_Agri','Act_serv'> * p<'prod_Agri'> + io<'prod_Min','Act_serv'> * p<'prod_Min'> + io<'prod_Manu','Act_serv'> * p<'prod_Manu'> + io<'prod_elect_agua_gas','Act_serv'> * p<'prod_elect_agua_gas'> + io<'prod_const','Act_serv'> * p<'prod_const'> + io<'prod_serv','Act_serv'> * p<'prod_serv'>) - V<'Act_serv'> * (1 - tes<'Act_serv'> - tps<'Act_serv'>) * (make_share<'prod_Agri','Act_serv'> * pz<'prod_Agri'> + make_share<'prod_Min','Act_serv'> * pz<'prod_Min'> + make_share<'prod_Manu','Act_serv'> * pz<'prod_Manu'> + make_share<'prod_elect_agua_gas','Act_serv'> * pz<'prod_elect_agua_gas'> + make_share<'prod_const','Act_serv'> * pz<'prod_const'> + make_share<'prod_serv','Act_serv'> * pz<'prod_serv'>) = 0
 (217)  pi<'Act_Min'> + pk * K<'Act_Min'> + w * L<'Act_Min'> + V<'Act_Min'> * (io<'prod_Agri','Act_Min'> * p<'prod_Agri'> + io<'prod_Min','Act_Min'> * p<'prod_Min'> + io<'prod_Manu','Act_Min'> * p<'prod_Manu'> + io<'prod_elect_agua_gas','Act_Min'> * p<'prod_elect_agua_gas'> + io<'prod_serv','Act_Min'> * p<'prod_serv'>) - V<'Act_Min'> * (1 - tes<'Act_Min'> - tps<'Act_Min'>) * (make_share<'prod_Agri','Act_Min'> * pz<'prod_Agri'> + make_share<'prod_Min','Act_Min'> * pz<'prod_Min'> + make_share<'prod_Manu','Act_Min'> * pz<'prod_Manu'> + make_share<'prod_elect_agua_gas','Act_Min'> * pz<'prod_elect_agua_gas'> + make_share<'prod_const','Act_Min'> * pz<'prod_const'> + make_share<'prod_serv','Act_Min'> * pz<'prod_serv'>) = 0
 (218)  -FIRMTAX + INGF - SAVf - TREMP - por_pres_soc_f * INGF - por_tr_f_g * INGF = 0
 (219)  k_total_data - K<'Act_Agri'> - K<'Act_Manu'> - K<'Act_elect_agua_gas'> - K<'Act_const'> - K<'Act_serv'> - K<'Act_Min'> = 0
 (220)  gg_market_data_p<'prod_const'> + vexist<'prod_const'> - TD_Dom_Const + D<'prod_const'> + X<'prod_const','Act_const'> + X<'prod_const','Act_serv'> + I_data<'prod_const'> * inv_adj = 0
 (221)  -CS + INC - SAV - p<'prod_Agri'> * D<'prod_Agri'> - p<'prod_Manu'> * D<'prod_Manu'> - p<'prod_elect_agua_gas'> * D<'prod_elect_agua_gas'> - p<'prod_serv'> * D<'prod_serv'> = 0
 (222)  FIRMTAX + PITAX - Tax + TARANCEL + TESP + TPROD + VAT = 0
 (223)  -NOM_I_BASE + I_data<'prod_Agri'> * p<'prod_Agri'> + I_data<'prod_Min'> * p<'prod_Min'> + I_data<'prod_Manu'> * p<'prod_Manu'> + I_data<'prod_elect_agua_gas'> * p<'prod_elect_agua_gas'> + I_data<'prod_const'> * p<'prod_const'> + I_data<'prod_serv'> * p<'prod_serv'> = 0
 (224)  -TARANCEL + Arancel_p<'prod_Agri'> + Arancel_p<'prod_Min'> + Arancel_p<'prod_Manu'> + Arancel_p<'prod_elect_agua_gas'> + Arancel_p<'prod_const'> + Arancel_p<'prod_serv'> = 0
 (225)  -TPROD + tps<'Act_Agri'> * revenue<'Act_Agri'> + tps<'Act_Manu'> * revenue<'Act_Manu'> + tps<'Act_elect_agua_gas'> * revenue<'Act_elect_agua_gas'> + tps<'Act_const'> * revenue<'Act_const'> + tps<'Act_serv'> * revenue<'Act_serv'> + tps<'Act_Min'> * revenue<'Act_Min'> = 0
 (226)  -VAT + VAT_p<'prod_Agri'> + VAT_p<'prod_Min'> + VAT_p<'prod_Manu'> + VAT_p<'prod_elect_agua_gas'> + VAT_p<'prod_const'> + VAT_p<'prod_serv'> = 0
 (227)  -revenue<'Act_Agri'> + pz<'prod_Agri'> * Yap<'prod_Agri','Act_Agri'> + pz<'prod_Min'> * Yap<'prod_Min','Act_Agri'> + pz<'prod_Manu'> * Yap<'prod_Manu','Act_Agri'> + pz<'prod_elect_agua_gas'> * Yap<'prod_elect_agua_gas','Act_Agri'> + pz<'prod_const'> * Yap<'prod_const','Act_Agri'> + pz<'prod_serv'> * Yap<'prod_serv','Act_Agri'> = 0
 (228)  -revenue<'Act_Manu'> + pz<'prod_Agri'> * Yap<'prod_Agri','Act_Manu'> + pz<'prod_Min'> * Yap<'prod_Min','Act_Manu'> + pz<'prod_Manu'> * Yap<'prod_Manu','Act_Manu'> + pz<'prod_elect_agua_gas'> * Yap<'prod_elect_agua_gas','Act_Manu'> + pz<'prod_const'> * Yap<'prod_const','Act_Manu'> + pz<'prod_serv'> * Yap<'prod_serv','Act_Manu'> = 0
 (229)  -revenue<'Act_elect_agua_gas'> + pz<'prod_Agri'> * Yap<'prod_Agri','Act_elect_agua_gas'> + pz<'prod_Min'> * Yap<'prod_Min','Act_elect_agua_gas'> + pz<'prod_Manu'> * Yap<'prod_Manu','Act_elect_agua_gas'> + pz<'prod_elect_agua_gas'> * Yap<'prod_elect_agua_gas','Act_elect_agua_gas'> + pz<'prod_const'> * Yap<'prod_const','Act_elect_agua_gas'> + pz<'prod_serv'> * Yap<'prod_serv','Act_elect_agua_gas'> = 0
 (230)  -revenue<'Act_const'> + pz<'prod_Agri'> * Yap<'prod_Agri','Act_const'> + pz<'prod_Min'> * Yap<'prod_Min','Act_const'> + pz<'prod_Manu'> * Yap<'prod_Manu','Act_const'> + pz<'prod_elect_agua_gas'> * Yap<'prod_elect_agua_gas','Act_const'> + pz<'prod_const'> * Yap<'prod_const','Act_const'> + pz<'prod_serv'> * Yap<'prod_serv','Act_const'> = 0
 (231)  -revenue<'Act_serv'> + pz<'prod_Agri'> * Yap<'prod_Agri','Act_serv'> + pz<'prod_Min'> * Yap<'prod_Min','Act_serv'> + pz<'prod_Manu'> * Yap<'prod_Manu','Act_serv'> + pz<'prod_elect_agua_gas'> * Yap<'prod_elect_agua_gas','Act_serv'> + pz<'prod_const'> * Yap<'prod_const','Act_serv'> + pz<'prod_serv'> * Yap<'prod_serv','Act_serv'> = 0
 (232)  -revenue<'Act_Min'> + pz<'prod_Agri'> * Yap<'prod_Agri','Act_Min'> + pz<'prod_Min'> * Yap<'prod_Min','Act_Min'> + pz<'prod_Manu'> * Yap<'prod_Manu','Act_Min'> + pz<'prod_elect_agua_gas'> * Yap<'prod_elect_agua_gas','Act_Min'> + pz<'prod_const'> * Yap<'prod_const','Act_Min'> + pz<'prod_serv'> * Yap<'prod_serv','Act_Min'> = 0
 (233)  Yap<'prod_Agri','Act_Agri'> + Yap<'prod_Agri','Act_Manu'> + Yap<'prod_Agri','Act_elect_agua_gas'> + Yap<'prod_Agri','Act_const'> + Yap<'prod_Agri','Act_serv'> + Yap<'prod_Agri','Act_Min'> - Z<'prod_Agri'> = 0
 (234)  Yap<'prod_Min','Act_Agri'> + Yap<'prod_Min','Act_Manu'> + Yap<'prod_Min','Act_elect_agua_gas'> + Yap<'prod_Min','Act_const'> + Yap<'prod_Min','Act_serv'> + Yap<'prod_Min','Act_Min'> - Z<'prod_Min'> = 0
 (235)  Yap<'prod_Manu','Act_Agri'> + Yap<'prod_Manu','Act_Manu'> + Yap<'prod_Manu','Act_elect_agua_gas'> + Yap<'prod_Manu','Act_const'> + Yap<'prod_Manu','Act_serv'> + Yap<'prod_Manu','Act_Min'> - Z<'prod_Manu'> = 0
 (236)  Yap<'prod_elect_agua_gas','Act_Agri'> + Yap<'prod_elect_agua_gas','Act_Manu'> + Yap<'prod_elect_agua_gas','Act_elect_agua_gas'> + Yap<'prod_elect_agua_gas','Act_const'> + Yap<'prod_elect_agua_gas','Act_serv'> + Yap<'prod_elect_agua_gas','Act_Min'> - Z<'prod_elect_agua_gas'> = 0
 (237)  Yap<'prod_const','Act_Agri'> + Yap<'prod_const','Act_Manu'> + Yap<'prod_const','Act_elect_agua_gas'> + Yap<'prod_const','Act_const'> + Yap<'prod_const','Act_serv'> + Yap<'prod_const','Act_Min'> - Z<'prod_const'> = 0
 (238)  Yap<'prod_serv','Act_Agri'> + Yap<'prod_serv','Act_Manu'> + Yap<'prod_serv','Act_elect_agua_gas'> + Yap<'prod_serv','Act_const'> + Yap<'prod_serv','Act_serv'> + Yap<'prod_serv','Act_Min'> - Z<'prod_serv'> = 0
 (239)  fact_row_in_k_data + fact_row_in_l_data - BTINC + PSh + TRGOV + TREMP + pk * Kh + w * Lh = 0
 (240)  imptos_espec_data - TESP + tes<'Act_Agri'> * revenue<'Act_Agri'> + tes<'Act_Manu'> * revenue<'Act_Manu'> + tes<'Act_elect_agua_gas'> * revenue<'Act_elect_agua_gas'> + tes<'Act_const'> * revenue<'Act_const'> + tes<'Act_serv'> * revenue<'Act_serv'> + tes<'Act_Min'> * revenue<'Act_Min'> = 0
 (241)  -LD + L<'Act_Agri'> + L<'Act_Manu'> + L<'Act_elect_agua_gas'> + L<'Act_const'> + L<'Act_serv'> + L<'Act_Min'> + l_total_data * par_l_row = 0
 (242)  -TOTAL_INVEST + vexist<'prod_Agri'> * p<'prod_Agri'> + vexist<'prod_Min'> * p<'prod_Min'> + vexist<'prod_Manu'> * p<'prod_Manu'> + vexist<'prod_elect_agua_gas'> * p<'prod_elect_agua_gas'> + vexist<'prod_const'> * p<'prod_const'> + vexist<'prod_serv'> * p<'prod_serv'> + inv_adj * NOM_I_BASE = 0
 (243)  INGG - SAVg - TRGOV - por_pres_soc_g * INGG - gg_market_data_p<'prod_Agri'> * p<'prod_Agri'> - gg_market_data_p<'prod_Min'> * p<'prod_Min'> - gg_market_data_p<'prod_Manu'> * p<'prod_Manu'> - gg_market_data_p<'prod_elect_agua_gas'> * p<'prod_elect_agua_gas'> - gg_market_data_p<'prod_const'> * p<'prod_const'> - gg_market_data_p<'prod_serv'> * p<'prod_serv'> = 0
 (244)  gg_market_data_p<'prod_Agri'> + vexist<'prod_Agri'> - TD_Dom_Agri + D<'prod_Agri'> + X<'prod_Agri','Act_Agri'> + X<'prod_Agri','Act_Manu'> + X<'prod_Agri','Act_elect_agua_gas'> + X<'prod_Agri','Act_const'> + X<'prod_Agri','Act_serv'> + X<'prod_Agri','Act_Min'> + I_data<'prod_Agri'> * inv_adj = 0
 (245)  gg_market_data_p<'prod_Min'> + vexist<'prod_Min'> + D<'prod_Min'> - TD_Dom_PMin<'prod_Min'> + X<'prod_Min','Act_Agri'> + X<'prod_Min','Act_Manu'> + X<'prod_Min','Act_elect_agua_gas'> + X<'prod_Min','Act_const'> + X<'prod_Min','Act_serv'> + X<'prod_Min','Act_Min'> + I_data<'prod_Min'> * inv_adj = 0
 (246)  gg_market_data_p<'prod_Manu'> + vexist<'prod_Manu'> + D<'prod_Manu'> - TD_Dom_PMin<'prod_Manu'> + X<'prod_Manu','Act_Agri'> + X<'prod_Manu','Act_Manu'> + X<'prod_Manu','Act_elect_agua_gas'> + X<'prod_Manu','Act_const'> + X<'prod_Manu','Act_serv'> + X<'prod_Manu','Act_Min'> + I_data<'prod_Manu'> * inv_adj = 0
 (247)  gg_market_data_p<'prod_elect_agua_gas'> + vexist<'prod_elect_agua_gas'> + D<'prod_elect_agua_gas'> - TD_Dom_PMin<'prod_elect_agua_gas'> + X<'prod_elect_agua_gas','Act_Agri'> + X<'prod_elect_agua_gas','Act_Manu'> + X<'prod_elect_agua_gas','Act_elect_agua_gas'> + X<'prod_elect_agua_gas','Act_const'> + X<'prod_elect_agua_gas','Act_serv'> + X<'prod_elect_agua_gas','Act_Min'> + I_data<'prod_elect_agua_gas'> * inv_adj = 0
 (248)  gg_market_data_p<'prod_serv'> + vexist<'prod_serv'> + D<'prod_serv'> - TD_Dom_PMin<'prod_serv'> + X<'prod_serv','Act_Agri'> + X<'prod_serv','Act_Manu'> + X<'prod_serv','Act_elect_agua_gas'> + X<'prod_serv','Act_const'> + X<'prod_serv','Act_serv'> + X<'prod_serv','Act_Min'> + I_data<'prod_serv'> * inv_adj = 0

Calibrating equations (22):
 (1)  -dst<'prod_Agri'> + D<'prod_Agri'> = 0
 (2)  -dst<'prod_Manu'> + D<'prod_Manu'> = 0
 (3)  -dst<'prod_elect_agua_gas'> + D<'prod_elect_agua_gas'> = 0
 (4)  -dst<'prod_serv'> + D<'prod_serv'> = 0
 (5)  -vst<'Act_Agri'> + V<'Act_Agri'> = 0
 (6)  -vst<'Act_Manu'> + V<'Act_Manu'> = 0
 (7)  -vst<'Act_elect_agua_gas'> + V<'Act_elect_agua_gas'> = 0
 (8)  -vst<'Act_const'> + V<'Act_const'> = 0
 (9)  -vst<'Act_serv'> + V<'Act_serv'> = 0
 (10)  -vst<'Act_Min'> + V<'Act_Min'> = 0
 (11)  pk * K<'Act_Agri'> - betak<'Act_Agri'> * va_nom<'Act_Agri'> = 0
 (12)  pk * K<'Act_Manu'> - betak<'Act_Manu'> * va_nom<'Act_Manu'> = 0
 (13)  pk * K<'Act_elect_agua_gas'> - betak<'Act_elect_agua_gas'> * va_nom<'Act_elect_agua_gas'> = 0
 (14)  pk * K<'Act_const'> - betak<'Act_const'> * va_nom<'Act_const'> = 0
 (15)  pk * K<'Act_serv'> - betak<'Act_serv'> * va_nom<'Act_serv'> = 0
 (16)  pk * K<'Act_Min'> - betak<'Act_Min'> * va_nom<'Act_Min'> = 0
 (17)  w * L<'Act_Agri'> - betal<'Act_Agri'> * va_nom<'Act_Agri'> = 0
 (18)  w * L<'Act_Manu'> - betal<'Act_Manu'> * va_nom<'Act_Manu'> = 0
 (19)  w * L<'Act_elect_agua_gas'> - betal<'Act_elect_agua_gas'> * va_nom<'Act_elect_agua_gas'> = 0
 (20)  w * L<'Act_const'> - betal<'Act_const'> * va_nom<'Act_const'> = 0
 (21)  w * L<'Act_serv'> - betal<'Act_serv'> * va_nom<'Act_serv'> = 0
 (22)  w * L<'Act_Min'> - betal<'Act_Min'> * va_nom<'Act_Min'> = 0

