Generated on 2024-05-31 14:11:35 by gEcon ver. 1.2.2 (2023-07-10)
http://gecon.r-forge.r-project.org/

Model name: cge_calib_chile_2008_v1

Index sets (2):
    PRODS = { 'Prodprim', 'Prodmanu', 'Prodserv' }
    SEC = { 'Actprim', 'Actmanu', 'Actserv' }

Variables selected for reduction:
    <s::SEC> K<s>, <s::SEC> L<s>

Block: CONSUMER
 Definitions:
    u = (SUM<p::PRODS> alpha<p> * D<p>^(omega^-1 * (-1 + omega)))^(omega * (-1 + omega)^-1)
 Controls:
    <p::PRODS> D<p>
 Objective:
    U = (SUM<p::PRODS> alpha<p> * D<p>^(omega^-1 * (-1 + omega)))^(omega * (-1 + omega)^-1)
 Constraints:
    CONT_SOC - INC + SAV + SUM<p::PRODS> p<p> * D<p> * (1 + vat<p>) = 0    (lambda__CONSUMER_1)
    BTINC - INC - pit * PIT_base + SUM<s::SEC> pi<s> = 0    (lambda__CONSUMER_2)
    -BTINC + L_h + PREST_SOC + TR_EMP + TR_GOV + p_k * K_h = 0    (lambda__CONSUMER_3)
    L_h - PIT_base + p_k * K_h = 0    (lambda__CONSUMER_4)
 Identities:
    -K_h + k_total_data * par_k_h = 0
    -L_h + l_total_data * por_l_h = 0
    -SAV + por_sav * INC = 0
    -CONT_SOC + por_cont * INC = 0
    -TR_EMP + por_tremp * ING_F = 0
    -TR_GOV + por_trgov * ING_GOB = 0
    -PREST_SOC + PREST_SOC_F + PREST_SOC_G = 0
 First order conditions:
    <p::PRODS> alpha<p> * D<p>^(-1 + omega^-1 * (-1 + omega)) * (SUM<p::PRODS> alpha<p> * D<p>^(omega^-1 * (-1 + omega)))^(-1 + omega * (-1 + omega)^-1) + lambda__CONSUMER_1 * p<p> * (1 + vat<p>) = 0    (<p::PRODS> D<p>)

Block: <s::SEC> SECTOR
 Controls:
    <p::PRODS> Y<p,s>, <p::PRODS> K<p,s>, <p::PRODS> L<p,s>, <pi::PRODS> <pe::PRODS> X<pi,pe,s>
 Objective:
    pi<s> = (1 - t_prod<s>) * (-L<s> - p_k * K<s> + SUM<p::PRODS> p<p> * Y<p,s> - SUM<pi::PRODS> p<pi> * X<pi,s> * (1 + vat<pi>))
 Constraints:
    <p::PRODS> -Y<p,s> + gamma<p,s> * K<p,s>^beta_k<p,s> * L<p,s>^beta_l<p,s> * (PROD<pi::PRODS> X<pi,p,s>^beta_x<pi,p,s>) = 0    (<p::PRODS> lambda__SECTOR_1<s,p>)
 Identities:
    -K<s> + SUM<p::PRODS> K<p,s> = 0
    -L<s> + SUM<p::PRODS> L<p,s> = 0
    <pi::PRODS> -X<pi,s> + SUM<p::PRODS> X<pi,p,s> = 0
 First order conditions:
    <p::PRODS> -lambda__SECTOR_1<s,p> + p<p> * (1 - t_prod<s>) = 0    (<p::PRODS> Y<p,s>)
    <p::PRODS> beta_k<p,s> * gamma<p,s> * lambda__SECTOR_1<s,p> * K<p,s>^(-1 + beta_k<p,s>) * L<p,s>^beta_l<p,s> * (PROD<pi::PRODS> X<pi,p,s>^beta_x<pi,p,s>) = 0    (<p::PRODS> K<p,s>)
    <p::PRODS> beta_l<p,s> * gamma<p,s> * lambda__SECTOR_1<s,p> * K<p,s>^beta_k<p,s> * L<p,s>^(-1 + beta_l<p,s>) * (PROD<pi::PRODS> X<pi,p,s>^beta_x<pi,p,s>) = 0    (<p::PRODS> L<p,s>)
    <pi::PRODS> <pe::PRODS> beta_x<pi,pe,s> * gamma<pe,s> * lambda__SECTOR_1<s,pe> * X<pi,pe,s>^-1 * K<pe,s>^beta_k<pe,s> * L<pe,s>^beta_l<pe,s> * (PROD<pi_::PRODS> X<pi_,pe,s>^beta_x<pi_,pe,s>) = 0    (<pi::PRODS> <pe::PRODS> X<pi,pe,s>)

Block: <p::PRODS> PRODUCTS
 Identities:
    DA<p> - OA<p> * (1 + vat<p>) = 0
    -OA<p> + p<p> * (SUM<s::SEC> Y<p,s>) + p<p> * M<p> * (1 + aran<p>) = 0
    por_m<p> * OA<p> - p<p> * M<p> * (1 + aran<p>) = 0
    -DA<p> + p<p> * (1 + vat<p>) * (D<p> + EXPORT<p> + GG<p> + I<p> + SUM<s::SEC> X<p,s>) = 0
    por_x<p> * DA<p> - p<p> * EXPORT<p> * (1 + vat<p>) = 0

Block: FIRM
 Identities:
    -ING_F + PREST_SOC_F + SAV_F + TR_EMP + fit * p_k * K_f = 0
    CONT_SOC_F - ING_F + p_k * K_f = 0
    -SAV_F + por_sav_f * ING_F = 0
    -K_f + k_total_data * par_k_f = 0
    -CONT_SOC_F + por_cont_soc_f * CONT_SOC = 0
    -PREST_SOC_F + por_pres_soc_f * ING_F = 0

Block: ROW
 Identities:
    -ING_ROW + SAV_ROW + p_k * K_pago_ROW + SUM<p::PRODS> p<p> * EXPORT<p> * (1 + vat<p>) = 0
    -ING_ROW + L_row + p_k * K_row + SUM<p::PRODS> p<p> * M<p> = 0
    -L_row + l_total_data * por_l_row = 0
    -K_row + k_total_data * par_k_row = 0

Block: SI
 Identities:
    -SAV_TOT + SUM<p::PRODS> p<p> * I<p> * (1 + vat<p>) = 0
    SAV + SAV_F + SAV_ROW - SAV_TOT + SAV_G = 0

Block: GOB
 Identities:
    GTO_G - ING_GOB = 0
    CONT_SOC_G - ING_GOB + TOTAL_TAX + p_k * K_g = 0
    -GTO_G + PREST_SOC_G + SAV_G + TR_GOV + SUM<p::PRODS> p<p> * GG<p> * (1 + vat<p>) = 0
    -PREST_SOC_G + por_pres_soc_g * ING_GOB = 0
    -K_g + k_total_data * par_k_g = 0
    -CONT_SOC_G + por_cont_soc_g * CONT_SOC = 0
    -VAT + SUM<p::PRODS> vat<p> * p<p> * (D<p> + EXPORT<p> + GG<p> + I<p> + SUM<s::SEC> X<p,s>) = 0
    -DIR_T + pit * PIT_base + fit * p_k * K_f = 0
    -PROD_T + SUM<s::SEC> t_prod<s> * pi<s> = 0
    -ARANC + SUM<p::PRODS> aran<p> * p<p> * M<p> = 0
    ARANC + DIR_T + PROD_T - TOTAL_TAX + VAT = 0
    -SAV_G + por_sav_g * ING_GOB = 0
    <p::PRODS> data_gg_p<p> - p<p> * GG<p> * (1 + vat<p>) = 0

Block: EQUILIBRIUM
 Identities:
    L_h + L_row - SUM<s::SEC> L<s> = 0
    K_h + K_f - K_pago_ROW + K_row + K_g - SUM<s::SEC> K<s> = 0

Variables (125):
    lambda__CONSUMER_1, p_k, ARANC, BTINC, CONT_SOC, CONT_SOC_F, CONT_SOC_G, DIR_T, GTO_G, INC, ING_F, ING_GOB, ING_ROW, K_h, K_f, K_pago_ROW, K_row, K_g, L_h, L_row, PIT_base, PREST_SOC, PREST_SOC_F, PREST_SOC_G, PROD_T, SAV, SAV_F, SAV_ROW, SAV_TOT, SAV_G, TOTAL_TAX, TR_EMP, TR_GOV, U, VAT, p<'Prodprim'>, p<'Prodmanu'>, p<'Prodserv'>, pi<'Actprim'>, pi<'Actmanu'>, pi<'Actserv'>, D<'Prodprim'>, D<'Prodmanu'>, D<'Prodserv'>, DA<'Prodprim'>, DA<'Prodmanu'>, DA<'Prodserv'>, EXPORT<'Prodprim'>, EXPORT<'Prodmanu'>, EXPORT<'Prodserv'>, GG<'Prodprim'>, GG<'Prodmanu'>, GG<'Prodserv'>, I<'Prodprim'>, I<'Prodmanu'>, I<'Prodserv'>, K<'Prodprim','Actprim'>, K<'Prodprim','Actmanu'>, K<'Prodprim','Actserv'>, K<'Prodmanu','Actprim'>, K<'Prodmanu','Actmanu'>, K<'Prodmanu','Actserv'>, K<'Prodserv','Actprim'>, K<'Prodserv','Actmanu'>, K<'Prodserv','Actserv'>, L<'Prodprim','Actprim'>, L<'Prodprim','Actmanu'>, L<'Prodprim','Actserv'>, L<'Prodmanu','Actprim'>, L<'Prodmanu','Actmanu'>, L<'Prodmanu','Actserv'>, L<'Prodserv','Actprim'>, L<'Prodserv','Actmanu'>, L<'Prodserv','Actserv'>, M<'Prodprim'>, M<'Prodmanu'>, M<'Prodserv'>, OA<'Prodprim'>, OA<'Prodmanu'>, OA<'Prodserv'>, X<'Prodprim','Actprim'>, X<'Prodprim','Actmanu'>, X<'Prodprim','Actserv'>, X<'Prodmanu','Actprim'>, X<'Prodmanu','Actmanu'>, X<'Prodmanu','Actserv'>, X<'Prodserv','Actprim'>, X<'Prodserv','Actmanu'>, X<'Prodserv','Actserv'>, X<'Prodprim','Prodprim','Actprim'>, X<'Prodprim','Prodprim','Actmanu'>, X<'Prodprim','Prodprim','Actserv'>, X<'Prodprim','Prodmanu','Actprim'>, X<'Prodprim','Prodmanu','Actmanu'>, X<'Prodprim','Prodmanu','Actserv'>, X<'Prodprim','Prodserv','Actprim'>, X<'Prodprim','Prodserv','Actmanu'>, X<'Prodprim','Prodserv','Actserv'>, X<'Prodmanu','Prodprim','Actprim'>, X<'Prodmanu','Prodprim','Actmanu'>, X<'Prodmanu','Prodprim','Actserv'>, X<'Prodmanu','Prodmanu','Actprim'>, X<'Prodmanu','Prodmanu','Actmanu'>, X<'Prodmanu','Prodmanu','Actserv'>, X<'Prodmanu','Prodserv','Actprim'>, X<'Prodmanu','Prodserv','Actmanu'>, X<'Prodmanu','Prodserv','Actserv'>, X<'Prodserv','Prodprim','Actprim'>, X<'Prodserv','Prodprim','Actmanu'>, X<'Prodserv','Prodprim','Actserv'>, X<'Prodserv','Prodmanu','Actprim'>, X<'Prodserv','Prodmanu','Actmanu'>, X<'Prodserv','Prodmanu','Actserv'>, X<'Prodserv','Prodserv','Actprim'>, X<'Prodserv','Prodserv','Actmanu'>, X<'Prodserv','Prodserv','Actserv'>, Y<'Prodprim','Actprim'>, Y<'Prodprim','Actmanu'>, Y<'Prodprim','Actserv'>, Y<'Prodmanu','Actprim'>, Y<'Prodmanu','Actmanu'>, Y<'Prodmanu','Actserv'>, Y<'Prodserv','Actprim'>, Y<'Prodserv','Actmanu'>, Y<'Prodserv','Actserv'>

Parameters (119):
    fit, k_total_data, l_total_data, omega, par_k_h, par_k_f, par_k_row, par_k_g, pit, por_l_h, por_sav, por_cont, por_tremp, por_trgov, por_sav_f, por_cont_soc_f, por_pres_soc_f, por_l_row, por_pres_soc_g, por_cont_soc_g, por_sav_g, alpha<'Prodprim'>, alpha<'Prodmanu'>, alpha<'Prodserv'>, aran<'Prodprim'>, aran<'Prodmanu'>, aran<'Prodserv'>, beta_k<'Prodprim','Actprim'>, beta_k<'Prodprim','Actmanu'>, beta_k<'Prodprim','Actserv'>, beta_k<'Prodmanu','Actprim'>, beta_k<'Prodmanu','Actmanu'>, beta_k<'Prodmanu','Actserv'>, beta_k<'Prodserv','Actprim'>, beta_k<'Prodserv','Actmanu'>, beta_k<'Prodserv','Actserv'>, beta_l<'Prodprim','Actprim'>, beta_l<'Prodprim','Actmanu'>, beta_l<'Prodprim','Actserv'>, beta_l<'Prodmanu','Actprim'>, beta_l<'Prodmanu','Actmanu'>, beta_l<'Prodmanu','Actserv'>, beta_l<'Prodserv','Actprim'>, beta_l<'Prodserv','Actmanu'>, beta_l<'Prodserv','Actserv'>, beta_x<'Prodprim','Prodprim','Actprim'>, beta_x<'Prodprim','Prodprim','Actmanu'>, beta_x<'Prodprim','Prodprim','Actserv'>, beta_x<'Prodprim','Prodmanu','Actprim'>, beta_x<'Prodprim','Prodmanu','Actmanu'>, beta_x<'Prodprim','Prodmanu','Actserv'>, beta_x<'Prodprim','Prodserv','Actprim'>, beta_x<'Prodprim','Prodserv','Actmanu'>, beta_x<'Prodprim','Prodserv','Actserv'>, beta_x<'Prodmanu','Prodprim','Actprim'>, beta_x<'Prodmanu','Prodprim','Actmanu'>, beta_x<'Prodmanu','Prodprim','Actserv'>, beta_x<'Prodmanu','Prodmanu','Actprim'>, beta_x<'Prodmanu','Prodmanu','Actmanu'>, beta_x<'Prodmanu','Prodmanu','Actserv'>, beta_x<'Prodmanu','Prodserv','Actprim'>, beta_x<'Prodmanu','Prodserv','Actmanu'>, beta_x<'Prodmanu','Prodserv','Actserv'>, beta_x<'Prodserv','Prodprim','Actprim'>, beta_x<'Prodserv','Prodprim','Actmanu'>, beta_x<'Prodserv','Prodprim','Actserv'>, beta_x<'Prodserv','Prodmanu','Actprim'>, beta_x<'Prodserv','Prodmanu','Actmanu'>, beta_x<'Prodserv','Prodmanu','Actserv'>, beta_x<'Prodserv','Prodserv','Actprim'>, beta_x<'Prodserv','Prodserv','Actmanu'>, beta_x<'Prodserv','Prodserv','Actserv'>, d_data<'Prodmanu'>, d_data<'Prodserv'>, data_prod_s<'Actprim','Prodprim'>, data_prod_s<'Actprim','Prodmanu'>, data_prod_s<'Actprim','Prodserv'>, data_prod_s<'Actmanu','Prodprim'>, data_prod_s<'Actmanu','Prodmanu'>, data_prod_s<'Actmanu','Prodserv'>, data_prod_s<'Actserv','Prodprim'>, data_prod_s<'Actserv','Prodmanu'>, data_prod_s<'Actserv','Prodserv'>, data_gg_p<'Prodprim'>, data_gg_p<'Prodmanu'>, data_gg_p<'Prodserv'>, gamma<'Prodprim','Actprim'>, gamma<'Prodprim','Actmanu'>, gamma<'Prodprim','Actserv'>, gamma<'Prodmanu','Actprim'>, gamma<'Prodmanu','Actmanu'>, gamma<'Prodmanu','Actserv'>, gamma<'Prodserv','Actprim'>, gamma<'Prodserv','Actmanu'>, gamma<'Prodserv','Actserv'>, l_data<'Actprim'>, l_data<'Actmanu'>, l_data<'Actserv'>, por_m<'Prodprim'>, por_m<'Prodmanu'>, por_m<'Prodserv'>, por_x<'Prodprim'>, por_x<'Prodmanu'>, por_x<'Prodserv'>, t_prod<'Actprim'>, t_prod<'Actmanu'>, t_prod<'Actserv'>, vat<'Prodprim'>, vat<'Prodmanu'>, vat<'Prodserv'>, x_data<'Prodprim','Actprim'>, x_data<'Prodprim','Actmanu'>, x_data<'Prodprim','Actserv'>, x_data<'Prodmanu','Actprim'>, x_data<'Prodmanu','Actmanu'>, x_data<'Prodmanu','Actserv'>, x_data<'Prodserv','Actprim'>, x_data<'Prodserv','Actmanu'>, x_data<'Prodserv','Actserv'>

Free parameters (62):
    fit, k_total_data, l_total_data, omega, par_k_h, par_k_f, par_k_row, par_k_g, pit, por_l_h, por_sav, por_cont, por_tremp, por_trgov, por_sav_f, por_cont_soc_f, por_pres_soc_f, por_l_row, por_pres_soc_g, por_cont_soc_g, por_sav_g, aran<'Prodprim'>, aran<'Prodmanu'>, aran<'Prodserv'>, d_data<'Prodmanu'>, d_data<'Prodserv'>, data_prod_s<'Actprim','Prodprim'>, data_prod_s<'Actprim','Prodmanu'>, data_prod_s<'Actprim','Prodserv'>, data_prod_s<'Actmanu','Prodprim'>, data_prod_s<'Actmanu','Prodmanu'>, data_prod_s<'Actmanu','Prodserv'>, data_prod_s<'Actserv','Prodprim'>, data_prod_s<'Actserv','Prodmanu'>, data_prod_s<'Actserv','Prodserv'>, data_gg_p<'Prodprim'>, data_gg_p<'Prodmanu'>, data_gg_p<'Prodserv'>, l_data<'Actprim'>, l_data<'Actmanu'>, l_data<'Actserv'>, por_m<'Prodprim'>, por_m<'Prodmanu'>, por_m<'Prodserv'>, por_x<'Prodprim'>, por_x<'Prodmanu'>, por_x<'Prodserv'>, t_prod<'Actprim'>, t_prod<'Actmanu'>, t_prod<'Actserv'>, vat<'Prodprim'>, vat<'Prodmanu'>, vat<'Prodserv'>, x_data<'Prodprim','Actprim'>, x_data<'Prodprim','Actmanu'>, x_data<'Prodprim','Actserv'>, x_data<'Prodmanu','Actprim'>, x_data<'Prodmanu','Actmanu'>, x_data<'Prodmanu','Actserv'>, x_data<'Prodserv','Actprim'>, x_data<'Prodserv','Actmanu'>, x_data<'Prodserv','Actserv'>

Calibrated parameters (57):
    alpha<'Prodprim'>, alpha<'Prodmanu'>, alpha<'Prodserv'>, beta_k<'Prodprim','Actprim'>, beta_k<'Prodprim','Actmanu'>, beta_k<'Prodprim','Actserv'>, beta_k<'Prodmanu','Actprim'>, beta_k<'Prodmanu','Actmanu'>, beta_k<'Prodmanu','Actserv'>, beta_k<'Prodserv','Actprim'>, beta_k<'Prodserv','Actmanu'>, beta_k<'Prodserv','Actserv'>, beta_l<'Prodprim','Actprim'>, beta_l<'Prodprim','Actmanu'>, beta_l<'Prodprim','Actserv'>, beta_l<'Prodmanu','Actprim'>, beta_l<'Prodmanu','Actmanu'>, beta_l<'Prodmanu','Actserv'>, beta_l<'Prodserv','Actprim'>, beta_l<'Prodserv','Actmanu'>, beta_l<'Prodserv','Actserv'>, beta_x<'Prodprim','Prodprim','Actprim'>, beta_x<'Prodprim','Prodprim','Actmanu'>, beta_x<'Prodprim','Prodprim','Actserv'>, beta_x<'Prodprim','Prodmanu','Actprim'>, beta_x<'Prodprim','Prodmanu','Actmanu'>, beta_x<'Prodprim','Prodmanu','Actserv'>, beta_x<'Prodprim','Prodserv','Actprim'>, beta_x<'Prodprim','Prodserv','Actmanu'>, beta_x<'Prodprim','Prodserv','Actserv'>, beta_x<'Prodmanu','Prodprim','Actprim'>, beta_x<'Prodmanu','Prodprim','Actmanu'>, beta_x<'Prodmanu','Prodprim','Actserv'>, beta_x<'Prodmanu','Prodmanu','Actprim'>, beta_x<'Prodmanu','Prodmanu','Actmanu'>, beta_x<'Prodmanu','Prodmanu','Actserv'>, beta_x<'Prodmanu','Prodserv','Actprim'>, beta_x<'Prodmanu','Prodserv','Actmanu'>, beta_x<'Prodmanu','Prodserv','Actserv'>, beta_x<'Prodserv','Prodprim','Actprim'>, beta_x<'Prodserv','Prodprim','Actmanu'>, beta_x<'Prodserv','Prodprim','Actserv'>, beta_x<'Prodserv','Prodmanu','Actprim'>, beta_x<'Prodserv','Prodmanu','Actmanu'>, beta_x<'Prodserv','Prodmanu','Actserv'>, beta_x<'Prodserv','Prodserv','Actprim'>, beta_x<'Prodserv','Prodserv','Actmanu'>, beta_x<'Prodserv','Prodserv','Actserv'>, gamma<'Prodprim','Actprim'>, gamma<'Prodprim','Actmanu'>, gamma<'Prodprim','Actserv'>, gamma<'Prodmanu','Actprim'>, gamma<'Prodmanu','Actmanu'>, gamma<'Prodmanu','Actserv'>, gamma<'Prodserv','Actprim'>, gamma<'Prodserv','Actmanu'>, gamma<'Prodserv','Actserv'>

Equations (125):
 (1)  data_gg_p<'Prodprim'> - p<'Prodprim'> * GG<'Prodprim'> * (1 + vat<'Prodprim'>) = 0
 (2)  data_gg_p<'Prodmanu'> - p<'Prodmanu'> * GG<'Prodmanu'> * (1 + vat<'Prodmanu'>) = 0
 (3)  data_gg_p<'Prodserv'> - p<'Prodserv'> * GG<'Prodserv'> * (1 + vat<'Prodserv'>) = 0
 (4)  -CONT_SOC + por_cont * INC = 0
 (5)  -CONT_SOC_F + por_cont_soc_f * CONT_SOC = 0
 (6)  -CONT_SOC_G + por_cont_soc_g * CONT_SOC = 0
 (7)  GTO_G - ING_GOB = 0
 (8)  -K_h + k_total_data * par_k_h = 0
 (9)  -K_f + k_total_data * par_k_f = 0
 (10)  -K_row + k_total_data * par_k_row = 0
 (11)  -K_g + k_total_data * par_k_g = 0
 (12)  -L_h + l_total_data * por_l_h = 0
 (13)  -L_row + l_total_data * por_l_row = 0
 (14)  -PREST_SOC_F + por_pres_soc_f * ING_F = 0
 (15)  -PREST_SOC_G + por_pres_soc_g * ING_GOB = 0
 (16)  -SAV + por_sav * INC = 0
 (17)  -SAV_F + por_sav_f * ING_F = 0
 (18)  -SAV_G + por_sav_g * ING_GOB = 0
 (19)  -TR_EMP + por_tremp * ING_F = 0
 (20)  -TR_GOV + por_trgov * ING_GOB = 0
 (21)  U - (alpha<'Prodprim'> * D<'Prodprim'>^(omega^-1 * (-1 + omega)) + alpha<'Prodmanu'> * D<'Prodmanu'>^(omega^-1 * (-1 + omega)) + alpha<'Prodserv'> * D<'Prodserv'>^(omega^-1 * (-1 + omega)))^(omega * (-1 + omega)^-1) = 0
 (22)  pi<'Actprim'> - (1 - t_prod<'Actprim'>) * (-L<'Prodprim','Actprim'> - L<'Prodmanu','Actprim'> - L<'Prodserv','Actprim'> - p_k * (K<'Prodprim','Actprim'> + K<'Prodmanu','Actprim'> + K<'Prodserv','Actprim'>) + p<'Prodprim'> * Y<'Prodprim','Actprim'> + p<'Prodmanu'> * Y<'Prodmanu','Actprim'> + p<'Prodserv'> * Y<'Prodserv','Actprim'> - p<'Prodprim'> * X<'Prodprim','Actprim'> * (1 + vat<'Prodprim'>) - p<'Prodmanu'> * X<'Prodmanu','Actprim'> * (1 + vat<'Prodmanu'>) - p<'Prodserv'> * X<'Prodserv','Actprim'> * (1 + vat<'Prodserv'>)) = 0
 (23)  pi<'Actmanu'> - (1 - t_prod<'Actmanu'>) * (-L<'Prodprim','Actmanu'> - L<'Prodmanu','Actmanu'> - L<'Prodserv','Actmanu'> - p_k * (K<'Prodprim','Actmanu'> + K<'Prodmanu','Actmanu'> + K<'Prodserv','Actmanu'>) + p<'Prodprim'> * Y<'Prodprim','Actmanu'> + p<'Prodmanu'> * Y<'Prodmanu','Actmanu'> + p<'Prodserv'> * Y<'Prodserv','Actmanu'> - p<'Prodprim'> * X<'Prodprim','Actmanu'> * (1 + vat<'Prodprim'>) - p<'Prodmanu'> * X<'Prodmanu','Actmanu'> * (1 + vat<'Prodmanu'>) - p<'Prodserv'> * X<'Prodserv','Actmanu'> * (1 + vat<'Prodserv'>)) = 0
 (24)  pi<'Actserv'> - (1 - t_prod<'Actserv'>) * (-L<'Prodprim','Actserv'> - L<'Prodmanu','Actserv'> - L<'Prodserv','Actserv'> - p_k * (K<'Prodprim','Actserv'> + K<'Prodmanu','Actserv'> + K<'Prodserv','Actserv'>) + p<'Prodprim'> * Y<'Prodprim','Actserv'> + p<'Prodmanu'> * Y<'Prodmanu','Actserv'> + p<'Prodserv'> * Y<'Prodserv','Actserv'> - p<'Prodprim'> * X<'Prodprim','Actserv'> * (1 + vat<'Prodprim'>) - p<'Prodmanu'> * X<'Prodmanu','Actserv'> * (1 + vat<'Prodmanu'>) - p<'Prodserv'> * X<'Prodserv','Actserv'> * (1 + vat<'Prodserv'>)) = 0
 (25)  -DA<'Prodprim'> + p<'Prodprim'> * (1 + vat<'Prodprim'>) * (D<'Prodprim'> + EXPORT<'Prodprim'> + GG<'Prodprim'> + I<'Prodprim'> + X<'Prodprim','Actprim'> + X<'Prodprim','Actmanu'> + X<'Prodprim','Actserv'>) = 0
 (26)  DA<'Prodprim'> - OA<'Prodprim'> * (1 + vat<'Prodprim'>) = 0
 (27)  -DA<'Prodmanu'> + p<'Prodmanu'> * (1 + vat<'Prodmanu'>) * (D<'Prodmanu'> + EXPORT<'Prodmanu'> + GG<'Prodmanu'> + I<'Prodmanu'> + X<'Prodmanu','Actprim'> + X<'Prodmanu','Actmanu'> + X<'Prodmanu','Actserv'>) = 0
 (28)  DA<'Prodmanu'> - OA<'Prodmanu'> * (1 + vat<'Prodmanu'>) = 0
 (29)  -DA<'Prodserv'> + p<'Prodserv'> * (1 + vat<'Prodserv'>) * (D<'Prodserv'> + EXPORT<'Prodserv'> + GG<'Prodserv'> + I<'Prodserv'> + X<'Prodserv','Actprim'> + X<'Prodserv','Actmanu'> + X<'Prodserv','Actserv'>) = 0
 (30)  DA<'Prodserv'> - OA<'Prodserv'> * (1 + vat<'Prodserv'>) = 0
 (31)  -Y<'Prodprim','Actprim'> + gamma<'Prodprim','Actprim'> * K<'Prodprim','Actprim'>^beta_k<'Prodprim','Actprim'> * L<'Prodprim','Actprim'>^beta_l<'Prodprim','Actprim'> * X<'Prodprim','Prodprim','Actprim'>^beta_x<'Prodprim','Prodprim','Actprim'> * X<'Prodmanu','Prodprim','Actprim'>^beta_x<'Prodmanu','Prodprim','Actprim'> * X<'Prodserv','Prodprim','Actprim'>^beta_x<'Prodserv','Prodprim','Actprim'> = 0
 (32)  -Y<'Prodprim','Actmanu'> + gamma<'Prodprim','Actmanu'> * K<'Prodprim','Actmanu'>^beta_k<'Prodprim','Actmanu'> * L<'Prodprim','Actmanu'>^beta_l<'Prodprim','Actmanu'> * X<'Prodprim','Prodprim','Actmanu'>^beta_x<'Prodprim','Prodprim','Actmanu'> * X<'Prodmanu','Prodprim','Actmanu'>^beta_x<'Prodmanu','Prodprim','Actmanu'> * X<'Prodserv','Prodprim','Actmanu'>^beta_x<'Prodserv','Prodprim','Actmanu'> = 0
 (33)  -Y<'Prodprim','Actserv'> + gamma<'Prodprim','Actserv'> * K<'Prodprim','Actserv'>^beta_k<'Prodprim','Actserv'> * L<'Prodprim','Actserv'>^beta_l<'Prodprim','Actserv'> * X<'Prodprim','Prodprim','Actserv'>^beta_x<'Prodprim','Prodprim','Actserv'> * X<'Prodmanu','Prodprim','Actserv'>^beta_x<'Prodmanu','Prodprim','Actserv'> * X<'Prodserv','Prodprim','Actserv'>^beta_x<'Prodserv','Prodprim','Actserv'> = 0
 (34)  -Y<'Prodmanu','Actprim'> + gamma<'Prodmanu','Actprim'> * K<'Prodmanu','Actprim'>^beta_k<'Prodmanu','Actprim'> * L<'Prodmanu','Actprim'>^beta_l<'Prodmanu','Actprim'> * X<'Prodprim','Prodmanu','Actprim'>^beta_x<'Prodprim','Prodmanu','Actprim'> * X<'Prodmanu','Prodmanu','Actprim'>^beta_x<'Prodmanu','Prodmanu','Actprim'> * X<'Prodserv','Prodmanu','Actprim'>^beta_x<'Prodserv','Prodmanu','Actprim'> = 0
 (35)  -Y<'Prodmanu','Actmanu'> + gamma<'Prodmanu','Actmanu'> * K<'Prodmanu','Actmanu'>^beta_k<'Prodmanu','Actmanu'> * L<'Prodmanu','Actmanu'>^beta_l<'Prodmanu','Actmanu'> * X<'Prodprim','Prodmanu','Actmanu'>^beta_x<'Prodprim','Prodmanu','Actmanu'> * X<'Prodmanu','Prodmanu','Actmanu'>^beta_x<'Prodmanu','Prodmanu','Actmanu'> * X<'Prodserv','Prodmanu','Actmanu'>^beta_x<'Prodserv','Prodmanu','Actmanu'> = 0
 (36)  -Y<'Prodmanu','Actserv'> + gamma<'Prodmanu','Actserv'> * K<'Prodmanu','Actserv'>^beta_k<'Prodmanu','Actserv'> * L<'Prodmanu','Actserv'>^beta_l<'Prodmanu','Actserv'> * X<'Prodprim','Prodmanu','Actserv'>^beta_x<'Prodprim','Prodmanu','Actserv'> * X<'Prodmanu','Prodmanu','Actserv'>^beta_x<'Prodmanu','Prodmanu','Actserv'> * X<'Prodserv','Prodmanu','Actserv'>^beta_x<'Prodserv','Prodmanu','Actserv'> = 0
 (37)  -Y<'Prodserv','Actprim'> + gamma<'Prodserv','Actprim'> * K<'Prodserv','Actprim'>^beta_k<'Prodserv','Actprim'> * L<'Prodserv','Actprim'>^beta_l<'Prodserv','Actprim'> * X<'Prodprim','Prodserv','Actprim'>^beta_x<'Prodprim','Prodserv','Actprim'> * X<'Prodmanu','Prodserv','Actprim'>^beta_x<'Prodmanu','Prodserv','Actprim'> * X<'Prodserv','Prodserv','Actprim'>^beta_x<'Prodserv','Prodserv','Actprim'> = 0
 (38)  -Y<'Prodserv','Actmanu'> + gamma<'Prodserv','Actmanu'> * K<'Prodserv','Actmanu'>^beta_k<'Prodserv','Actmanu'> * L<'Prodserv','Actmanu'>^beta_l<'Prodserv','Actmanu'> * X<'Prodprim','Prodserv','Actmanu'>^beta_x<'Prodprim','Prodserv','Actmanu'> * X<'Prodmanu','Prodserv','Actmanu'>^beta_x<'Prodmanu','Prodserv','Actmanu'> * X<'Prodserv','Prodserv','Actmanu'>^beta_x<'Prodserv','Prodserv','Actmanu'> = 0
 (39)  -Y<'Prodserv','Actserv'> + gamma<'Prodserv','Actserv'> * K<'Prodserv','Actserv'>^beta_k<'Prodserv','Actserv'> * L<'Prodserv','Actserv'>^beta_l<'Prodserv','Actserv'> * X<'Prodprim','Prodserv','Actserv'>^beta_x<'Prodprim','Prodserv','Actserv'> * X<'Prodmanu','Prodserv','Actserv'>^beta_x<'Prodmanu','Prodserv','Actserv'> * X<'Prodserv','Prodserv','Actserv'>^beta_x<'Prodserv','Prodserv','Actserv'> = 0
 (40)  por_m<'Prodprim'> * OA<'Prodprim'> - p<'Prodprim'> * M<'Prodprim'> * (1 + aran<'Prodprim'>) = 0
 (41)  por_m<'Prodmanu'> * OA<'Prodmanu'> - p<'Prodmanu'> * M<'Prodmanu'> * (1 + aran<'Prodmanu'>) = 0
 (42)  por_m<'Prodserv'> * OA<'Prodserv'> - p<'Prodserv'> * M<'Prodserv'> * (1 + aran<'Prodserv'>) = 0
 (43)  por_x<'Prodprim'> * DA<'Prodprim'> - p<'Prodprim'> * EXPORT<'Prodprim'> * (1 + vat<'Prodprim'>) = 0
 (44)  por_x<'Prodmanu'> * DA<'Prodmanu'> - p<'Prodmanu'> * EXPORT<'Prodmanu'> * (1 + vat<'Prodmanu'>) = 0
 (45)  por_x<'Prodserv'> * DA<'Prodserv'> - p<'Prodserv'> * EXPORT<'Prodserv'> * (1 + vat<'Prodserv'>) = 0
 (46)  alpha<'Prodprim'> * D<'Prodprim'>^(-1 + omega^-1 * (-1 + omega)) * (alpha<'Prodprim'> * D<'Prodprim'>^(omega^-1 * (-1 + omega)) + alpha<'Prodmanu'> * D<'Prodmanu'>^(omega^-1 * (-1 + omega)) + alpha<'Prodserv'> * D<'Prodserv'>^(omega^-1 * (-1 + omega)))^(-1 + omega * (-1 + omega)^-1) + lambda__CONSUMER_1 * p<'Prodprim'> * (1 + vat<'Prodprim'>) = 0
 (47)  alpha<'Prodmanu'> * D<'Prodmanu'>^(-1 + omega^-1 * (-1 + omega)) * (alpha<'Prodprim'> * D<'Prodprim'>^(omega^-1 * (-1 + omega)) + alpha<'Prodmanu'> * D<'Prodmanu'>^(omega^-1 * (-1 + omega)) + alpha<'Prodserv'> * D<'Prodserv'>^(omega^-1 * (-1 + omega)))^(-1 + omega * (-1 + omega)^-1) + lambda__CONSUMER_1 * p<'Prodmanu'> * (1 + vat<'Prodmanu'>) = 0
 (48)  alpha<'Prodserv'> * D<'Prodserv'>^(-1 + omega^-1 * (-1 + omega)) * (alpha<'Prodprim'> * D<'Prodprim'>^(omega^-1 * (-1 + omega)) + alpha<'Prodmanu'> * D<'Prodmanu'>^(omega^-1 * (-1 + omega)) + alpha<'Prodserv'> * D<'Prodserv'>^(omega^-1 * (-1 + omega)))^(-1 + omega * (-1 + omega)^-1) + lambda__CONSUMER_1 * p<'Prodserv'> * (1 + vat<'Prodserv'>) = 0
 (49)  CONT_SOC_F - ING_F + p_k * K_f = 0
 (50)  -DIR_T + pit * PIT_base + fit * p_k * K_f = 0
 (51)  L_h - PIT_base + p_k * K_h = 0
 (52)  -PREST_SOC + PREST_SOC_F + PREST_SOC_G = 0
 (53)  -OA<'Prodprim'> + p<'Prodprim'> * (Y<'Prodprim','Actprim'> + Y<'Prodprim','Actmanu'> + Y<'Prodprim','Actserv'>) + p<'Prodprim'> * M<'Prodprim'> * (1 + aran<'Prodprim'>) = 0
 (54)  -OA<'Prodmanu'> + p<'Prodmanu'> * (Y<'Prodmanu','Actprim'> + Y<'Prodmanu','Actmanu'> + Y<'Prodmanu','Actserv'>) + p<'Prodmanu'> * M<'Prodmanu'> * (1 + aran<'Prodmanu'>) = 0
 (55)  -OA<'Prodserv'> + p<'Prodserv'> * (Y<'Prodserv','Actprim'> + Y<'Prodserv','Actmanu'> + Y<'Prodserv','Actserv'>) + p<'Prodserv'> * M<'Prodserv'> * (1 + aran<'Prodserv'>) = 0
 (56)  -ARANC + aran<'Prodprim'> * p<'Prodprim'> * M<'Prodprim'> + aran<'Prodmanu'> * p<'Prodmanu'> * M<'Prodmanu'> + aran<'Prodserv'> * p<'Prodserv'> * M<'Prodserv'> = 0
 (57)  CONT_SOC_G - ING_GOB + TOTAL_TAX + p_k * K_g = 0
 (58)  -PROD_T + t_prod<'Actprim'> * pi<'Actprim'> + t_prod<'Actmanu'> * pi<'Actmanu'> + t_prod<'Actserv'> * pi<'Actserv'> = 0
 (59)  -SAV_TOT + p<'Prodprim'> * I<'Prodprim'> * (1 + vat<'Prodprim'>) + p<'Prodmanu'> * I<'Prodmanu'> * (1 + vat<'Prodmanu'>) + p<'Prodserv'> * I<'Prodserv'> * (1 + vat<'Prodserv'>) = 0
 (60)  -VAT + vat<'Prodprim'> * p<'Prodprim'> * (D<'Prodprim'> + EXPORT<'Prodprim'> + GG<'Prodprim'> + I<'Prodprim'> + X<'Prodprim','Actprim'> + X<'Prodprim','Actmanu'> + X<'Prodprim','Actserv'>) + vat<'Prodmanu'> * p<'Prodmanu'> * (D<'Prodmanu'> + EXPORT<'Prodmanu'> + GG<'Prodmanu'> + I<'Prodmanu'> + X<'Prodmanu','Actprim'> + X<'Prodmanu','Actmanu'> + X<'Prodmanu','Actserv'>) + vat<'Prodserv'> * p<'Prodserv'> * (D<'Prodserv'> + EXPORT<'Prodserv'> + GG<'Prodserv'> + I<'Prodserv'> + X<'Prodserv','Actprim'> + X<'Prodserv','Actmanu'> + X<'Prodserv','Actserv'>) = 0
 (61)  -X<'Prodprim','Actprim'> + X<'Prodprim','Prodprim','Actprim'> + X<'Prodprim','Prodmanu','Actprim'> + X<'Prodprim','Prodserv','Actprim'> = 0
 (62)  -X<'Prodprim','Actmanu'> + X<'Prodprim','Prodprim','Actmanu'> + X<'Prodprim','Prodmanu','Actmanu'> + X<'Prodprim','Prodserv','Actmanu'> = 0
 (63)  -X<'Prodprim','Actserv'> + X<'Prodprim','Prodprim','Actserv'> + X<'Prodprim','Prodmanu','Actserv'> + X<'Prodprim','Prodserv','Actserv'> = 0
 (64)  -X<'Prodmanu','Actprim'> + X<'Prodmanu','Prodprim','Actprim'> + X<'Prodmanu','Prodmanu','Actprim'> + X<'Prodmanu','Prodserv','Actprim'> = 0
 (65)  -X<'Prodmanu','Actmanu'> + X<'Prodmanu','Prodprim','Actmanu'> + X<'Prodmanu','Prodmanu','Actmanu'> + X<'Prodmanu','Prodserv','Actmanu'> = 0
 (66)  -X<'Prodmanu','Actserv'> + X<'Prodmanu','Prodprim','Actserv'> + X<'Prodmanu','Prodmanu','Actserv'> + X<'Prodmanu','Prodserv','Actserv'> = 0
 (67)  -X<'Prodserv','Actprim'> + X<'Prodserv','Prodprim','Actprim'> + X<'Prodserv','Prodmanu','Actprim'> + X<'Prodserv','Prodserv','Actprim'> = 0
 (68)  -X<'Prodserv','Actmanu'> + X<'Prodserv','Prodprim','Actmanu'> + X<'Prodserv','Prodmanu','Actmanu'> + X<'Prodserv','Prodserv','Actmanu'> = 0
 (69)  -X<'Prodserv','Actserv'> + X<'Prodserv','Prodprim','Actserv'> + X<'Prodserv','Prodmanu','Actserv'> + X<'Prodserv','Prodserv','Actserv'> = 0
 (70)  ARANC + DIR_T + PROD_T - TOTAL_TAX + VAT = 0
 (71)  -ING_F + PREST_SOC_F + SAV_F + TR_EMP + fit * p_k * K_f = 0
 (72)  SAV + SAV_F + SAV_ROW - SAV_TOT + SAV_G = 0
 (73)  -BTINC + L_h + PREST_SOC + TR_EMP + TR_GOV + p_k * K_h = 0
 (74)  BTINC - INC + pi<'Actprim'> + pi<'Actmanu'> + pi<'Actserv'> - pit * PIT_base = 0
 (75)  CONT_SOC - INC + SAV + p<'Prodprim'> * D<'Prodprim'> * (1 + vat<'Prodprim'>) + p<'Prodmanu'> * D<'Prodmanu'> * (1 + vat<'Prodmanu'>) + p<'Prodserv'> * D<'Prodserv'> * (1 + vat<'Prodserv'>) = 0
 (76)  -ING_ROW + L_row + p_k * K_row + p<'Prodprim'> * M<'Prodprim'> + p<'Prodmanu'> * M<'Prodmanu'> + p<'Prodserv'> * M<'Prodserv'> = 0
 (77)  -ING_ROW + SAV_ROW + p_k * K_pago_ROW + p<'Prodprim'> * EXPORT<'Prodprim'> * (1 + vat<'Prodprim'>) + p<'Prodmanu'> * EXPORT<'Prodmanu'> * (1 + vat<'Prodmanu'>) + p<'Prodserv'> * EXPORT<'Prodserv'> * (1 + vat<'Prodserv'>) = 0
 (78)  -GTO_G + PREST_SOC_G + SAV_G + TR_GOV + p<'Prodprim'> * GG<'Prodprim'> * (1 + vat<'Prodprim'>) + p<'Prodmanu'> * GG<'Prodmanu'> * (1 + vat<'Prodmanu'>) + p<'Prodserv'> * GG<'Prodserv'> * (1 + vat<'Prodserv'>) = 0
 (79)  L_h + L_row - L<'Prodprim','Actprim'> - L<'Prodprim','Actmanu'> - L<'Prodprim','Actserv'> - L<'Prodmanu','Actprim'> - L<'Prodmanu','Actmanu'> - L<'Prodmanu','Actserv'> - L<'Prodserv','Actprim'> - L<'Prodserv','Actmanu'> - L<'Prodserv','Actserv'> = 0
 (80)  K_h + K_f - K_pago_ROW + K_row + K_g - K<'Prodprim','Actprim'> - K<'Prodprim','Actmanu'> - K<'Prodprim','Actserv'> - K<'Prodmanu','Actprim'> - K<'Prodmanu','Actmanu'> - K<'Prodmanu','Actserv'> - K<'Prodserv','Actprim'> - K<'Prodserv','Actmanu'> - K<'Prodserv','Actserv'> = 0
 (81)  beta_k<'Prodprim','Actprim'> * gamma<'Prodprim','Actprim'> * p<'Prodprim'> * (1 - t_prod<'Actprim'>) * K<'Prodprim','Actprim'>^(-1 + beta_k<'Prodprim','Actprim'>) * L<'Prodprim','Actprim'>^beta_l<'Prodprim','Actprim'> * X<'Prodprim','Prodprim','Actprim'>^beta_x<'Prodprim','Prodprim','Actprim'> * X<'Prodmanu','Prodprim','Actprim'>^beta_x<'Prodmanu','Prodprim','Actprim'> * X<'Prodserv','Prodprim','Actprim'>^beta_x<'Prodserv','Prodprim','Actprim'> = 0
 (82)  beta_k<'Prodprim','Actmanu'> * gamma<'Prodprim','Actmanu'> * p<'Prodprim'> * (1 - t_prod<'Actmanu'>) * K<'Prodprim','Actmanu'>^(-1 + beta_k<'Prodprim','Actmanu'>) * L<'Prodprim','Actmanu'>^beta_l<'Prodprim','Actmanu'> * X<'Prodprim','Prodprim','Actmanu'>^beta_x<'Prodprim','Prodprim','Actmanu'> * X<'Prodmanu','Prodprim','Actmanu'>^beta_x<'Prodmanu','Prodprim','Actmanu'> * X<'Prodserv','Prodprim','Actmanu'>^beta_x<'Prodserv','Prodprim','Actmanu'> = 0
 (83)  beta_k<'Prodprim','Actserv'> * gamma<'Prodprim','Actserv'> * p<'Prodprim'> * (1 - t_prod<'Actserv'>) * K<'Prodprim','Actserv'>^(-1 + beta_k<'Prodprim','Actserv'>) * L<'Prodprim','Actserv'>^beta_l<'Prodprim','Actserv'> * X<'Prodprim','Prodprim','Actserv'>^beta_x<'Prodprim','Prodprim','Actserv'> * X<'Prodmanu','Prodprim','Actserv'>^beta_x<'Prodmanu','Prodprim','Actserv'> * X<'Prodserv','Prodprim','Actserv'>^beta_x<'Prodserv','Prodprim','Actserv'> = 0
 (84)  beta_k<'Prodmanu','Actprim'> * gamma<'Prodmanu','Actprim'> * p<'Prodmanu'> * (1 - t_prod<'Actprim'>) * K<'Prodmanu','Actprim'>^(-1 + beta_k<'Prodmanu','Actprim'>) * L<'Prodmanu','Actprim'>^beta_l<'Prodmanu','Actprim'> * X<'Prodprim','Prodmanu','Actprim'>^beta_x<'Prodprim','Prodmanu','Actprim'> * X<'Prodmanu','Prodmanu','Actprim'>^beta_x<'Prodmanu','Prodmanu','Actprim'> * X<'Prodserv','Prodmanu','Actprim'>^beta_x<'Prodserv','Prodmanu','Actprim'> = 0
 (85)  beta_k<'Prodmanu','Actmanu'> * gamma<'Prodmanu','Actmanu'> * p<'Prodmanu'> * (1 - t_prod<'Actmanu'>) * K<'Prodmanu','Actmanu'>^(-1 + beta_k<'Prodmanu','Actmanu'>) * L<'Prodmanu','Actmanu'>^beta_l<'Prodmanu','Actmanu'> * X<'Prodprim','Prodmanu','Actmanu'>^beta_x<'Prodprim','Prodmanu','Actmanu'> * X<'Prodmanu','Prodmanu','Actmanu'>^beta_x<'Prodmanu','Prodmanu','Actmanu'> * X<'Prodserv','Prodmanu','Actmanu'>^beta_x<'Prodserv','Prodmanu','Actmanu'> = 0
 (86)  beta_k<'Prodmanu','Actserv'> * gamma<'Prodmanu','Actserv'> * p<'Prodmanu'> * (1 - t_prod<'Actserv'>) * K<'Prodmanu','Actserv'>^(-1 + beta_k<'Prodmanu','Actserv'>) * L<'Prodmanu','Actserv'>^beta_l<'Prodmanu','Actserv'> * X<'Prodprim','Prodmanu','Actserv'>^beta_x<'Prodprim','Prodmanu','Actserv'> * X<'Prodmanu','Prodmanu','Actserv'>^beta_x<'Prodmanu','Prodmanu','Actserv'> * X<'Prodserv','Prodmanu','Actserv'>^beta_x<'Prodserv','Prodmanu','Actserv'> = 0
 (87)  beta_k<'Prodserv','Actprim'> * gamma<'Prodserv','Actprim'> * p<'Prodserv'> * (1 - t_prod<'Actprim'>) * K<'Prodserv','Actprim'>^(-1 + beta_k<'Prodserv','Actprim'>) * L<'Prodserv','Actprim'>^beta_l<'Prodserv','Actprim'> * X<'Prodprim','Prodserv','Actprim'>^beta_x<'Prodprim','Prodserv','Actprim'> * X<'Prodmanu','Prodserv','Actprim'>^beta_x<'Prodmanu','Prodserv','Actprim'> * X<'Prodserv','Prodserv','Actprim'>^beta_x<'Prodserv','Prodserv','Actprim'> = 0
 (88)  beta_k<'Prodserv','Actmanu'> * gamma<'Prodserv','Actmanu'> * p<'Prodserv'> * (1 - t_prod<'Actmanu'>) * K<'Prodserv','Actmanu'>^(-1 + beta_k<'Prodserv','Actmanu'>) * L<'Prodserv','Actmanu'>^beta_l<'Prodserv','Actmanu'> * X<'Prodprim','Prodserv','Actmanu'>^beta_x<'Prodprim','Prodserv','Actmanu'> * X<'Prodmanu','Prodserv','Actmanu'>^beta_x<'Prodmanu','Prodserv','Actmanu'> * X<'Prodserv','Prodserv','Actmanu'>^beta_x<'Prodserv','Prodserv','Actmanu'> = 0
 (89)  beta_k<'Prodserv','Actserv'> * gamma<'Prodserv','Actserv'> * p<'Prodserv'> * (1 - t_prod<'Actserv'>) * K<'Prodserv','Actserv'>^(-1 + beta_k<'Prodserv','Actserv'>) * L<'Prodserv','Actserv'>^beta_l<'Prodserv','Actserv'> * X<'Prodprim','Prodserv','Actserv'>^beta_x<'Prodprim','Prodserv','Actserv'> * X<'Prodmanu','Prodserv','Actserv'>^beta_x<'Prodmanu','Prodserv','Actserv'> * X<'Prodserv','Prodserv','Actserv'>^beta_x<'Prodserv','Prodserv','Actserv'> = 0
 (90)  beta_l<'Prodprim','Actprim'> * gamma<'Prodprim','Actprim'> * p<'Prodprim'> * (1 - t_prod<'Actprim'>) * K<'Prodprim','Actprim'>^beta_k<'Prodprim','Actprim'> * L<'Prodprim','Actprim'>^(-1 + beta_l<'Prodprim','Actprim'>) * X<'Prodprim','Prodprim','Actprim'>^beta_x<'Prodprim','Prodprim','Actprim'> * X<'Prodmanu','Prodprim','Actprim'>^beta_x<'Prodmanu','Prodprim','Actprim'> * X<'Prodserv','Prodprim','Actprim'>^beta_x<'Prodserv','Prodprim','Actprim'> = 0
 (91)  beta_l<'Prodprim','Actmanu'> * gamma<'Prodprim','Actmanu'> * p<'Prodprim'> * (1 - t_prod<'Actmanu'>) * K<'Prodprim','Actmanu'>^beta_k<'Prodprim','Actmanu'> * L<'Prodprim','Actmanu'>^(-1 + beta_l<'Prodprim','Actmanu'>) * X<'Prodprim','Prodprim','Actmanu'>^beta_x<'Prodprim','Prodprim','Actmanu'> * X<'Prodmanu','Prodprim','Actmanu'>^beta_x<'Prodmanu','Prodprim','Actmanu'> * X<'Prodserv','Prodprim','Actmanu'>^beta_x<'Prodserv','Prodprim','Actmanu'> = 0
 (92)  beta_l<'Prodprim','Actserv'> * gamma<'Prodprim','Actserv'> * p<'Prodprim'> * (1 - t_prod<'Actserv'>) * K<'Prodprim','Actserv'>^beta_k<'Prodprim','Actserv'> * L<'Prodprim','Actserv'>^(-1 + beta_l<'Prodprim','Actserv'>) * X<'Prodprim','Prodprim','Actserv'>^beta_x<'Prodprim','Prodprim','Actserv'> * X<'Prodmanu','Prodprim','Actserv'>^beta_x<'Prodmanu','Prodprim','Actserv'> * X<'Prodserv','Prodprim','Actserv'>^beta_x<'Prodserv','Prodprim','Actserv'> = 0
 (93)  beta_l<'Prodmanu','Actprim'> * gamma<'Prodmanu','Actprim'> * p<'Prodmanu'> * (1 - t_prod<'Actprim'>) * K<'Prodmanu','Actprim'>^beta_k<'Prodmanu','Actprim'> * L<'Prodmanu','Actprim'>^(-1 + beta_l<'Prodmanu','Actprim'>) * X<'Prodprim','Prodmanu','Actprim'>^beta_x<'Prodprim','Prodmanu','Actprim'> * X<'Prodmanu','Prodmanu','Actprim'>^beta_x<'Prodmanu','Prodmanu','Actprim'> * X<'Prodserv','Prodmanu','Actprim'>^beta_x<'Prodserv','Prodmanu','Actprim'> = 0
 (94)  beta_l<'Prodmanu','Actmanu'> * gamma<'Prodmanu','Actmanu'> * p<'Prodmanu'> * (1 - t_prod<'Actmanu'>) * K<'Prodmanu','Actmanu'>^beta_k<'Prodmanu','Actmanu'> * L<'Prodmanu','Actmanu'>^(-1 + beta_l<'Prodmanu','Actmanu'>) * X<'Prodprim','Prodmanu','Actmanu'>^beta_x<'Prodprim','Prodmanu','Actmanu'> * X<'Prodmanu','Prodmanu','Actmanu'>^beta_x<'Prodmanu','Prodmanu','Actmanu'> * X<'Prodserv','Prodmanu','Actmanu'>^beta_x<'Prodserv','Prodmanu','Actmanu'> = 0
 (95)  beta_l<'Prodmanu','Actserv'> * gamma<'Prodmanu','Actserv'> * p<'Prodmanu'> * (1 - t_prod<'Actserv'>) * K<'Prodmanu','Actserv'>^beta_k<'Prodmanu','Actserv'> * L<'Prodmanu','Actserv'>^(-1 + beta_l<'Prodmanu','Actserv'>) * X<'Prodprim','Prodmanu','Actserv'>^beta_x<'Prodprim','Prodmanu','Actserv'> * X<'Prodmanu','Prodmanu','Actserv'>^beta_x<'Prodmanu','Prodmanu','Actserv'> * X<'Prodserv','Prodmanu','Actserv'>^beta_x<'Prodserv','Prodmanu','Actserv'> = 0
 (96)  beta_l<'Prodserv','Actprim'> * gamma<'Prodserv','Actprim'> * p<'Prodserv'> * (1 - t_prod<'Actprim'>) * K<'Prodserv','Actprim'>^beta_k<'Prodserv','Actprim'> * L<'Prodserv','Actprim'>^(-1 + beta_l<'Prodserv','Actprim'>) * X<'Prodprim','Prodserv','Actprim'>^beta_x<'Prodprim','Prodserv','Actprim'> * X<'Prodmanu','Prodserv','Actprim'>^beta_x<'Prodmanu','Prodserv','Actprim'> * X<'Prodserv','Prodserv','Actprim'>^beta_x<'Prodserv','Prodserv','Actprim'> = 0
 (97)  beta_l<'Prodserv','Actmanu'> * gamma<'Prodserv','Actmanu'> * p<'Prodserv'> * (1 - t_prod<'Actmanu'>) * K<'Prodserv','Actmanu'>^beta_k<'Prodserv','Actmanu'> * L<'Prodserv','Actmanu'>^(-1 + beta_l<'Prodserv','Actmanu'>) * X<'Prodprim','Prodserv','Actmanu'>^beta_x<'Prodprim','Prodserv','Actmanu'> * X<'Prodmanu','Prodserv','Actmanu'>^beta_x<'Prodmanu','Prodserv','Actmanu'> * X<'Prodserv','Prodserv','Actmanu'>^beta_x<'Prodserv','Prodserv','Actmanu'> = 0
 (98)  beta_l<'Prodserv','Actserv'> * gamma<'Prodserv','Actserv'> * p<'Prodserv'> * (1 - t_prod<'Actserv'>) * K<'Prodserv','Actserv'>^beta_k<'Prodserv','Actserv'> * L<'Prodserv','Actserv'>^(-1 + beta_l<'Prodserv','Actserv'>) * X<'Prodprim','Prodserv','Actserv'>^beta_x<'Prodprim','Prodserv','Actserv'> * X<'Prodmanu','Prodserv','Actserv'>^beta_x<'Prodmanu','Prodserv','Actserv'> * X<'Prodserv','Prodserv','Actserv'>^beta_x<'Prodserv','Prodserv','Actserv'> = 0
 (99)  beta_x<'Prodprim','Prodprim','Actprim'> * gamma<'Prodprim','Actprim'> * p<'Prodprim'> * X<'Prodprim','Prodprim','Actprim'>^-1 * (1 - t_prod<'Actprim'>) * K<'Prodprim','Actprim'>^beta_k<'Prodprim','Actprim'> * L<'Prodprim','Actprim'>^beta_l<'Prodprim','Actprim'> * X<'Prodprim','Prodprim','Actprim'>^beta_x<'Prodprim','Prodprim','Actprim'> * X<'Prodmanu','Prodprim','Actprim'>^beta_x<'Prodmanu','Prodprim','Actprim'> * X<'Prodserv','Prodprim','Actprim'>^beta_x<'Prodserv','Prodprim','Actprim'> = 0
 (100)  beta_x<'Prodprim','Prodprim','Actmanu'> * gamma<'Prodprim','Actmanu'> * p<'Prodprim'> * X<'Prodprim','Prodprim','Actmanu'>^-1 * (1 - t_prod<'Actmanu'>) * K<'Prodprim','Actmanu'>^beta_k<'Prodprim','Actmanu'> * L<'Prodprim','Actmanu'>^beta_l<'Prodprim','Actmanu'> * X<'Prodprim','Prodprim','Actmanu'>^beta_x<'Prodprim','Prodprim','Actmanu'> * X<'Prodmanu','Prodprim','Actmanu'>^beta_x<'Prodmanu','Prodprim','Actmanu'> * X<'Prodserv','Prodprim','Actmanu'>^beta_x<'Prodserv','Prodprim','Actmanu'> = 0
 (101)  beta_x<'Prodprim','Prodprim','Actserv'> * gamma<'Prodprim','Actserv'> * p<'Prodprim'> * X<'Prodprim','Prodprim','Actserv'>^-1 * (1 - t_prod<'Actserv'>) * K<'Prodprim','Actserv'>^beta_k<'Prodprim','Actserv'> * L<'Prodprim','Actserv'>^beta_l<'Prodprim','Actserv'> * X<'Prodprim','Prodprim','Actserv'>^beta_x<'Prodprim','Prodprim','Actserv'> * X<'Prodmanu','Prodprim','Actserv'>^beta_x<'Prodmanu','Prodprim','Actserv'> * X<'Prodserv','Prodprim','Actserv'>^beta_x<'Prodserv','Prodprim','Actserv'> = 0
 (102)  beta_x<'Prodprim','Prodmanu','Actprim'> * gamma<'Prodmanu','Actprim'> * p<'Prodmanu'> * X<'Prodprim','Prodmanu','Actprim'>^-1 * (1 - t_prod<'Actprim'>) * K<'Prodmanu','Actprim'>^beta_k<'Prodmanu','Actprim'> * L<'Prodmanu','Actprim'>^beta_l<'Prodmanu','Actprim'> * X<'Prodprim','Prodmanu','Actprim'>^beta_x<'Prodprim','Prodmanu','Actprim'> * X<'Prodmanu','Prodmanu','Actprim'>^beta_x<'Prodmanu','Prodmanu','Actprim'> * X<'Prodserv','Prodmanu','Actprim'>^beta_x<'Prodserv','Prodmanu','Actprim'> = 0
 (103)  beta_x<'Prodprim','Prodmanu','Actmanu'> * gamma<'Prodmanu','Actmanu'> * p<'Prodmanu'> * X<'Prodprim','Prodmanu','Actmanu'>^-1 * (1 - t_prod<'Actmanu'>) * K<'Prodmanu','Actmanu'>^beta_k<'Prodmanu','Actmanu'> * L<'Prodmanu','Actmanu'>^beta_l<'Prodmanu','Actmanu'> * X<'Prodprim','Prodmanu','Actmanu'>^beta_x<'Prodprim','Prodmanu','Actmanu'> * X<'Prodmanu','Prodmanu','Actmanu'>^beta_x<'Prodmanu','Prodmanu','Actmanu'> * X<'Prodserv','Prodmanu','Actmanu'>^beta_x<'Prodserv','Prodmanu','Actmanu'> = 0
 (104)  beta_x<'Prodprim','Prodmanu','Actserv'> * gamma<'Prodmanu','Actserv'> * p<'Prodmanu'> * X<'Prodprim','Prodmanu','Actserv'>^-1 * (1 - t_prod<'Actserv'>) * K<'Prodmanu','Actserv'>^beta_k<'Prodmanu','Actserv'> * L<'Prodmanu','Actserv'>^beta_l<'Prodmanu','Actserv'> * X<'Prodprim','Prodmanu','Actserv'>^beta_x<'Prodprim','Prodmanu','Actserv'> * X<'Prodmanu','Prodmanu','Actserv'>^beta_x<'Prodmanu','Prodmanu','Actserv'> * X<'Prodserv','Prodmanu','Actserv'>^beta_x<'Prodserv','Prodmanu','Actserv'> = 0
 (105)  beta_x<'Prodprim','Prodserv','Actprim'> * gamma<'Prodserv','Actprim'> * p<'Prodserv'> * X<'Prodprim','Prodserv','Actprim'>^-1 * (1 - t_prod<'Actprim'>) * K<'Prodserv','Actprim'>^beta_k<'Prodserv','Actprim'> * L<'Prodserv','Actprim'>^beta_l<'Prodserv','Actprim'> * X<'Prodprim','Prodserv','Actprim'>^beta_x<'Prodprim','Prodserv','Actprim'> * X<'Prodmanu','Prodserv','Actprim'>^beta_x<'Prodmanu','Prodserv','Actprim'> * X<'Prodserv','Prodserv','Actprim'>^beta_x<'Prodserv','Prodserv','Actprim'> = 0
 (106)  beta_x<'Prodprim','Prodserv','Actmanu'> * gamma<'Prodserv','Actmanu'> * p<'Prodserv'> * X<'Prodprim','Prodserv','Actmanu'>^-1 * (1 - t_prod<'Actmanu'>) * K<'Prodserv','Actmanu'>^beta_k<'Prodserv','Actmanu'> * L<'Prodserv','Actmanu'>^beta_l<'Prodserv','Actmanu'> * X<'Prodprim','Prodserv','Actmanu'>^beta_x<'Prodprim','Prodserv','Actmanu'> * X<'Prodmanu','Prodserv','Actmanu'>^beta_x<'Prodmanu','Prodserv','Actmanu'> * X<'Prodserv','Prodserv','Actmanu'>^beta_x<'Prodserv','Prodserv','Actmanu'> = 0
 (107)  beta_x<'Prodprim','Prodserv','Actserv'> * gamma<'Prodserv','Actserv'> * p<'Prodserv'> * X<'Prodprim','Prodserv','Actserv'>^-1 * (1 - t_prod<'Actserv'>) * K<'Prodserv','Actserv'>^beta_k<'Prodserv','Actserv'> * L<'Prodserv','Actserv'>^beta_l<'Prodserv','Actserv'> * X<'Prodprim','Prodserv','Actserv'>^beta_x<'Prodprim','Prodserv','Actserv'> * X<'Prodmanu','Prodserv','Actserv'>^beta_x<'Prodmanu','Prodserv','Actserv'> * X<'Prodserv','Prodserv','Actserv'>^beta_x<'Prodserv','Prodserv','Actserv'> = 0
 (108)  beta_x<'Prodmanu','Prodprim','Actprim'> * gamma<'Prodprim','Actprim'> * p<'Prodprim'> * X<'Prodmanu','Prodprim','Actprim'>^-1 * (1 - t_prod<'Actprim'>) * K<'Prodprim','Actprim'>^beta_k<'Prodprim','Actprim'> * L<'Prodprim','Actprim'>^beta_l<'Prodprim','Actprim'> * X<'Prodprim','Prodprim','Actprim'>^beta_x<'Prodprim','Prodprim','Actprim'> * X<'Prodmanu','Prodprim','Actprim'>^beta_x<'Prodmanu','Prodprim','Actprim'> * X<'Prodserv','Prodprim','Actprim'>^beta_x<'Prodserv','Prodprim','Actprim'> = 0
 (109)  beta_x<'Prodmanu','Prodprim','Actmanu'> * gamma<'Prodprim','Actmanu'> * p<'Prodprim'> * X<'Prodmanu','Prodprim','Actmanu'>^-1 * (1 - t_prod<'Actmanu'>) * K<'Prodprim','Actmanu'>^beta_k<'Prodprim','Actmanu'> * L<'Prodprim','Actmanu'>^beta_l<'Prodprim','Actmanu'> * X<'Prodprim','Prodprim','Actmanu'>^beta_x<'Prodprim','Prodprim','Actmanu'> * X<'Prodmanu','Prodprim','Actmanu'>^beta_x<'Prodmanu','Prodprim','Actmanu'> * X<'Prodserv','Prodprim','Actmanu'>^beta_x<'Prodserv','Prodprim','Actmanu'> = 0
 (110)  beta_x<'Prodmanu','Prodprim','Actserv'> * gamma<'Prodprim','Actserv'> * p<'Prodprim'> * X<'Prodmanu','Prodprim','Actserv'>^-1 * (1 - t_prod<'Actserv'>) * K<'Prodprim','Actserv'>^beta_k<'Prodprim','Actserv'> * L<'Prodprim','Actserv'>^beta_l<'Prodprim','Actserv'> * X<'Prodprim','Prodprim','Actserv'>^beta_x<'Prodprim','Prodprim','Actserv'> * X<'Prodmanu','Prodprim','Actserv'>^beta_x<'Prodmanu','Prodprim','Actserv'> * X<'Prodserv','Prodprim','Actserv'>^beta_x<'Prodserv','Prodprim','Actserv'> = 0
 (111)  beta_x<'Prodmanu','Prodmanu','Actprim'> * gamma<'Prodmanu','Actprim'> * p<'Prodmanu'> * X<'Prodmanu','Prodmanu','Actprim'>^-1 * (1 - t_prod<'Actprim'>) * K<'Prodmanu','Actprim'>^beta_k<'Prodmanu','Actprim'> * L<'Prodmanu','Actprim'>^beta_l<'Prodmanu','Actprim'> * X<'Prodprim','Prodmanu','Actprim'>^beta_x<'Prodprim','Prodmanu','Actprim'> * X<'Prodmanu','Prodmanu','Actprim'>^beta_x<'Prodmanu','Prodmanu','Actprim'> * X<'Prodserv','Prodmanu','Actprim'>^beta_x<'Prodserv','Prodmanu','Actprim'> = 0
 (112)  beta_x<'Prodmanu','Prodmanu','Actmanu'> * gamma<'Prodmanu','Actmanu'> * p<'Prodmanu'> * X<'Prodmanu','Prodmanu','Actmanu'>^-1 * (1 - t_prod<'Actmanu'>) * K<'Prodmanu','Actmanu'>^beta_k<'Prodmanu','Actmanu'> * L<'Prodmanu','Actmanu'>^beta_l<'Prodmanu','Actmanu'> * X<'Prodprim','Prodmanu','Actmanu'>^beta_x<'Prodprim','Prodmanu','Actmanu'> * X<'Prodmanu','Prodmanu','Actmanu'>^beta_x<'Prodmanu','Prodmanu','Actmanu'> * X<'Prodserv','Prodmanu','Actmanu'>^beta_x<'Prodserv','Prodmanu','Actmanu'> = 0
 (113)  beta_x<'Prodmanu','Prodmanu','Actserv'> * gamma<'Prodmanu','Actserv'> * p<'Prodmanu'> * X<'Prodmanu','Prodmanu','Actserv'>^-1 * (1 - t_prod<'Actserv'>) * K<'Prodmanu','Actserv'>^beta_k<'Prodmanu','Actserv'> * L<'Prodmanu','Actserv'>^beta_l<'Prodmanu','Actserv'> * X<'Prodprim','Prodmanu','Actserv'>^beta_x<'Prodprim','Prodmanu','Actserv'> * X<'Prodmanu','Prodmanu','Actserv'>^beta_x<'Prodmanu','Prodmanu','Actserv'> * X<'Prodserv','Prodmanu','Actserv'>^beta_x<'Prodserv','Prodmanu','Actserv'> = 0
 (114)  beta_x<'Prodmanu','Prodserv','Actprim'> * gamma<'Prodserv','Actprim'> * p<'Prodserv'> * X<'Prodmanu','Prodserv','Actprim'>^-1 * (1 - t_prod<'Actprim'>) * K<'Prodserv','Actprim'>^beta_k<'Prodserv','Actprim'> * L<'Prodserv','Actprim'>^beta_l<'Prodserv','Actprim'> * X<'Prodprim','Prodserv','Actprim'>^beta_x<'Prodprim','Prodserv','Actprim'> * X<'Prodmanu','Prodserv','Actprim'>^beta_x<'Prodmanu','Prodserv','Actprim'> * X<'Prodserv','Prodserv','Actprim'>^beta_x<'Prodserv','Prodserv','Actprim'> = 0
 (115)  beta_x<'Prodmanu','Prodserv','Actmanu'> * gamma<'Prodserv','Actmanu'> * p<'Prodserv'> * X<'Prodmanu','Prodserv','Actmanu'>^-1 * (1 - t_prod<'Actmanu'>) * K<'Prodserv','Actmanu'>^beta_k<'Prodserv','Actmanu'> * L<'Prodserv','Actmanu'>^beta_l<'Prodserv','Actmanu'> * X<'Prodprim','Prodserv','Actmanu'>^beta_x<'Prodprim','Prodserv','Actmanu'> * X<'Prodmanu','Prodserv','Actmanu'>^beta_x<'Prodmanu','Prodserv','Actmanu'> * X<'Prodserv','Prodserv','Actmanu'>^beta_x<'Prodserv','Prodserv','Actmanu'> = 0
 (116)  beta_x<'Prodmanu','Prodserv','Actserv'> * gamma<'Prodserv','Actserv'> * p<'Prodserv'> * X<'Prodmanu','Prodserv','Actserv'>^-1 * (1 - t_prod<'Actserv'>) * K<'Prodserv','Actserv'>^beta_k<'Prodserv','Actserv'> * L<'Prodserv','Actserv'>^beta_l<'Prodserv','Actserv'> * X<'Prodprim','Prodserv','Actserv'>^beta_x<'Prodprim','Prodserv','Actserv'> * X<'Prodmanu','Prodserv','Actserv'>^beta_x<'Prodmanu','Prodserv','Actserv'> * X<'Prodserv','Prodserv','Actserv'>^beta_x<'Prodserv','Prodserv','Actserv'> = 0
 (117)  beta_x<'Prodserv','Prodprim','Actprim'> * gamma<'Prodprim','Actprim'> * p<'Prodprim'> * X<'Prodserv','Prodprim','Actprim'>^-1 * (1 - t_prod<'Actprim'>) * K<'Prodprim','Actprim'>^beta_k<'Prodprim','Actprim'> * L<'Prodprim','Actprim'>^beta_l<'Prodprim','Actprim'> * X<'Prodprim','Prodprim','Actprim'>^beta_x<'Prodprim','Prodprim','Actprim'> * X<'Prodmanu','Prodprim','Actprim'>^beta_x<'Prodmanu','Prodprim','Actprim'> * X<'Prodserv','Prodprim','Actprim'>^beta_x<'Prodserv','Prodprim','Actprim'> = 0
 (118)  beta_x<'Prodserv','Prodprim','Actmanu'> * gamma<'Prodprim','Actmanu'> * p<'Prodprim'> * X<'Prodserv','Prodprim','Actmanu'>^-1 * (1 - t_prod<'Actmanu'>) * K<'Prodprim','Actmanu'>^beta_k<'Prodprim','Actmanu'> * L<'Prodprim','Actmanu'>^beta_l<'Prodprim','Actmanu'> * X<'Prodprim','Prodprim','Actmanu'>^beta_x<'Prodprim','Prodprim','Actmanu'> * X<'Prodmanu','Prodprim','Actmanu'>^beta_x<'Prodmanu','Prodprim','Actmanu'> * X<'Prodserv','Prodprim','Actmanu'>^beta_x<'Prodserv','Prodprim','Actmanu'> = 0
 (119)  beta_x<'Prodserv','Prodprim','Actserv'> * gamma<'Prodprim','Actserv'> * p<'Prodprim'> * X<'Prodserv','Prodprim','Actserv'>^-1 * (1 - t_prod<'Actserv'>) * K<'Prodprim','Actserv'>^beta_k<'Prodprim','Actserv'> * L<'Prodprim','Actserv'>^beta_l<'Prodprim','Actserv'> * X<'Prodprim','Prodprim','Actserv'>^beta_x<'Prodprim','Prodprim','Actserv'> * X<'Prodmanu','Prodprim','Actserv'>^beta_x<'Prodmanu','Prodprim','Actserv'> * X<'Prodserv','Prodprim','Actserv'>^beta_x<'Prodserv','Prodprim','Actserv'> = 0
 (120)  beta_x<'Prodserv','Prodmanu','Actprim'> * gamma<'Prodmanu','Actprim'> * p<'Prodmanu'> * X<'Prodserv','Prodmanu','Actprim'>^-1 * (1 - t_prod<'Actprim'>) * K<'Prodmanu','Actprim'>^beta_k<'Prodmanu','Actprim'> * L<'Prodmanu','Actprim'>^beta_l<'Prodmanu','Actprim'> * X<'Prodprim','Prodmanu','Actprim'>^beta_x<'Prodprim','Prodmanu','Actprim'> * X<'Prodmanu','Prodmanu','Actprim'>^beta_x<'Prodmanu','Prodmanu','Actprim'> * X<'Prodserv','Prodmanu','Actprim'>^beta_x<'Prodserv','Prodmanu','Actprim'> = 0
 (121)  beta_x<'Prodserv','Prodmanu','Actmanu'> * gamma<'Prodmanu','Actmanu'> * p<'Prodmanu'> * X<'Prodserv','Prodmanu','Actmanu'>^-1 * (1 - t_prod<'Actmanu'>) * K<'Prodmanu','Actmanu'>^beta_k<'Prodmanu','Actmanu'> * L<'Prodmanu','Actmanu'>^beta_l<'Prodmanu','Actmanu'> * X<'Prodprim','Prodmanu','Actmanu'>^beta_x<'Prodprim','Prodmanu','Actmanu'> * X<'Prodmanu','Prodmanu','Actmanu'>^beta_x<'Prodmanu','Prodmanu','Actmanu'> * X<'Prodserv','Prodmanu','Actmanu'>^beta_x<'Prodserv','Prodmanu','Actmanu'> = 0
 (122)  beta_x<'Prodserv','Prodmanu','Actserv'> * gamma<'Prodmanu','Actserv'> * p<'Prodmanu'> * X<'Prodserv','Prodmanu','Actserv'>^-1 * (1 - t_prod<'Actserv'>) * K<'Prodmanu','Actserv'>^beta_k<'Prodmanu','Actserv'> * L<'Prodmanu','Actserv'>^beta_l<'Prodmanu','Actserv'> * X<'Prodprim','Prodmanu','Actserv'>^beta_x<'Prodprim','Prodmanu','Actserv'> * X<'Prodmanu','Prodmanu','Actserv'>^beta_x<'Prodmanu','Prodmanu','Actserv'> * X<'Prodserv','Prodmanu','Actserv'>^beta_x<'Prodserv','Prodmanu','Actserv'> = 0
 (123)  beta_x<'Prodserv','Prodserv','Actprim'> * gamma<'Prodserv','Actprim'> * p<'Prodserv'> * X<'Prodserv','Prodserv','Actprim'>^-1 * (1 - t_prod<'Actprim'>) * K<'Prodserv','Actprim'>^beta_k<'Prodserv','Actprim'> * L<'Prodserv','Actprim'>^beta_l<'Prodserv','Actprim'> * X<'Prodprim','Prodserv','Actprim'>^beta_x<'Prodprim','Prodserv','Actprim'> * X<'Prodmanu','Prodserv','Actprim'>^beta_x<'Prodmanu','Prodserv','Actprim'> * X<'Prodserv','Prodserv','Actprim'>^beta_x<'Prodserv','Prodserv','Actprim'> = 0
 (124)  beta_x<'Prodserv','Prodserv','Actmanu'> * gamma<'Prodserv','Actmanu'> * p<'Prodserv'> * X<'Prodserv','Prodserv','Actmanu'>^-1 * (1 - t_prod<'Actmanu'>) * K<'Prodserv','Actmanu'>^beta_k<'Prodserv','Actmanu'> * L<'Prodserv','Actmanu'>^beta_l<'Prodserv','Actmanu'> * X<'Prodprim','Prodserv','Actmanu'>^beta_x<'Prodprim','Prodserv','Actmanu'> * X<'Prodmanu','Prodserv','Actmanu'>^beta_x<'Prodmanu','Prodserv','Actmanu'> * X<'Prodserv','Prodserv','Actmanu'>^beta_x<'Prodserv','Prodserv','Actmanu'> = 0
 (125)  beta_x<'Prodserv','Prodserv','Actserv'> * gamma<'Prodserv','Actserv'> * p<'Prodserv'> * X<'Prodserv','Prodserv','Actserv'>^-1 * (1 - t_prod<'Actserv'>) * K<'Prodserv','Actserv'>^beta_k<'Prodserv','Actserv'> * L<'Prodserv','Actserv'>^beta_l<'Prodserv','Actserv'> * X<'Prodprim','Prodserv','Actserv'>^beta_x<'Prodprim','Prodserv','Actserv'> * X<'Prodmanu','Prodserv','Actserv'>^beta_x<'Prodmanu','Prodserv','Actserv'> * X<'Prodserv','Prodserv','Actserv'>^beta_x<'Prodserv','Prodserv','Actserv'> = 0

Calibrating equations (57):
 (1)  -data_prod_s<'Actprim','Prodprim'> + Y<'Prodprim','Actprim'> = 0
 (2)  -data_prod_s<'Actprim','Prodmanu'> + Y<'Prodmanu','Actprim'> = 0
 (3)  -data_prod_s<'Actprim','Prodserv'> + Y<'Prodserv','Actprim'> = 0
 (4)  -data_prod_s<'Actmanu','Prodprim'> + Y<'Prodprim','Actmanu'> = 0
 (5)  -data_prod_s<'Actmanu','Prodmanu'> + Y<'Prodmanu','Actmanu'> = 0
 (6)  -data_prod_s<'Actmanu','Prodserv'> + Y<'Prodserv','Actmanu'> = 0
 (7)  -data_prod_s<'Actserv','Prodprim'> + Y<'Prodprim','Actserv'> = 0
 (8)  -data_prod_s<'Actserv','Prodmanu'> + Y<'Prodmanu','Actserv'> = 0
 (9)  -data_prod_s<'Actserv','Prodserv'> + Y<'Prodserv','Actserv'> = 0
 (10)  D<'Prodmanu'> - d_data<'Prodmanu'> * (1 + vat<'Prodmanu'>)^-1 = 0
 (11)  D<'Prodserv'> - d_data<'Prodserv'> * (1 + vat<'Prodserv'>)^-1 = 0
 (12)  L<'Prodprim','Actprim'> - data_prod_s<'Actprim','Prodprim'> * l_data<'Actprim'> * (data_prod_s<'Actprim','Prodprim'> + data_prod_s<'Actprim','Prodmanu'> + data_prod_s<'Actprim','Prodserv'>)^-1 = 0
 (13)  L<'Prodprim','Actmanu'> - data_prod_s<'Actmanu','Prodprim'> * l_data<'Actmanu'> * (data_prod_s<'Actmanu','Prodprim'> + data_prod_s<'Actmanu','Prodmanu'> + data_prod_s<'Actmanu','Prodserv'>)^-1 = 0
 (14)  L<'Prodprim','Actserv'> - data_prod_s<'Actserv','Prodprim'> * l_data<'Actserv'> * (data_prod_s<'Actserv','Prodprim'> + data_prod_s<'Actserv','Prodmanu'> + data_prod_s<'Actserv','Prodserv'>)^-1 = 0
 (15)  L<'Prodmanu','Actprim'> - data_prod_s<'Actprim','Prodmanu'> * l_data<'Actprim'> * (data_prod_s<'Actprim','Prodprim'> + data_prod_s<'Actprim','Prodmanu'> + data_prod_s<'Actprim','Prodserv'>)^-1 = 0
 (16)  L<'Prodmanu','Actmanu'> - data_prod_s<'Actmanu','Prodmanu'> * l_data<'Actmanu'> * (data_prod_s<'Actmanu','Prodprim'> + data_prod_s<'Actmanu','Prodmanu'> + data_prod_s<'Actmanu','Prodserv'>)^-1 = 0
 (17)  L<'Prodmanu','Actserv'> - data_prod_s<'Actserv','Prodmanu'> * l_data<'Actserv'> * (data_prod_s<'Actserv','Prodprim'> + data_prod_s<'Actserv','Prodmanu'> + data_prod_s<'Actserv','Prodserv'>)^-1 = 0
 (18)  L<'Prodserv','Actprim'> - data_prod_s<'Actprim','Prodserv'> * l_data<'Actprim'> * (data_prod_s<'Actprim','Prodprim'> + data_prod_s<'Actprim','Prodmanu'> + data_prod_s<'Actprim','Prodserv'>)^-1 = 0
 (19)  L<'Prodserv','Actmanu'> - data_prod_s<'Actmanu','Prodserv'> * l_data<'Actmanu'> * (data_prod_s<'Actmanu','Prodprim'> + data_prod_s<'Actmanu','Prodmanu'> + data_prod_s<'Actmanu','Prodserv'>)^-1 = 0
 (20)  L<'Prodserv','Actserv'> - data_prod_s<'Actserv','Prodserv'> * l_data<'Actserv'> * (data_prod_s<'Actserv','Prodprim'> + data_prod_s<'Actserv','Prodmanu'> + data_prod_s<'Actserv','Prodserv'>)^-1 = 0
 (21)  X<'Prodprim','Prodprim','Actprim'> - data_prod_s<'Actprim','Prodprim'> * x_data<'Prodprim','Actprim'> * (data_prod_s<'Actprim','Prodprim'> + data_prod_s<'Actprim','Prodmanu'> + data_prod_s<'Actprim','Prodserv'>)^-1 = 0
 (22)  X<'Prodprim','Prodprim','Actmanu'> - data_prod_s<'Actmanu','Prodprim'> * x_data<'Prodprim','Actmanu'> * (data_prod_s<'Actmanu','Prodprim'> + data_prod_s<'Actmanu','Prodmanu'> + data_prod_s<'Actmanu','Prodserv'>)^-1 = 0
 (23)  X<'Prodprim','Prodprim','Actserv'> - data_prod_s<'Actserv','Prodprim'> * x_data<'Prodprim','Actserv'> * (data_prod_s<'Actserv','Prodprim'> + data_prod_s<'Actserv','Prodmanu'> + data_prod_s<'Actserv','Prodserv'>)^-1 = 0
 (24)  X<'Prodprim','Prodmanu','Actprim'> - data_prod_s<'Actprim','Prodmanu'> * x_data<'Prodprim','Actprim'> * (data_prod_s<'Actprim','Prodprim'> + data_prod_s<'Actprim','Prodmanu'> + data_prod_s<'Actprim','Prodserv'>)^-1 = 0
 (25)  X<'Prodprim','Prodmanu','Actmanu'> - data_prod_s<'Actmanu','Prodmanu'> * x_data<'Prodprim','Actmanu'> * (data_prod_s<'Actmanu','Prodprim'> + data_prod_s<'Actmanu','Prodmanu'> + data_prod_s<'Actmanu','Prodserv'>)^-1 = 0
 (26)  X<'Prodprim','Prodmanu','Actserv'> - data_prod_s<'Actserv','Prodmanu'> * x_data<'Prodprim','Actserv'> * (data_prod_s<'Actserv','Prodprim'> + data_prod_s<'Actserv','Prodmanu'> + data_prod_s<'Actserv','Prodserv'>)^-1 = 0
 (27)  X<'Prodprim','Prodserv','Actprim'> - data_prod_s<'Actprim','Prodserv'> * x_data<'Prodprim','Actprim'> * (data_prod_s<'Actprim','Prodprim'> + data_prod_s<'Actprim','Prodmanu'> + data_prod_s<'Actprim','Prodserv'>)^-1 = 0
 (28)  X<'Prodprim','Prodserv','Actmanu'> - data_prod_s<'Actmanu','Prodserv'> * x_data<'Prodprim','Actmanu'> * (data_prod_s<'Actmanu','Prodprim'> + data_prod_s<'Actmanu','Prodmanu'> + data_prod_s<'Actmanu','Prodserv'>)^-1 = 0
 (29)  X<'Prodprim','Prodserv','Actserv'> - data_prod_s<'Actserv','Prodserv'> * x_data<'Prodprim','Actserv'> * (data_prod_s<'Actserv','Prodprim'> + data_prod_s<'Actserv','Prodmanu'> + data_prod_s<'Actserv','Prodserv'>)^-1 = 0
 (30)  X<'Prodmanu','Prodprim','Actprim'> - data_prod_s<'Actprim','Prodprim'> * x_data<'Prodmanu','Actprim'> * (data_prod_s<'Actprim','Prodprim'> + data_prod_s<'Actprim','Prodmanu'> + data_prod_s<'Actprim','Prodserv'>)^-1 = 0
 (31)  X<'Prodmanu','Prodprim','Actmanu'> - data_prod_s<'Actmanu','Prodprim'> * x_data<'Prodmanu','Actmanu'> * (data_prod_s<'Actmanu','Prodprim'> + data_prod_s<'Actmanu','Prodmanu'> + data_prod_s<'Actmanu','Prodserv'>)^-1 = 0
 (32)  X<'Prodmanu','Prodprim','Actserv'> - data_prod_s<'Actserv','Prodprim'> * x_data<'Prodmanu','Actserv'> * (data_prod_s<'Actserv','Prodprim'> + data_prod_s<'Actserv','Prodmanu'> + data_prod_s<'Actserv','Prodserv'>)^-1 = 0
 (33)  X<'Prodmanu','Prodmanu','Actprim'> - data_prod_s<'Actprim','Prodmanu'> * x_data<'Prodmanu','Actprim'> * (data_prod_s<'Actprim','Prodprim'> + data_prod_s<'Actprim','Prodmanu'> + data_prod_s<'Actprim','Prodserv'>)^-1 = 0
 (34)  X<'Prodmanu','Prodmanu','Actmanu'> - data_prod_s<'Actmanu','Prodmanu'> * x_data<'Prodmanu','Actmanu'> * (data_prod_s<'Actmanu','Prodprim'> + data_prod_s<'Actmanu','Prodmanu'> + data_prod_s<'Actmanu','Prodserv'>)^-1 = 0
 (35)  X<'Prodmanu','Prodmanu','Actserv'> - data_prod_s<'Actserv','Prodmanu'> * x_data<'Prodmanu','Actserv'> * (data_prod_s<'Actserv','Prodprim'> + data_prod_s<'Actserv','Prodmanu'> + data_prod_s<'Actserv','Prodserv'>)^-1 = 0
 (36)  X<'Prodmanu','Prodserv','Actprim'> - data_prod_s<'Actprim','Prodserv'> * x_data<'Prodmanu','Actprim'> * (data_prod_s<'Actprim','Prodprim'> + data_prod_s<'Actprim','Prodmanu'> + data_prod_s<'Actprim','Prodserv'>)^-1 = 0
 (37)  X<'Prodmanu','Prodserv','Actmanu'> - data_prod_s<'Actmanu','Prodserv'> * x_data<'Prodmanu','Actmanu'> * (data_prod_s<'Actmanu','Prodprim'> + data_prod_s<'Actmanu','Prodmanu'> + data_prod_s<'Actmanu','Prodserv'>)^-1 = 0
 (38)  X<'Prodmanu','Prodserv','Actserv'> - data_prod_s<'Actserv','Prodserv'> * x_data<'Prodmanu','Actserv'> * (data_prod_s<'Actserv','Prodprim'> + data_prod_s<'Actserv','Prodmanu'> + data_prod_s<'Actserv','Prodserv'>)^-1 = 0
 (39)  X<'Prodserv','Prodprim','Actprim'> - data_prod_s<'Actprim','Prodprim'> * x_data<'Prodserv','Actprim'> * (data_prod_s<'Actprim','Prodprim'> + data_prod_s<'Actprim','Prodmanu'> + data_prod_s<'Actprim','Prodserv'>)^-1 = 0
 (40)  X<'Prodserv','Prodprim','Actmanu'> - data_prod_s<'Actmanu','Prodprim'> * x_data<'Prodserv','Actmanu'> * (data_prod_s<'Actmanu','Prodprim'> + data_prod_s<'Actmanu','Prodmanu'> + data_prod_s<'Actmanu','Prodserv'>)^-1 = 0
 (41)  X<'Prodserv','Prodprim','Actserv'> - data_prod_s<'Actserv','Prodprim'> * x_data<'Prodserv','Actserv'> * (data_prod_s<'Actserv','Prodprim'> + data_prod_s<'Actserv','Prodmanu'> + data_prod_s<'Actserv','Prodserv'>)^-1 = 0
 (42)  X<'Prodserv','Prodmanu','Actprim'> - data_prod_s<'Actprim','Prodmanu'> * x_data<'Prodserv','Actprim'> * (data_prod_s<'Actprim','Prodprim'> + data_prod_s<'Actprim','Prodmanu'> + data_prod_s<'Actprim','Prodserv'>)^-1 = 0
 (43)  X<'Prodserv','Prodmanu','Actmanu'> - data_prod_s<'Actmanu','Prodmanu'> * x_data<'Prodserv','Actmanu'> * (data_prod_s<'Actmanu','Prodprim'> + data_prod_s<'Actmanu','Prodmanu'> + data_prod_s<'Actmanu','Prodserv'>)^-1 = 0
 (44)  X<'Prodserv','Prodmanu','Actserv'> - data_prod_s<'Actserv','Prodmanu'> * x_data<'Prodserv','Actserv'> * (data_prod_s<'Actserv','Prodprim'> + data_prod_s<'Actserv','Prodmanu'> + data_prod_s<'Actserv','Prodserv'>)^-1 = 0
 (45)  X<'Prodserv','Prodserv','Actprim'> - data_prod_s<'Actprim','Prodserv'> * x_data<'Prodserv','Actprim'> * (data_prod_s<'Actprim','Prodprim'> + data_prod_s<'Actprim','Prodmanu'> + data_prod_s<'Actprim','Prodserv'>)^-1 = 0
 (46)  X<'Prodserv','Prodserv','Actmanu'> - data_prod_s<'Actmanu','Prodserv'> * x_data<'Prodserv','Actmanu'> * (data_prod_s<'Actmanu','Prodprim'> + data_prod_s<'Actmanu','Prodmanu'> + data_prod_s<'Actmanu','Prodserv'>)^-1 = 0
 (47)  X<'Prodserv','Prodserv','Actserv'> - data_prod_s<'Actserv','Prodserv'> * x_data<'Prodserv','Actserv'> * (data_prod_s<'Actserv','Prodprim'> + data_prod_s<'Actserv','Prodmanu'> + data_prod_s<'Actserv','Prodserv'>)^-1 = 0
 (48)  -1 + beta_k<'Prodprim','Actprim'> + beta_l<'Prodprim','Actprim'> = 0
 (49)  -1 + beta_k<'Prodprim','Actmanu'> + beta_l<'Prodprim','Actmanu'> = 0
 (50)  -1 + beta_k<'Prodprim','Actserv'> + beta_l<'Prodprim','Actserv'> = 0
 (51)  -1 + beta_k<'Prodmanu','Actprim'> + beta_l<'Prodmanu','Actprim'> = 0
 (52)  -1 + beta_k<'Prodmanu','Actmanu'> + beta_l<'Prodmanu','Actmanu'> = 0
 (53)  -1 + beta_k<'Prodmanu','Actserv'> + beta_l<'Prodmanu','Actserv'> = 0
 (54)  -1 + beta_k<'Prodserv','Actprim'> + beta_l<'Prodserv','Actprim'> = 0
 (55)  -1 + beta_k<'Prodserv','Actmanu'> + beta_l<'Prodserv','Actmanu'> = 0
 (56)  -1 + beta_k<'Prodserv','Actserv'> + beta_l<'Prodserv','Actserv'> = 0
 (57)  -1 + alpha<'Prodprim'>^omega + alpha<'Prodmanu'>^omega + alpha<'Prodserv'>^omega = 0

